[35m[1mConsolidate compiler generated dependencies of target teleop_node[0m
[35m[1mConsolidate compiler generated dependencies of target motor_node[0m
[ 50%] Built target teleop_node
[100%] Built target motor_node
-- Install configuration: ""
-- Execute custom install script
-- Up-to-date symlink: /home/jaegyun/slam_ws/install/pwm_control/lib/pwm_control/motor_node
-- Up-to-date symlink: /home/jaegyun/slam_ws/install/pwm_control/lib/pwm_control/teleop_node
-- Up-to-date symlink: /home/jaegyun/slam_ws/install/pwm_control/share/pwm_control//config/motor_parameters.txt
-- Up-to-date symlink: /home/jaegyun/slam_ws/install/pwm_control/share/ament_index/resource_index/package_run_dependencies/pwm_control
-- Up-to-date symlink: /home/jaegyun/slam_ws/install/pwm_control/share/ament_index/resource_index/parent_prefix_path/pwm_control
-- Up-to-date symlink: /home/jaegyun/slam_ws/install/pwm_control/share/pwm_control/environment/ament_prefix_path.sh
-- Up-to-date symlink: /home/jaegyun/slam_ws/install/pwm_control/share/pwm_control/environment/ament_prefix_path.dsv
-- Up-to-date symlink: /home/jaegyun/slam_ws/install/pwm_control/share/pwm_control/environment/path.sh
-- Up-to-date symlink: /home/jaegyun/slam_ws/install/pwm_control/share/pwm_control/environment/path.dsv
-- Up-to-date symlink: /home/jaegyun/slam_ws/install/pwm_control/share/pwm_control/local_setup.bash
-- Up-to-date symlink: /home/jaegyun/slam_ws/install/pwm_control/share/pwm_control/local_setup.sh
-- Up-to-date symlink: /home/jaegyun/slam_ws/install/pwm_control/share/pwm_control/local_setup.zsh
-- Up-to-date symlink: /home/jaegyun/slam_ws/install/pwm_control/share/pwm_control/local_setup.dsv
-- Symlinking: /home/jaegyun/slam_ws/install/pwm_control/share/pwm_control/package.dsv
-- Up-to-date symlink: /home/jaegyun/slam_ws/install/pwm_control/share/ament_index/resource_index/packages/pwm_control
-- Up-to-date symlink: /home/jaegyun/slam_ws/install/pwm_control/share/pwm_control/cmake/pwm_controlConfig.cmake
-- Up-to-date symlink: /home/jaegyun/slam_ws/install/pwm_control/share/pwm_control/cmake/pwm_controlConfig-version.cmake
-- Up-to-date symlink: /home/jaegyun/slam_ws/install/pwm_control/share/pwm_control/package.xml
