[0.016s] Invoking command in '/home/jaegyun/slam_ws/build/pwm_control': CMAKE_PREFIX_PATH=${CMAKE_PREFIX_PATH}:/home/jaegyun/turtlebot3_ws/install/turtlebot3_teleop:/home/jaegyun/turtlebot3_ws/install/turtlebot3_example:/opt/ros/humble /usr/bin/cmake --build /home/jaegyun/slam_ws/build/pwm_control -- -j24 -l24
[0.048s] [35m[1mConsolidate compiler generated dependencies of target teleop_node[0m
[0.048s] [35m[1mConsolidate compiler generated dependencies of target motor_node[0m
[0.060s] [ 50%] Built target teleop_node
[0.061s] [100%] Built target motor_node
[0.079s] Invoked command in '/home/jaegyun/slam_ws/build/pwm_control' returned '0': CMAKE_PREFIX_PATH=${CMAKE_PREFIX_PATH}:/home/jaegyun/turtlebot3_ws/install/turtlebot3_teleop:/home/jaegyun/turtlebot3_ws/install/turtlebot3_example:/opt/ros/humble /usr/bin/cmake --build /home/jaegyun/slam_ws/build/pwm_control -- -j24 -l24
[0.103s] Invoking command in '/home/jaegyun/slam_ws/build/pwm_control': CMAKE_PREFIX_PATH=${CMAKE_PREFIX_PATH}:/home/jaegyun/turtlebot3_ws/install/turtlebot3_teleop:/home/jaegyun/turtlebot3_ws/install/turtlebot3_example:/opt/ros/humble /usr/bin/cmake --install /home/jaegyun/slam_ws/build/pwm_control
[0.108s] -- Install configuration: ""
[0.109s] -- Execute custom install script
[0.109s] -- Up-to-date symlink: /home/jaegyun/slam_ws/install/pwm_control/lib/pwm_control/motor_node
[0.109s] -- Up-to-date symlink: /home/jaegyun/slam_ws/install/pwm_control/lib/pwm_control/teleop_node
[0.109s] -- Up-to-date symlink: /home/jaegyun/slam_ws/install/pwm_control/share/pwm_control//config/motor_parameters.txt
[0.110s] -- Up-to-date symlink: /home/jaegyun/slam_ws/install/pwm_control/share/ament_index/resource_index/package_run_dependencies/pwm_control
[0.110s] -- Up-to-date symlink: /home/jaegyun/slam_ws/install/pwm_control/share/ament_index/resource_index/parent_prefix_path/pwm_control
[0.110s] -- Up-to-date symlink: /home/jaegyun/slam_ws/install/pwm_control/share/pwm_control/environment/ament_prefix_path.sh
[0.110s] -- Up-to-date symlink: /home/jaegyun/slam_ws/install/pwm_control/share/pwm_control/environment/ament_prefix_path.dsv
[0.111s] -- Up-to-date symlink: /home/jaegyun/slam_ws/install/pwm_control/share/pwm_control/environment/path.sh
[0.112s] -- Up-to-date symlink: /home/jaegyun/slam_ws/install/pwm_control/share/pwm_control/environment/path.dsv
[0.112s] -- Up-to-date symlink: /home/jaegyun/slam_ws/install/pwm_control/share/pwm_control/local_setup.bash
[0.112s] -- Up-to-date symlink: /home/jaegyun/slam_ws/install/pwm_control/share/pwm_control/local_setup.sh
[0.112s] -- Up-to-date symlink: /home/jaegyun/slam_ws/install/pwm_control/share/pwm_control/local_setup.zsh
[0.112s] -- Up-to-date symlink: /home/jaegyun/slam_ws/install/pwm_control/share/pwm_control/local_setup.dsv
[0.112s] -- Symlinking: /home/jaegyun/slam_ws/install/pwm_control/share/pwm_control/package.dsv
[0.118s] -- Up-to-date symlink: /home/jaegyun/slam_ws/install/pwm_control/share/ament_index/resource_index/packages/pwm_control
[0.118s] -- Up-to-date symlink: /home/jaegyun/slam_ws/install/pwm_control/share/pwm_control/cmake/pwm_controlConfig.cmake
[0.118s] -- Up-to-date symlink: /home/jaegyun/slam_ws/install/pwm_control/share/pwm_control/cmake/pwm_controlConfig-version.cmake
[0.118s] -- Up-to-date symlink: /home/jaegyun/slam_ws/install/pwm_control/share/pwm_control/package.xml
[0.121s] Invoked command in '/home/jaegyun/slam_ws/build/pwm_control' returned '0': CMAKE_PREFIX_PATH=${CMAKE_PREFIX_PATH}:/home/jaegyun/turtlebot3_ws/install/turtlebot3_teleop:/home/jaegyun/turtlebot3_ws/install/turtlebot3_example:/opt/ros/humble /usr/bin/cmake --install /home/jaegyun/slam_ws/build/pwm_control
