[0.008s] Invoking command in '/home/jaegyun/slam_ws/build/simya_description': CMAKE_PREFIX_PATH=${CMAKE_PREFIX_PATH}:/home/jaegyun/turtlebot3_ws/install/turtlebot3_teleop:/home/jaegyun/turtlebot3_ws/install/turtlebot3_example:/opt/ros/humble /usr/bin/cmake /home/jaegyun/slam_ws/src/simya_description -DAMENT_CMAKE_SYMLINK_INSTALL=1 -DCMAKE_INSTALL_PREFIX=/home/jaegyun/slam_ws/install/simya_description
[0.041s] -- The C compiler identification is GNU 11.4.0
[0.074s] -- The CXX compiler identification is GNU 11.4.0
[0.078s] -- Detecting C compiler ABI info
[0.125s] -- Detecting C compiler ABI info - done
[0.129s] -- Check for working C compiler: /usr/bin/cc - skipped
[0.129s] -- Detecting C compile features
[0.129s] -- Detecting C compile features - done
[0.131s] -- Detecting CXX compiler ABI info
[0.183s] -- Detecting CXX compiler ABI info - done
[0.188s] -- Check for working CXX compiler: /usr/bin/c++ - skipped
[0.188s] -- Detecting CXX compile features
[0.188s] -- Detecting CXX compile features - done
[0.190s] -- Found ament_cmake: 1.3.10 (/opt/ros/humble/share/ament_cmake/cmake)
[0.277s] -- Found Python3: /usr/bin/python3 (found version "3.10.12") found components: Interpreter 
[0.310s] -- Override CMake install command with custom implementation using symlinks instead of copying resources
[0.343s] -- Found rclcpp: 16.0.10 (/opt/ros/humble/share/rclcpp/cmake)
[0.377s] -- Found rosidl_generator_c: 3.1.5 (/opt/ros/humble/share/rosidl_generator_c/cmake)
[0.381s] -- Found rosidl_adapter: 3.1.5 (/opt/ros/humble/share/rosidl_adapter/cmake)
[0.388s] -- Found rosidl_generator_cpp: 3.1.5 (/opt/ros/humble/share/rosidl_generator_cpp/cmake)
[0.396s] -- Using all available rosidl_typesupport_c: rosidl_typesupport_fastrtps_c;rosidl_typesupport_introspection_c
[0.408s] -- Using all available rosidl_typesupport_cpp: rosidl_typesupport_fastrtps_cpp;rosidl_typesupport_introspection_cpp
[0.440s] -- Found rmw_implementation_cmake: 6.1.2 (/opt/ros/humble/share/rmw_implementation_cmake/cmake)
[0.443s] -- Found rmw_fastrtps_cpp: 6.2.7 (/opt/ros/humble/share/rmw_fastrtps_cpp/cmake)
[0.511s] -- Found OpenSSL: /usr/lib/x86_64-linux-gnu/libcrypto.so (found version "3.0.2")  
[0.530s] -- Found FastRTPS: /opt/ros/humble/include  
[0.559s] -- Using RMW implementation 'rmw_fastrtps_cpp' as default
[0.566s] -- Looking for pthread.h
[0.614s] -- Looking for pthread.h - found
[0.615s] -- Performing Test CMAKE_HAVE_LIBC_PTHREAD
[0.664s] -- Performing Test CMAKE_HAVE_LIBC_PTHREAD - Success
[0.665s] -- Found Threads: TRUE  
[0.698s] -- Found rclpy: 3.3.14 (/opt/ros/humble/share/rclpy/cmake)
[0.700s] -- Found ament_lint_auto: 0.12.11 (/opt/ros/humble/share/ament_lint_auto/cmake)
[0.750s] -- Added test 'flake8' to check Python code syntax and style conventions
[0.751s] -- Added test 'lint_cmake' to check CMake code style
[0.751s] -- Added test 'pep257' to check Python code against some of the docstring style conventions in PEP 257
[0.752s] -- Added test 'xmllint' to check XML markup files
[0.753s] -- Configuring done
[0.756s] -- Generating done
[0.757s] -- Build files have been written to: /home/jaegyun/slam_ws/build/simya_description
[0.763s] Invoked command in '/home/jaegyun/slam_ws/build/simya_description' returned '0': CMAKE_PREFIX_PATH=${CMAKE_PREFIX_PATH}:/home/jaegyun/turtlebot3_ws/install/turtlebot3_teleop:/home/jaegyun/turtlebot3_ws/install/turtlebot3_example:/opt/ros/humble /usr/bin/cmake /home/jaegyun/slam_ws/src/simya_description -DAMENT_CMAKE_SYMLINK_INSTALL=1 -DCMAKE_INSTALL_PREFIX=/home/jaegyun/slam_ws/install/simya_description
[0.765s] Invoking command in '/home/jaegyun/slam_ws/build/simya_description': CMAKE_PREFIX_PATH=${CMAKE_PREFIX_PATH}:/home/jaegyun/turtlebot3_ws/install/turtlebot3_teleop:/home/jaegyun/turtlebot3_ws/install/turtlebot3_example:/opt/ros/humble /usr/bin/cmake --build /home/jaegyun/slam_ws/build/simya_description -- -j24 -l24
[0.796s] Invoked command in '/home/jaegyun/slam_ws/build/simya_description' returned '0': CMAKE_PREFIX_PATH=${CMAKE_PREFIX_PATH}:/home/jaegyun/turtlebot3_ws/install/turtlebot3_teleop:/home/jaegyun/turtlebot3_ws/install/turtlebot3_example:/opt/ros/humble /usr/bin/cmake --build /home/jaegyun/slam_ws/build/simya_description -- -j24 -l24
[0.818s] Invoking command in '/home/jaegyun/slam_ws/build/simya_description': CMAKE_PREFIX_PATH=${CMAKE_PREFIX_PATH}:/home/jaegyun/turtlebot3_ws/install/turtlebot3_teleop:/home/jaegyun/turtlebot3_ws/install/turtlebot3_example:/opt/ros/humble /usr/bin/cmake --install /home/jaegyun/slam_ws/build/simya_description
[0.824s] -- Install configuration: ""
[0.824s] -- Execute custom install script
[0.825s] -- Symlinking: /home/jaegyun/slam_ws/install/simya_description/share/simya_description/launch/robot.launch.py
[0.831s] -- Symlinking: /home/jaegyun/slam_ws/install/simya_description/share/simya_description/launch/robot_description_launch.py
[0.837s] -- Symlinking: /home/jaegyun/slam_ws/install/simya_description/share/simya_description/meshes/main_body.STL
[0.843s] -- Symlinking: /home/jaegyun/slam_ws/install/simya_description/share/simya_description/meshes/wheel_L.STL
[0.851s] -- Symlinking: /home/jaegyun/slam_ws/install/simya_description/share/simya_description/meshes/wheel_R.STL
[0.857s] -- Symlinking: /home/jaegyun/slam_ws/install/simya_description/share/simya_description/urdf/robot.urdf
[0.863s] -- Symlinking: /home/jaegyun/slam_ws/install/simya_description/share/ament_index/resource_index/package_run_dependencies/simya_description
[0.869s] -- Symlinking: /home/jaegyun/slam_ws/install/simya_description/share/ament_index/resource_index/parent_prefix_path/simya_description
[0.875s] -- Symlinking: /home/jaegyun/slam_ws/install/simya_description/share/simya_description/environment/ament_prefix_path.sh
[0.881s] -- Symlinking: /home/jaegyun/slam_ws/install/simya_description/share/simya_description/environment/ament_prefix_path.dsv
[0.886s] -- Symlinking: /home/jaegyun/slam_ws/install/simya_description/share/simya_description/environment/path.sh
[0.892s] -- Symlinking: /home/jaegyun/slam_ws/install/simya_description/share/simya_description/environment/path.dsv
[0.898s] -- Symlinking: /home/jaegyun/slam_ws/install/simya_description/share/simya_description/local_setup.bash
[0.905s] -- Symlinking: /home/jaegyun/slam_ws/install/simya_description/share/simya_description/local_setup.sh
[0.912s] -- Symlinking: /home/jaegyun/slam_ws/install/simya_description/share/simya_description/local_setup.zsh
[0.918s] -- Symlinking: /home/jaegyun/slam_ws/install/simya_description/share/simya_description/local_setup.dsv
[0.924s] -- Symlinking: /home/jaegyun/slam_ws/install/simya_description/share/simya_description/package.dsv
[0.930s] -- Symlinking: /home/jaegyun/slam_ws/install/simya_description/share/ament_index/resource_index/packages/simya_description
[0.937s] -- Symlinking: /home/jaegyun/slam_ws/install/simya_description/share/simya_description/cmake/simya_descriptionConfig.cmake
[0.944s] -- Symlinking: /home/jaegyun/slam_ws/install/simya_description/share/simya_description/cmake/simya_descriptionConfig-version.cmake
[0.951s] -- Symlinking: /home/jaegyun/slam_ws/install/simya_description/share/simya_description/package.xml
[0.960s] Invoked command in '/home/jaegyun/slam_ws/build/simya_description' returned '0': CMAKE_PREFIX_PATH=${CMAKE_PREFIX_PATH}:/home/jaegyun/turtlebot3_ws/install/turtlebot3_teleop:/home/jaegyun/turtlebot3_ws/install/turtlebot3_example:/opt/ros/humble /usr/bin/cmake --install /home/jaegyun/slam_ws/build/simya_description
