-- The C compiler identification is GNU 11.4.0
-- The CXX compiler identification is GNU 11.4.0
-- Detecting C compiler ABI info
-- Detecting C compiler ABI info - done
-- Check for working C compiler: /usr/bin/cc - skipped
-- Detecting C compile features
-- Detecting C compile features - done
-- Detecting CXX compiler ABI info
-- Detecting CXX compiler ABI info - done
-- Check for working CXX compiler: /usr/bin/c++ - skipped
-- Detecting CXX compile features
-- Detecting CXX compile features - done
-- Found ament_cmake: 1.3.10 (/opt/ros/humble/share/ament_cmake/cmake)
-- Found Python3: /usr/bin/python3 (found version "3.10.12") found components: Interpreter 
-- Override CMake install command with custom implementation using symlinks instead of copying resources
-- Found rclcpp: 16.0.10 (/opt/ros/humble/share/rclcpp/cmake)
-- Found rosidl_generator_c: 3.1.5 (/opt/ros/humble/share/rosidl_generator_c/cmake)
-- Found rosidl_adapter: 3.1.5 (/opt/ros/humble/share/rosidl_adapter/cmake)
-- Found rosidl_generator_cpp: 3.1.5 (/opt/ros/humble/share/rosidl_generator_cpp/cmake)
-- Using all available rosidl_typesupport_c: rosidl_typesupport_fastrtps_c;rosidl_typesupport_introspection_c
-- Using all available rosidl_typesupport_cpp: rosidl_typesupport_fastrtps_cpp;rosidl_typesupport_introspection_cpp
-- Found rmw_implementation_cmake: 6.1.2 (/opt/ros/humble/share/rmw_implementation_cmake/cmake)
-- Found rmw_fastrtps_cpp: 6.2.7 (/opt/ros/humble/share/rmw_fastrtps_cpp/cmake)
-- Found OpenSSL: /usr/lib/x86_64-linux-gnu/libcrypto.so (found version "3.0.2")  
-- Found FastRTPS: /opt/ros/humble/include  
-- Using RMW implementation 'rmw_fastrtps_cpp' as default
-- Looking for pthread.h
-- Looking for pthread.h - found
-- Performing Test CMAKE_HAVE_LIBC_PTHREAD
-- Performing Test CMAKE_HAVE_LIBC_PTHREAD - Success
-- Found Threads: TRUE  
-- Found rclcpp_action: 16.0.10 (/opt/ros/humble/share/rclcpp_action/cmake)
-- Found nav2_msgs: 1.1.16 (/opt/ros/humble/share/nav2_msgs/cmake)
-- Found std_srvs: 4.2.4 (/opt/ros/humble/share/std_srvs/cmake)
-- Found tf2_geometry_msgs: 0.25.8 (/opt/ros/humble/share/tf2_geometry_msgs/cmake)
-- Found eigen3_cmake_module: 0.1.1 (/opt/ros/humble/share/eigen3_cmake_module/cmake)
-- Found Eigen3: TRUE (found version "3.4.0") 
-- Ensuring Eigen3 include directory is part of orocos-kdl CMake target
-- Found nav2_behavior_tree: 1.1.17 (/opt/ros/humble/share/nav2_behavior_tree/cmake)
-- Configuring done
-- Generating done
-- Build files have been written to: /home/jaegyun/slam_ws/build/navi
[ 25%] [32mBuilding CXX object CMakeFiles/bt_main.dir/src/bt_main.cpp.o[0m
[ 50%] [32mBuilding CXX object CMakeFiles/goal_publisher.dir/src/goal_publisher.cpp.o[0m
[ 75%] [32m[1mLinking CXX executable goal_publisher[0m
[ 75%] Built target goal_publisher
[100%] [32m[1mLinking CXX executable bt_main[0m
[100%] Built target bt_main
-- Install configuration: ""
-- Execute custom install script
-- Symlinking: /home/jaegyun/slam_ws/install/navi/share/navi/launch/behavior.launch.py
-- Symlinking: /home/jaegyun/slam_ws/install/navi/share/navi/launch/navigation2.launch.py
-- Symlinking: /home/jaegyun/slam_ws/install/navi/share/navi/launch/navigation2_rviz.launch.py
-- Symlinking: /home/jaegyun/slam_ws/install/navi/share/navi/launch/publishernode.launch.py
-- Symlinking: /home/jaegyun/slam_ws/install/navi/share/navi/launch/publishernode2.launch.py
-- Symlinking: /home/jaegyun/slam_ws/install/navi/share/navi/launch/re_launch.py
-- Symlinking: /home/jaegyun/slam_ws/install/navi/share/navi/map/ert.pgm
-- Symlinking: /home/jaegyun/slam_ws/install/navi/share/navi/map/ert.yaml
-- Symlinking: /home/jaegyun/slam_ws/install/navi/share/navi/map/map1.pgm
-- Symlinking: /home/jaegyun/slam_ws/install/navi/share/navi/map/map1.yaml
-- Symlinking: /home/jaegyun/slam_ws/install/navi/share/navi/map/rty.pgm
-- Symlinking: /home/jaegyun/slam_ws/install/navi/share/navi/map/rty.yaml
-- Symlinking: /home/jaegyun/slam_ws/install/navi/share/navi/map/wer.pgm
-- Symlinking: /home/jaegyun/slam_ws/install/navi/share/navi/map/wer.yaml
-- Symlinking: /home/jaegyun/slam_ws/install/navi/share/navi/param/simya.yaml
-- Symlinking: /home/jaegyun/slam_ws/install/navi/share/navi/rviz/tb3_navigation2.rviz
-- Symlinking: /home/jaegyun/slam_ws/install/navi/share/navi/behavior_tree/goal.xml
-- Symlinking: /home/jaegyun/slam_ws/install/navi/share/navi/include/simya_bt/Isgoal.hpp
-- Symlinking: /home/jaegyun/slam_ws/install/navi/share/navi/include/simya_bt/cleargoalpose.hpp
-- Symlinking: /home/jaegyun/slam_ws/install/navi/share/navi/include/simya_bt/goalcheckerpub.hpp
-- Symlinking: /home/jaegyun/slam_ws/install/navi/share/navi/include/simya_bt/goalposeCheck.hpp
-- Symlinking: /home/jaegyun/slam_ws/install/navi/share/navi/include/simya_bt/goaltrigger.hpp
-- Symlinking: /home/jaegyun/slam_ws/install/navi/share/navi/include/simya_bt/humanfollowing.hpp
-- Symlinking: /home/jaegyun/slam_ws/install/navi/share/navi/include/simya_bt/nav2_client.hpp
-- Symlinking: /home/jaegyun/slam_ws/install/navi/lib/navi/goal_publisher
-- Symlinking: /home/jaegyun/slam_ws/install/navi/lib/navi/bt_main
-- Symlinking: /home/jaegyun/slam_ws/install/navi/share/ament_index/resource_index/package_run_dependencies/navi
-- Symlinking: /home/jaegyun/slam_ws/install/navi/share/ament_index/resource_index/parent_prefix_path/navi
-- Symlinking: /home/jaegyun/slam_ws/install/navi/share/navi/environment/ament_prefix_path.sh
-- Symlinking: /home/jaegyun/slam_ws/install/navi/share/navi/environment/ament_prefix_path.dsv
-- Symlinking: /home/jaegyun/slam_ws/install/navi/share/navi/environment/path.sh
-- Symlinking: /home/jaegyun/slam_ws/install/navi/share/navi/environment/path.dsv
-- Symlinking: /home/jaegyun/slam_ws/install/navi/share/navi/local_setup.bash
-- Symlinking: /home/jaegyun/slam_ws/install/navi/share/navi/local_setup.sh
-- Symlinking: /home/jaegyun/slam_ws/install/navi/share/navi/local_setup.zsh
-- Symlinking: /home/jaegyun/slam_ws/install/navi/share/navi/local_setup.dsv
-- Symlinking: /home/jaegyun/slam_ws/install/navi/share/navi/package.dsv
-- Symlinking: /home/jaegyun/slam_ws/install/navi/share/ament_index/resource_index/packages/navi
-- Symlinking: /home/jaegyun/slam_ws/install/navi/share/navi/cmake/naviConfig.cmake
-- Symlinking: /home/jaegyun/slam_ws/install/navi/share/navi/cmake/naviConfig-version.cmake
-- Symlinking: /home/jaegyun/slam_ws/install/navi/share/navi/package.xml
