[0.020s] Invoking command in '/home/jaegyun/slam_ws/build/navi': CMAKE_PREFIX_PATH=${CMAKE_PREFIX_PATH}:/home/jaegyun/turtlebot3_ws/install/turtlebot3_teleop:/home/jaegyun/turtlebot3_ws/install/turtlebot3_example:/opt/ros/humble /usr/bin/cmake /home/jaegyun/slam_ws/src/navi -DAMENT_CMAKE_SYMLINK_INSTALL=1 -DCMAKE_INSTALL_PREFIX=/home/jaegyun/slam_ws/install/navi
[0.059s] -- The C compiler identification is GNU 11.4.0
[0.096s] -- The CXX compiler identification is GNU 11.4.0
[0.100s] -- Detecting C compiler ABI info
[0.151s] -- Detecting C compiler ABI info - done
[0.156s] -- Check for working C compiler: /usr/bin/cc - skipped
[0.156s] -- Detecting C compile features
[0.156s] -- Detecting C compile features - done
[0.158s] -- Detecting CXX compiler ABI info
[0.218s] -- Detecting CXX compiler ABI info - done
[0.223s] -- Check for working CXX compiler: /usr/bin/c++ - skipped
[0.223s] -- Detecting CXX compile features
[0.223s] -- Detecting CXX compile features - done
[0.226s] -- Found ament_cmake: 1.3.10 (/opt/ros/humble/share/ament_cmake/cmake)
[0.329s] -- Found Python3: /usr/bin/python3 (found version "3.10.12") found components: Interpreter 
[0.368s] -- Override CMake install command with custom implementation using symlinks instead of copying resources
[0.405s] -- Found rclcpp: 16.0.10 (/opt/ros/humble/share/rclcpp/cmake)
[0.446s] -- Found rosidl_generator_c: 3.1.5 (/opt/ros/humble/share/rosidl_generator_c/cmake)
[0.452s] -- Found rosidl_adapter: 3.1.5 (/opt/ros/humble/share/rosidl_adapter/cmake)
[0.460s] -- Found rosidl_generator_cpp: 3.1.5 (/opt/ros/humble/share/rosidl_generator_cpp/cmake)
[0.470s] -- Using all available rosidl_typesupport_c: rosidl_typesupport_fastrtps_c;rosidl_typesupport_introspection_c
[0.484s] -- Using all available rosidl_typesupport_cpp: rosidl_typesupport_fastrtps_cpp;rosidl_typesupport_introspection_cpp
[0.524s] -- Found rmw_implementation_cmake: 6.1.2 (/opt/ros/humble/share/rmw_implementation_cmake/cmake)
[0.527s] -- Found rmw_fastrtps_cpp: 6.2.7 (/opt/ros/humble/share/rmw_fastrtps_cpp/cmake)
[0.595s] -- Found OpenSSL: /usr/lib/x86_64-linux-gnu/libcrypto.so (found version "3.0.2")  
[0.614s] -- Found FastRTPS: /opt/ros/humble/include  
[0.642s] -- Using RMW implementation 'rmw_fastrtps_cpp' as default
[0.650s] -- Looking for pthread.h
[0.695s] -- Looking for pthread.h - found
[0.695s] -- Performing Test CMAKE_HAVE_LIBC_PTHREAD
[0.742s] -- Performing Test CMAKE_HAVE_LIBC_PTHREAD - Success
[0.742s] -- Found Threads: TRUE  
[0.773s] -- Found rclcpp_action: 16.0.10 (/opt/ros/humble/share/rclcpp_action/cmake)
[0.794s] -- Found nav2_msgs: 1.1.16 (/opt/ros/humble/share/nav2_msgs/cmake)
[0.825s] -- Found std_srvs: 4.2.4 (/opt/ros/humble/share/std_srvs/cmake)
[0.831s] -- Found tf2_geometry_msgs: 0.25.8 (/opt/ros/humble/share/tf2_geometry_msgs/cmake)
[0.843s] -- Found eigen3_cmake_module: 0.1.1 (/opt/ros/humble/share/eigen3_cmake_module/cmake)
[0.844s] -- Found Eigen3: TRUE (found version "3.4.0") 
[0.844s] -- Ensuring Eigen3 include directory is part of orocos-kdl CMake target
[0.887s] -- Found nav2_behavior_tree: 1.1.17 (/opt/ros/humble/share/nav2_behavior_tree/cmake)
[0.992s] -- Configuring done
[1.017s] -- Generating done
[1.018s] -- Build files have been written to: /home/jaegyun/slam_ws/build/navi
[1.026s] Invoked command in '/home/jaegyun/slam_ws/build/navi' returned '0': CMAKE_PREFIX_PATH=${CMAKE_PREFIX_PATH}:/home/jaegyun/turtlebot3_ws/install/turtlebot3_teleop:/home/jaegyun/turtlebot3_ws/install/turtlebot3_example:/opt/ros/humble /usr/bin/cmake /home/jaegyun/slam_ws/src/navi -DAMENT_CMAKE_SYMLINK_INSTALL=1 -DCMAKE_INSTALL_PREFIX=/home/jaegyun/slam_ws/install/navi
[1.027s] Invoking command in '/home/jaegyun/slam_ws/build/navi': CMAKE_PREFIX_PATH=${CMAKE_PREFIX_PATH}:/home/jaegyun/turtlebot3_ws/install/turtlebot3_teleop:/home/jaegyun/turtlebot3_ws/install/turtlebot3_example:/opt/ros/humble /usr/bin/cmake --build /home/jaegyun/slam_ws/build/navi -- -j24 -l24
[1.060s] [ 25%] [32mBuilding CXX object CMakeFiles/bt_main.dir/src/bt_main.cpp.o[0m
[1.061s] [ 50%] [32mBuilding CXX object CMakeFiles/goal_publisher.dir/src/goal_publisher.cpp.o[0m
[3.248s] [ 75%] [32m[1mLinking CXX executable goal_publisher[0m
[3.339s] [ 75%] Built target goal_publisher
[10.142s] [100%] [32m[1mLinking CXX executable bt_main[0m
[10.698s] [100%] Built target bt_main
[10.706s] Invoked command in '/home/jaegyun/slam_ws/build/navi' returned '0': CMAKE_PREFIX_PATH=${CMAKE_PREFIX_PATH}:/home/jaegyun/turtlebot3_ws/install/turtlebot3_teleop:/home/jaegyun/turtlebot3_ws/install/turtlebot3_example:/opt/ros/humble /usr/bin/cmake --build /home/jaegyun/slam_ws/build/navi -- -j24 -l24
[10.725s] Invoking command in '/home/jaegyun/slam_ws/build/navi': CMAKE_PREFIX_PATH=${CMAKE_PREFIX_PATH}:/home/jaegyun/turtlebot3_ws/install/turtlebot3_teleop:/home/jaegyun/turtlebot3_ws/install/turtlebot3_example:/opt/ros/humble /usr/bin/cmake --install /home/jaegyun/slam_ws/build/navi
[10.728s] -- Install configuration: ""
[10.729s] -- Execute custom install script
[10.729s] -- Symlinking: /home/jaegyun/slam_ws/install/navi/share/navi/launch/behavior.launch.py
[10.735s] -- Symlinking: /home/jaegyun/slam_ws/install/navi/share/navi/launch/navigation2.launch.py
[10.741s] -- Symlinking: /home/jaegyun/slam_ws/install/navi/share/navi/launch/navigation2_rviz.launch.py
[10.747s] -- Symlinking: /home/jaegyun/slam_ws/install/navi/share/navi/launch/publishernode.launch.py
[10.753s] -- Symlinking: /home/jaegyun/slam_ws/install/navi/share/navi/launch/publishernode2.launch.py
[10.759s] -- Symlinking: /home/jaegyun/slam_ws/install/navi/share/navi/launch/re_launch.py
[10.765s] -- Symlinking: /home/jaegyun/slam_ws/install/navi/share/navi/map/ert.pgm
[10.770s] -- Symlinking: /home/jaegyun/slam_ws/install/navi/share/navi/map/ert.yaml
[10.776s] -- Symlinking: /home/jaegyun/slam_ws/install/navi/share/navi/map/map1.pgm
[10.782s] -- Symlinking: /home/jaegyun/slam_ws/install/navi/share/navi/map/map1.yaml
[10.787s] -- Symlinking: /home/jaegyun/slam_ws/install/navi/share/navi/map/rty.pgm
[10.792s] -- Symlinking: /home/jaegyun/slam_ws/install/navi/share/navi/map/rty.yaml
[10.798s] -- Symlinking: /home/jaegyun/slam_ws/install/navi/share/navi/map/wer.pgm
[10.804s] -- Symlinking: /home/jaegyun/slam_ws/install/navi/share/navi/map/wer.yaml
[10.810s] -- Symlinking: /home/jaegyun/slam_ws/install/navi/share/navi/param/simya.yaml
[10.815s] -- Symlinking: /home/jaegyun/slam_ws/install/navi/share/navi/rviz/tb3_navigation2.rviz
[10.821s] -- Symlinking: /home/jaegyun/slam_ws/install/navi/share/navi/behavior_tree/goal.xml
[10.827s] -- Symlinking: /home/jaegyun/slam_ws/install/navi/share/navi/include/simya_bt/Isgoal.hpp
[10.832s] -- Symlinking: /home/jaegyun/slam_ws/install/navi/share/navi/include/simya_bt/cleargoalpose.hpp
[10.838s] -- Symlinking: /home/jaegyun/slam_ws/install/navi/share/navi/include/simya_bt/goalcheckerpub.hpp
[10.843s] -- Symlinking: /home/jaegyun/slam_ws/install/navi/share/navi/include/simya_bt/goalposeCheck.hpp
[10.848s] -- Symlinking: /home/jaegyun/slam_ws/install/navi/share/navi/include/simya_bt/goaltrigger.hpp
[10.854s] -- Symlinking: /home/jaegyun/slam_ws/install/navi/share/navi/include/simya_bt/humanfollowing.hpp
[10.859s] -- Symlinking: /home/jaegyun/slam_ws/install/navi/share/navi/include/simya_bt/nav2_client.hpp
[10.864s] -- Symlinking: /home/jaegyun/slam_ws/install/navi/lib/navi/goal_publisher
[10.870s] -- Symlinking: /home/jaegyun/slam_ws/install/navi/lib/navi/bt_main
[10.875s] -- Symlinking: /home/jaegyun/slam_ws/install/navi/share/ament_index/resource_index/package_run_dependencies/navi
[10.881s] -- Symlinking: /home/jaegyun/slam_ws/install/navi/share/ament_index/resource_index/parent_prefix_path/navi
[10.887s] -- Symlinking: /home/jaegyun/slam_ws/install/navi/share/navi/environment/ament_prefix_path.sh
[10.892s] -- Symlinking: /home/jaegyun/slam_ws/install/navi/share/navi/environment/ament_prefix_path.dsv
[10.898s] -- Symlinking: /home/jaegyun/slam_ws/install/navi/share/navi/environment/path.sh
[10.903s] -- Symlinking: /home/jaegyun/slam_ws/install/navi/share/navi/environment/path.dsv
[10.908s] -- Symlinking: /home/jaegyun/slam_ws/install/navi/share/navi/local_setup.bash
[10.914s] -- Symlinking: /home/jaegyun/slam_ws/install/navi/share/navi/local_setup.sh
[10.919s] -- Symlinking: /home/jaegyun/slam_ws/install/navi/share/navi/local_setup.zsh
[10.925s] -- Symlinking: /home/jaegyun/slam_ws/install/navi/share/navi/local_setup.dsv
[10.930s] -- Symlinking: /home/jaegyun/slam_ws/install/navi/share/navi/package.dsv
[10.936s] -- Symlinking: /home/jaegyun/slam_ws/install/navi/share/ament_index/resource_index/packages/navi
[10.941s] -- Symlinking: /home/jaegyun/slam_ws/install/navi/share/navi/cmake/naviConfig.cmake
[10.947s] -- Symlinking: /home/jaegyun/slam_ws/install/navi/share/navi/cmake/naviConfig-version.cmake
[10.952s] -- Symlinking: /home/jaegyun/slam_ws/install/navi/share/navi/package.xml
[10.960s] Invoked command in '/home/jaegyun/slam_ws/build/navi' returned '0': CMAKE_PREFIX_PATH=${CMAKE_PREFIX_PATH}:/home/jaegyun/turtlebot3_ws/install/turtlebot3_teleop:/home/jaegyun/turtlebot3_ws/install/turtlebot3_example:/opt/ros/humble /usr/bin/cmake --install /home/jaegyun/slam_ws/build/navi
