[0.016s] Invoking command in '/home/jaegyun/slam_ws/build/pid_control': CMAKE_PREFIX_PATH=${CMAKE_PREFIX_PATH}:/home/jaegyun/turtlebot3_ws/install/turtlebot3_teleop:/home/jaegyun/turtlebot3_ws/install/turtlebot3_example:/opt/ros/humble /usr/bin/cmake /home/jaegyun/slam_ws/src/pid_control -DAMENT_CMAKE_SYMLINK_INSTALL=1 -DCMAKE_INSTALL_PREFIX=/home/jaegyun/slam_ws/install/pid_control
[0.055s] -- The C compiler identification is GNU 11.4.0
[0.091s] -- The CXX compiler identification is GNU 11.4.0
[0.096s] -- Detecting C compiler ABI info
[0.147s] -- Detecting C compiler ABI info - done
[0.152s] -- Check for working C compiler: /usr/bin/cc - skipped
[0.152s] -- Detecting C compile features
[0.152s] -- Detecting C compile features - done
[0.154s] -- Detecting CXX compiler ABI info
[0.213s] -- Detecting CXX compiler ABI info - done
[0.218s] -- Check for working CXX compiler: /usr/bin/c++ - skipped
[0.218s] -- Detecting CXX compile features
[0.218s] -- Detecting CXX compile features - done
[0.221s] -- Found ament_cmake: 1.3.10 (/opt/ros/humble/share/ament_cmake/cmake)
[0.325s] -- Found Python3: /usr/bin/python3 (found version "3.10.12") found components: Interpreter 
[0.363s] -- Override CMake install command with custom implementation using symlinks instead of copying resources
[0.401s] -- Found rclcpp: 16.0.10 (/opt/ros/humble/share/rclcpp/cmake)
[0.442s] -- Found rosidl_generator_c: 3.1.5 (/opt/ros/humble/share/rosidl_generator_c/cmake)
[0.448s] -- Found rosidl_adapter: 3.1.5 (/opt/ros/humble/share/rosidl_adapter/cmake)
[0.456s] -- Found rosidl_generator_cpp: 3.1.5 (/opt/ros/humble/share/rosidl_generator_cpp/cmake)
[0.467s] -- Using all available rosidl_typesupport_c: rosidl_typesupport_fastrtps_c;rosidl_typesupport_introspection_c
[0.481s] -- Using all available rosidl_typesupport_cpp: rosidl_typesupport_fastrtps_cpp;rosidl_typesupport_introspection_cpp
[0.520s] -- Found rmw_implementation_cmake: 6.1.2 (/opt/ros/humble/share/rmw_implementation_cmake/cmake)
[0.523s] -- Found rmw_fastrtps_cpp: 6.2.7 (/opt/ros/humble/share/rmw_fastrtps_cpp/cmake)
[0.591s] -- Found OpenSSL: /usr/lib/x86_64-linux-gnu/libcrypto.so (found version "3.0.2")  
[0.609s] -- Found FastRTPS: /opt/ros/humble/include  
[0.637s] -- Using RMW implementation 'rmw_fastrtps_cpp' as default
[0.645s] -- Looking for pthread.h
[0.690s] -- Looking for pthread.h - found
[0.690s] -- Performing Test CMAKE_HAVE_LIBC_PTHREAD
[0.737s] -- Performing Test CMAKE_HAVE_LIBC_PTHREAD - Success
[0.737s] -- Found Threads: TRUE  
[0.768s] -- Found geometry_msgs: 4.2.4 (/opt/ros/humble/share/geometry_msgs/cmake)
[0.776s] -- Found nav_msgs: 4.2.4 (/opt/ros/humble/share/nav_msgs/cmake)
[0.786s] -- Found tf2: 0.25.8 (/opt/ros/humble/share/tf2/cmake)
[0.794s] -- Found tf2_ros: 0.25.8 (/opt/ros/humble/share/tf2_ros/cmake)
[0.850s] -- Found tf2_geometry_msgs: 0.25.8 (/opt/ros/humble/share/tf2_geometry_msgs/cmake)
[0.862s] -- Found eigen3_cmake_module: 0.1.1 (/opt/ros/humble/share/eigen3_cmake_module/cmake)
[0.863s] -- Found Eigen3: TRUE (found version "3.4.0") 
[0.863s] -- Ensuring Eigen3 include directory is part of orocos-kdl CMake target
[0.870s] -- Found ament_lint_auto: 0.12.11 (/opt/ros/humble/share/ament_lint_auto/cmake)
[0.923s] -- Added test 'copyright' to check source files copyright and LICENSE
[0.926s] -- Added test 'cppcheck' to perform static code analysis on C / C++ code
[0.926s] -- Configured cppcheck include dirs: /home/jaegyun/slam_ws/src/pid_control/include
[0.926s] -- Configured cppcheck exclude dirs and/or files: 
[0.928s] -- Added test 'cpplint' to check C / C++ code against the Google style
[0.928s] -- Configured cpplint exclude dirs and/or files: 
[0.929s] -- Added test 'lint_cmake' to check CMake code style
[0.932s] -- Added test 'uncrustify' to check C / C++ code style
[0.932s] -- Configured uncrustify additional arguments: 
[0.932s] -- Added test 'xmllint' to check XML markup files
[0.933s] -- Configuring done
[0.945s] -- Generating done
[0.946s] -- Build files have been written to: /home/jaegyun/slam_ws/build/pid_control
[0.954s] Invoked command in '/home/jaegyun/slam_ws/build/pid_control' returned '0': CMAKE_PREFIX_PATH=${CMAKE_PREFIX_PATH}:/home/jaegyun/turtlebot3_ws/install/turtlebot3_teleop:/home/jaegyun/turtlebot3_ws/install/turtlebot3_example:/opt/ros/humble /usr/bin/cmake /home/jaegyun/slam_ws/src/pid_control -DAMENT_CMAKE_SYMLINK_INSTALL=1 -DCMAKE_INSTALL_PREFIX=/home/jaegyun/slam_ws/install/pid_control
[0.954s] Invoking command in '/home/jaegyun/slam_ws/build/pid_control': CMAKE_PREFIX_PATH=${CMAKE_PREFIX_PATH}:/home/jaegyun/turtlebot3_ws/install/turtlebot3_teleop:/home/jaegyun/turtlebot3_ws/install/turtlebot3_example:/opt/ros/humble /usr/bin/cmake --build /home/jaegyun/slam_ws/build/pid_control -- -j24 -l24
[0.985s] [ 10%] [32mBuilding CXX object CMakeFiles/teleop_node.dir/src/teleop_node.cpp.o[0m
[0.986s] [ 20%] [32mBuilding CXX object CMakeFiles/motor_node.dir/src/motor_node.cpp.o[0m
[0.986s] [ 30%] [32mBuilding CXX object CMakeFiles/publisher.dir/src/publisher.cpp.o[0m
[0.987s] [ 40%] [32mBuilding CXX object CMakeFiles/human_following.dir/src/human_following.cpp.o[0m
[0.987s] [ 50%] [32mBuilding CXX object CMakeFiles/subscriber.dir/src/subscriber.cpp.o[0m
[3.416s] [ 60%] [32m[1mLinking CXX executable teleop_node[0m
[3.418s] [ 70%] [32m[1mLinking CXX executable publisher[0m
[3.513s] [ 70%] Built target teleop_node
[3.518s] [ 70%] Built target publisher
[5.242s] [ 80%] [32m[1mLinking CXX executable subscriber[0m
[5.416s] [ 80%] Built target subscriber
[6.788s] [ 90%] [32m[1mLinking CXX executable human_following[0m
[7.021s] [ 90%] Built target human_following
[7.441s] [100%] [32m[1mLinking CXX executable motor_node[0m
[7.736s] [100%] Built target motor_node
[7.745s] Invoked command in '/home/jaegyun/slam_ws/build/pid_control' returned '0': CMAKE_PREFIX_PATH=${CMAKE_PREFIX_PATH}:/home/jaegyun/turtlebot3_ws/install/turtlebot3_teleop:/home/jaegyun/turtlebot3_ws/install/turtlebot3_example:/opt/ros/humble /usr/bin/cmake --build /home/jaegyun/slam_ws/build/pid_control -- -j24 -l24
[7.772s] Invoking command in '/home/jaegyun/slam_ws/build/pid_control': CMAKE_PREFIX_PATH=${CMAKE_PREFIX_PATH}:/home/jaegyun/turtlebot3_ws/install/turtlebot3_teleop:/home/jaegyun/turtlebot3_ws/install/turtlebot3_example:/opt/ros/humble /usr/bin/cmake --install /home/jaegyun/slam_ws/build/pid_control
[7.777s] -- Install configuration: ""
[7.777s] -- Execute custom install script
[7.777s] -- Symlinking: /home/jaegyun/slam_ws/install/pid_control/lib/pid_control/motor_node
[7.784s] -- Symlinking: /home/jaegyun/slam_ws/install/pid_control/lib/pid_control/teleop_node
[7.790s] -- Symlinking: /home/jaegyun/slam_ws/install/pid_control/lib/pid_control/publisher
[7.795s] -- Symlinking: /home/jaegyun/slam_ws/install/pid_control/lib/pid_control/subscriber
[7.801s] -- Symlinking: /home/jaegyun/slam_ws/install/pid_control/lib/pid_control/human_following
[7.807s] -- Symlinking: /home/jaegyun/slam_ws/install/pid_control/share/pid_control//config/motor_parameters.txt
[7.813s] -- Symlinking: /home/jaegyun/slam_ws/install/pid_control/share/ament_index/resource_index/package_run_dependencies/pid_control
[7.819s] -- Symlinking: /home/jaegyun/slam_ws/install/pid_control/share/ament_index/resource_index/parent_prefix_path/pid_control
[7.825s] -- Symlinking: /home/jaegyun/slam_ws/install/pid_control/share/pid_control/environment/ament_prefix_path.sh
[7.830s] -- Symlinking: /home/jaegyun/slam_ws/install/pid_control/share/pid_control/environment/ament_prefix_path.dsv
[7.837s] -- Symlinking: /home/jaegyun/slam_ws/install/pid_control/share/pid_control/environment/path.sh
[7.843s] -- Symlinking: /home/jaegyun/slam_ws/install/pid_control/share/pid_control/environment/path.dsv
[7.849s] -- Symlinking: /home/jaegyun/slam_ws/install/pid_control/share/pid_control/local_setup.bash
[7.855s] -- Symlinking: /home/jaegyun/slam_ws/install/pid_control/share/pid_control/local_setup.sh
[7.861s] -- Symlinking: /home/jaegyun/slam_ws/install/pid_control/share/pid_control/local_setup.zsh
[7.866s] -- Symlinking: /home/jaegyun/slam_ws/install/pid_control/share/pid_control/local_setup.dsv
[7.872s] -- Symlinking: /home/jaegyun/slam_ws/install/pid_control/share/pid_control/package.dsv
[7.877s] -- Symlinking: /home/jaegyun/slam_ws/install/pid_control/share/ament_index/resource_index/packages/pid_control
[7.882s] -- Symlinking: /home/jaegyun/slam_ws/install/pid_control/share/pid_control/cmake/pid_controlConfig.cmake
[7.888s] -- Symlinking: /home/jaegyun/slam_ws/install/pid_control/share/pid_control/cmake/pid_controlConfig-version.cmake
[7.893s] -- Symlinking: /home/jaegyun/slam_ws/install/pid_control/share/pid_control/package.xml
[7.901s] Invoked command in '/home/jaegyun/slam_ws/build/pid_control' returned '0': CMAKE_PREFIX_PATH=${CMAKE_PREFIX_PATH}:/home/jaegyun/turtlebot3_ws/install/turtlebot3_teleop:/home/jaegyun/turtlebot3_ws/install/turtlebot3_example:/opt/ros/humble /usr/bin/cmake --install /home/jaegyun/slam_ws/build/pid_control
