[0.052s] DEBUG:colcon:Command line arguments: ['/usr/bin/colcon', 'build', '--symlink-install']
[0.052s] DEBUG:colcon:Parsed command line arguments: Namespace(log_base=None, log_level=None, verb_name='build', build_base='build', install_base='install', merge_install=False, symlink_install=True, test_result_base=None, continue_on_error=False, executor='parallel', parallel_workers=24, event_handlers=None, ignore_user_meta=False, metas=['./colcon.meta'], base_paths=['.'], packages_ignore=None, packages_ignore_regex=None, paths=None, packages_up_to=None, packages_up_to_regex=None, packages_above=None, packages_above_and_dependencies=None, packages_above_depth=None, packages_select_by_dep=None, packages_skip_by_dep=None, packages_skip_up_to=None, packages_select_build_failed=False, packages_skip_build_finished=False, packages_select_test_failures=False, packages_skip_test_passed=False, packages_select=None, packages_skip=None, packages_select_regex=None, packages_skip_regex=None, packages_start=None, packages_end=None, allow_overriding=[], cmake_args=None, cmake_target=None, cmake_target_skip_unavailable=False, cmake_clean_cache=False, cmake_clean_first=False, cmake_force_configure=False, ament_cmake_args=None, catkin_cmake_args=None, catkin_skip_building_tests=False, mixin_files=None, mixin=None, verb_parser=<colcon_mixin.mixin.mixin_argument.MixinArgumentDecorator object at 0x7415160275e0>, verb_extension=<colcon_core.verb.build.BuildVerb object at 0x7415161d4b80>, main=<bound method BuildVerb.main of <colcon_core.verb.build.BuildVerb object at 0x7415161d4b80>>, mixin_verb=('build',))
[0.136s] Level 1:colcon.colcon_core.package_discovery:discover_packages(colcon_meta) check parameters
[0.136s] Level 1:colcon.colcon_core.package_discovery:discover_packages(recursive) check parameters
[0.136s] Level 1:colcon.colcon_core.package_discovery:discover_packages(ignore) check parameters
[0.136s] Level 1:colcon.colcon_core.package_discovery:discover_packages(path) check parameters
[0.136s] Level 1:colcon.colcon_core.package_discovery:discover_packages(colcon_meta) discover
[0.136s] Level 1:colcon.colcon_core.package_discovery:discover_packages(recursive) discover
[0.136s] INFO:colcon.colcon_core.package_discovery:Crawling recursively for packages in '/home/jaegyun/slam_ws'
[0.136s] Level 1:colcon.colcon_core.package_identification:_identify(.) by extensions ['ignore', 'ignore_ament_install']
[0.136s] Level 1:colcon.colcon_core.package_identification:_identify(.) by extension 'ignore'
[0.136s] Level 1:colcon.colcon_core.package_identification:_identify(.) by extension 'ignore_ament_install'
[0.136s] Level 1:colcon.colcon_core.package_identification:_identify(.) by extensions ['colcon_pkg']
[0.136s] Level 1:colcon.colcon_core.package_identification:_identify(.) by extension 'colcon_pkg'
[0.136s] Level 1:colcon.colcon_core.package_identification:_identify(.) by extensions ['colcon_meta']
[0.136s] Level 1:colcon.colcon_core.package_identification:_identify(.) by extension 'colcon_meta'
[0.136s] Level 1:colcon.colcon_core.package_identification:_identify(.) by extensions ['ros']
[0.136s] Level 1:colcon.colcon_core.package_identification:_identify(.) by extension 'ros'
[0.147s] Level 1:colcon.colcon_core.package_identification:_identify(.) by extensions ['cmake', 'python']
[0.147s] Level 1:colcon.colcon_core.package_identification:_identify(.) by extension 'cmake'
[0.147s] Level 1:colcon.colcon_core.package_identification:_identify(.) by extension 'python'
[0.147s] Level 1:colcon.colcon_core.package_identification:_identify(.) by extensions ['python_setup_py']
[0.147s] Level 1:colcon.colcon_core.package_identification:_identify(.) by extension 'python_setup_py'
[0.147s] Level 1:colcon.colcon_core.package_identification:_identify(build) by extensions ['ignore', 'ignore_ament_install']
[0.147s] Level 1:colcon.colcon_core.package_identification:_identify(build) by extension 'ignore'
[0.147s] Level 1:colcon.colcon_core.package_identification:_identify(build) ignored
[0.147s] Level 1:colcon.colcon_core.package_identification:_identify(install) by extensions ['ignore', 'ignore_ament_install']
[0.147s] Level 1:colcon.colcon_core.package_identification:_identify(install) by extension 'ignore'
[0.147s] Level 1:colcon.colcon_core.package_identification:_identify(install) ignored
[0.147s] Level 1:colcon.colcon_core.package_identification:_identify(log) by extensions ['ignore', 'ignore_ament_install']
[0.147s] Level 1:colcon.colcon_core.package_identification:_identify(log) by extension 'ignore'
[0.147s] Level 1:colcon.colcon_core.package_identification:_identify(log) ignored
[0.147s] Level 1:colcon.colcon_core.package_identification:_identify(src) by extensions ['ignore', 'ignore_ament_install']
[0.147s] Level 1:colcon.colcon_core.package_identification:_identify(src) by extension 'ignore'
[0.147s] Level 1:colcon.colcon_core.package_identification:_identify(src) by extension 'ignore_ament_install'
[0.147s] Level 1:colcon.colcon_core.package_identification:_identify(src) by extensions ['colcon_pkg']
[0.147s] Level 1:colcon.colcon_core.package_identification:_identify(src) by extension 'colcon_pkg'
[0.147s] Level 1:colcon.colcon_core.package_identification:_identify(src) by extensions ['colcon_meta']
[0.147s] Level 1:colcon.colcon_core.package_identification:_identify(src) by extension 'colcon_meta'
[0.147s] Level 1:colcon.colcon_core.package_identification:_identify(src) by extensions ['ros']
[0.147s] Level 1:colcon.colcon_core.package_identification:_identify(src) by extension 'ros'
[0.147s] Level 1:colcon.colcon_core.package_identification:_identify(src) by extensions ['cmake', 'python']
[0.147s] Level 1:colcon.colcon_core.package_identification:_identify(src) by extension 'cmake'
[0.147s] Level 1:colcon.colcon_core.package_identification:_identify(src) by extension 'python'
[0.147s] Level 1:colcon.colcon_core.package_identification:_identify(src) by extensions ['python_setup_py']
[0.147s] Level 1:colcon.colcon_core.package_identification:_identify(src) by extension 'python_setup_py'
[0.147s] Level 1:colcon.colcon_core.package_identification:_identify(src/navi) by extensions ['ignore', 'ignore_ament_install']
[0.147s] Level 1:colcon.colcon_core.package_identification:_identify(src/navi) by extension 'ignore'
[0.147s] Level 1:colcon.colcon_core.package_identification:_identify(src/navi) by extension 'ignore_ament_install'
[0.148s] Level 1:colcon.colcon_core.package_identification:_identify(src/navi) by extensions ['colcon_pkg']
[0.148s] Level 1:colcon.colcon_core.package_identification:_identify(src/navi) by extension 'colcon_pkg'
[0.148s] Level 1:colcon.colcon_core.package_identification:_identify(src/navi) by extensions ['colcon_meta']
[0.148s] Level 1:colcon.colcon_core.package_identification:_identify(src/navi) by extension 'colcon_meta'
[0.148s] Level 1:colcon.colcon_core.package_identification:_identify(src/navi) by extensions ['ros']
[0.148s] Level 1:colcon.colcon_core.package_identification:_identify(src/navi) by extension 'ros'
[0.149s] DEBUG:colcon.colcon_core.package_identification:Package 'src/navi' with type 'ros.ament_cmake' and name 'navi'
[0.149s] Level 1:colcon.colcon_core.package_identification:_identify(src/simya_description) by extensions ['ignore', 'ignore_ament_install']
[0.149s] Level 1:colcon.colcon_core.package_identification:_identify(src/simya_description) by extension 'ignore'
[0.149s] Level 1:colcon.colcon_core.package_identification:_identify(src/simya_description) by extension 'ignore_ament_install'
[0.149s] Level 1:colcon.colcon_core.package_identification:_identify(src/simya_description) by extensions ['colcon_pkg']
[0.149s] Level 1:colcon.colcon_core.package_identification:_identify(src/simya_description) by extension 'colcon_pkg'
[0.149s] Level 1:colcon.colcon_core.package_identification:_identify(src/simya_description) by extensions ['colcon_meta']
[0.149s] Level 1:colcon.colcon_core.package_identification:_identify(src/simya_description) by extension 'colcon_meta'
[0.149s] Level 1:colcon.colcon_core.package_identification:_identify(src/simya_description) by extensions ['ros']
[0.149s] Level 1:colcon.colcon_core.package_identification:_identify(src/simya_description) by extension 'ros'
[0.149s] DEBUG:colcon.colcon_core.package_identification:Package 'src/simya_description' with type 'ros.ament_cmake' and name 'simya_description'
[0.149s] Level 1:colcon.colcon_core.package_identification:_identify(src/ydlidar_ros2_driver) by extensions ['ignore', 'ignore_ament_install']
[0.149s] Level 1:colcon.colcon_core.package_identification:_identify(src/ydlidar_ros2_driver) by extension 'ignore'
[0.149s] Level 1:colcon.colcon_core.package_identification:_identify(src/ydlidar_ros2_driver) by extension 'ignore_ament_install'
[0.149s] Level 1:colcon.colcon_core.package_identification:_identify(src/ydlidar_ros2_driver) by extensions ['colcon_pkg']
[0.149s] Level 1:colcon.colcon_core.package_identification:_identify(src/ydlidar_ros2_driver) by extension 'colcon_pkg'
[0.149s] Level 1:colcon.colcon_core.package_identification:_identify(src/ydlidar_ros2_driver) by extensions ['colcon_meta']
[0.149s] Level 1:colcon.colcon_core.package_identification:_identify(src/ydlidar_ros2_driver) by extension 'colcon_meta'
[0.149s] Level 1:colcon.colcon_core.package_identification:_identify(src/ydlidar_ros2_driver) by extensions ['ros']
[0.149s] Level 1:colcon.colcon_core.package_identification:_identify(src/ydlidar_ros2_driver) by extension 'ros'
[0.150s] DEBUG:colcon.colcon_core.package_identification:Package 'src/ydlidar_ros2_driver' with type 'ros.ament_cmake' and name 'ydlidar_ros2_driver'
[0.150s] Level 1:colcon.colcon_core.package_discovery:discover_packages(recursive) using defaults
[0.150s] Level 1:colcon.colcon_core.package_discovery:discover_packages(ignore) discover
[0.150s] Level 1:colcon.colcon_core.package_discovery:discover_packages(ignore) using defaults
[0.150s] Level 1:colcon.colcon_core.package_discovery:discover_packages(path) discover
[0.150s] Level 1:colcon.colcon_core.package_discovery:discover_packages(path) using defaults
[0.160s] Level 1:colcon.colcon_core.package_discovery:discover_packages(prefix_path) check parameters
[0.160s] Level 1:colcon.colcon_core.package_discovery:discover_packages(prefix_path) discover
[0.160s] WARNING:colcon.colcon_ros.prefix_path.ament:The path '/home/jaegyun/slam_ws/install/pwm_control' in the environment variable AMENT_PREFIX_PATH doesn't exist
[0.160s] WARNING:colcon.colcon_ros.prefix_path.ament:The path '/home/jaegyun/slam_ws/install/pid_control' in the environment variable AMENT_PREFIX_PATH doesn't exist
[0.161s] WARNING:colcon.colcon_ros.prefix_path.catkin:The path '/home/jaegyun/slam_ws/install/pwm_control' in the environment variable CMAKE_PREFIX_PATH doesn't exist
[0.161s] WARNING:colcon.colcon_ros.prefix_path.catkin:The path '/home/jaegyun/slam_ws/install/pid_control' in the environment variable CMAKE_PREFIX_PATH doesn't exist
[0.161s] DEBUG:colcon.colcon_installed_package_information.package_discovery:Found 3 installed packages in /home/jaegyun/slam_ws/install
[0.161s] DEBUG:colcon.colcon_installed_package_information.package_discovery:Found 15 installed packages in /home/jaegyun/turtlebot3_ws/install
[0.162s] DEBUG:colcon.colcon_installed_package_information.package_discovery:Found 397 installed packages in /opt/ros/humble
[0.164s] Level 1:colcon.colcon_core.package_discovery:discover_packages(prefix_path) using defaults
[0.188s] Level 5:colcon.colcon_core.verb:set package 'navi' build argument 'cmake_args' from command line to 'None'
[0.188s] Level 5:colcon.colcon_core.verb:set package 'navi' build argument 'cmake_target' from command line to 'None'
[0.188s] Level 5:colcon.colcon_core.verb:set package 'navi' build argument 'cmake_target_skip_unavailable' from command line to 'False'
[0.188s] Level 5:colcon.colcon_core.verb:set package 'navi' build argument 'cmake_clean_cache' from command line to 'False'
[0.188s] Level 5:colcon.colcon_core.verb:set package 'navi' build argument 'cmake_clean_first' from command line to 'False'
[0.188s] Level 5:colcon.colcon_core.verb:set package 'navi' build argument 'cmake_force_configure' from command line to 'False'
[0.188s] Level 5:colcon.colcon_core.verb:set package 'navi' build argument 'ament_cmake_args' from command line to 'None'
[0.188s] Level 5:colcon.colcon_core.verb:set package 'navi' build argument 'catkin_cmake_args' from command line to 'None'
[0.188s] Level 5:colcon.colcon_core.verb:set package 'navi' build argument 'catkin_skip_building_tests' from command line to 'False'
[0.188s] DEBUG:colcon.colcon_core.verb:Building package 'navi' with the following arguments: {'ament_cmake_args': None, 'build_base': '/home/jaegyun/slam_ws/build/navi', 'catkin_cmake_args': None, 'catkin_skip_building_tests': False, 'cmake_args': None, 'cmake_clean_cache': False, 'cmake_clean_first': False, 'cmake_force_configure': False, 'cmake_target': None, 'cmake_target_skip_unavailable': False, 'install_base': '/home/jaegyun/slam_ws/install/navi', 'merge_install': False, 'path': '/home/jaegyun/slam_ws/src/navi', 'symlink_install': True, 'test_result_base': None}
[0.188s] Level 5:colcon.colcon_core.verb:set package 'simya_description' build argument 'cmake_args' from command line to 'None'
[0.188s] Level 5:colcon.colcon_core.verb:set package 'simya_description' build argument 'cmake_target' from command line to 'None'
[0.188s] Level 5:colcon.colcon_core.verb:set package 'simya_description' build argument 'cmake_target_skip_unavailable' from command line to 'False'
[0.188s] Level 5:colcon.colcon_core.verb:set package 'simya_description' build argument 'cmake_clean_cache' from command line to 'False'
[0.188s] Level 5:colcon.colcon_core.verb:set package 'simya_description' build argument 'cmake_clean_first' from command line to 'False'
[0.188s] Level 5:colcon.colcon_core.verb:set package 'simya_description' build argument 'cmake_force_configure' from command line to 'False'
[0.188s] Level 5:colcon.colcon_core.verb:set package 'simya_description' build argument 'ament_cmake_args' from command line to 'None'
[0.188s] Level 5:colcon.colcon_core.verb:set package 'simya_description' build argument 'catkin_cmake_args' from command line to 'None'
[0.188s] Level 5:colcon.colcon_core.verb:set package 'simya_description' build argument 'catkin_skip_building_tests' from command line to 'False'
[0.188s] DEBUG:colcon.colcon_core.verb:Building package 'simya_description' with the following arguments: {'ament_cmake_args': None, 'build_base': '/home/jaegyun/slam_ws/build/simya_description', 'catkin_cmake_args': None, 'catkin_skip_building_tests': False, 'cmake_args': None, 'cmake_clean_cache': False, 'cmake_clean_first': False, 'cmake_force_configure': False, 'cmake_target': None, 'cmake_target_skip_unavailable': False, 'install_base': '/home/jaegyun/slam_ws/install/simya_description', 'merge_install': False, 'path': '/home/jaegyun/slam_ws/src/simya_description', 'symlink_install': True, 'test_result_base': None}
[0.188s] Level 5:colcon.colcon_core.verb:set package 'ydlidar_ros2_driver' build argument 'cmake_args' from command line to 'None'
[0.188s] Level 5:colcon.colcon_core.verb:set package 'ydlidar_ros2_driver' build argument 'cmake_target' from command line to 'None'
[0.188s] Level 5:colcon.colcon_core.verb:set package 'ydlidar_ros2_driver' build argument 'cmake_target_skip_unavailable' from command line to 'False'
[0.188s] Level 5:colcon.colcon_core.verb:set package 'ydlidar_ros2_driver' build argument 'cmake_clean_cache' from command line to 'False'
[0.188s] Level 5:colcon.colcon_core.verb:set package 'ydlidar_ros2_driver' build argument 'cmake_clean_first' from command line to 'False'
[0.188s] Level 5:colcon.colcon_core.verb:set package 'ydlidar_ros2_driver' build argument 'cmake_force_configure' from command line to 'False'
[0.188s] Level 5:colcon.colcon_core.verb:set package 'ydlidar_ros2_driver' build argument 'ament_cmake_args' from command line to 'None'
[0.188s] Level 5:colcon.colcon_core.verb:set package 'ydlidar_ros2_driver' build argument 'catkin_cmake_args' from command line to 'None'
[0.188s] Level 5:colcon.colcon_core.verb:set package 'ydlidar_ros2_driver' build argument 'catkin_skip_building_tests' from command line to 'False'
[0.188s] DEBUG:colcon.colcon_core.verb:Building package 'ydlidar_ros2_driver' with the following arguments: {'ament_cmake_args': None, 'build_base': '/home/jaegyun/slam_ws/build/ydlidar_ros2_driver', 'catkin_cmake_args': None, 'catkin_skip_building_tests': False, 'cmake_args': None, 'cmake_clean_cache': False, 'cmake_clean_first': False, 'cmake_force_configure': False, 'cmake_target': None, 'cmake_target_skip_unavailable': False, 'install_base': '/home/jaegyun/slam_ws/install/ydlidar_ros2_driver', 'merge_install': False, 'path': '/home/jaegyun/slam_ws/src/ydlidar_ros2_driver', 'symlink_install': True, 'test_result_base': None}
[0.189s] INFO:colcon.colcon_core.executor:Executing jobs using 'parallel' executor
[0.189s] DEBUG:colcon.colcon_parallel_executor.executor.parallel:run_until_complete
[0.189s] INFO:colcon.colcon_ros.task.ament_cmake.build:Building ROS package in '/home/jaegyun/slam_ws/src/navi' with build type 'ament_cmake'
[0.189s] INFO:colcon.colcon_cmake.task.cmake.build:Building CMake package in '/home/jaegyun/slam_ws/src/navi'
[0.190s] INFO:colcon.colcon_core.plugin_system:Skipping extension 'colcon_core.shell.bat': Not used on non-Windows systems
[0.190s] INFO:colcon.colcon_core.shell:Skip shell extension 'powershell' for command environment: Not usable outside of PowerShell
[0.190s] DEBUG:colcon.colcon_core.shell:Skip shell extension 'dsv' for command environment
[0.193s] INFO:colcon.colcon_ros.task.ament_cmake.build:Building ROS package in '/home/jaegyun/slam_ws/src/simya_description' with build type 'ament_cmake'
[0.193s] INFO:colcon.colcon_cmake.task.cmake.build:Building CMake package in '/home/jaegyun/slam_ws/src/simya_description'
[0.193s] INFO:colcon.colcon_core.shell:Skip shell extension 'powershell' for command environment: Not usable outside of PowerShell
[0.193s] DEBUG:colcon.colcon_core.shell:Skip shell extension 'dsv' for command environment
[0.196s] INFO:colcon.colcon_ros.task.ament_cmake.build:Building ROS package in '/home/jaegyun/slam_ws/src/ydlidar_ros2_driver' with build type 'ament_cmake'
[0.196s] INFO:colcon.colcon_cmake.task.cmake.build:Building CMake package in '/home/jaegyun/slam_ws/src/ydlidar_ros2_driver'
[0.196s] INFO:colcon.colcon_core.shell:Skip shell extension 'powershell' for command environment: Not usable outside of PowerShell
[0.196s] DEBUG:colcon.colcon_core.shell:Skip shell extension 'dsv' for command environment
[0.201s] DEBUG:colcon.colcon_core.event_handler.log_command:Invoking command in '/home/jaegyun/slam_ws/build/navi': CMAKE_PREFIX_PATH=${CMAKE_PREFIX_PATH}:/home/jaegyun/turtlebot3_ws/install/turtlebot3_teleop:/home/jaegyun/turtlebot3_ws/install/turtlebot3_example:/opt/ros/humble /usr/bin/cmake --build /home/jaegyun/slam_ws/build/navi -- -j24 -l24
[0.202s] DEBUG:colcon.colcon_core.event_handler.log_command:Invoking command in '/home/jaegyun/slam_ws/build/simya_description': CMAKE_PREFIX_PATH=${CMAKE_PREFIX_PATH}:/home/jaegyun/turtlebot3_ws/install/turtlebot3_teleop:/home/jaegyun/turtlebot3_ws/install/turtlebot3_example:/opt/ros/humble /usr/bin/cmake --build /home/jaegyun/slam_ws/build/simya_description -- -j24 -l24
[0.204s] DEBUG:colcon.colcon_core.event_handler.log_command:Invoking command in '/home/jaegyun/slam_ws/build/ydlidar_ros2_driver': CMAKE_PREFIX_PATH=${CMAKE_PREFIX_PATH}:/home/jaegyun/turtlebot3_ws/install/turtlebot3_teleop:/home/jaegyun/turtlebot3_ws/install/turtlebot3_example:/opt/ros/humble /usr/bin/cmake --build /home/jaegyun/slam_ws/build/ydlidar_ros2_driver -- -j24 -l24
[0.230s] DEBUG:colcon.colcon_core.event_handler.log_command:Invoked command in '/home/jaegyun/slam_ws/build/simya_description' returned '0': CMAKE_PREFIX_PATH=${CMAKE_PREFIX_PATH}:/home/jaegyun/turtlebot3_ws/install/turtlebot3_teleop:/home/jaegyun/turtlebot3_ws/install/turtlebot3_example:/opt/ros/humble /usr/bin/cmake --build /home/jaegyun/slam_ws/build/simya_description -- -j24 -l24
[0.256s] DEBUG:colcon.colcon_core.event_handler.log_command:Invoking command in '/home/jaegyun/slam_ws/build/simya_description': CMAKE_PREFIX_PATH=${CMAKE_PREFIX_PATH}:/home/jaegyun/turtlebot3_ws/install/turtlebot3_teleop:/home/jaegyun/turtlebot3_ws/install/turtlebot3_example:/opt/ros/humble /usr/bin/cmake --install /home/jaegyun/slam_ws/build/simya_description
[0.257s] DEBUG:colcon.colcon_core.event_handler.log_command:Invoked command in '/home/jaegyun/slam_ws/build/navi' returned '0': CMAKE_PREFIX_PATH=${CMAKE_PREFIX_PATH}:/home/jaegyun/turtlebot3_ws/install/turtlebot3_teleop:/home/jaegyun/turtlebot3_ws/install/turtlebot3_example:/opt/ros/humble /usr/bin/cmake --build /home/jaegyun/slam_ws/build/navi -- -j24 -l24
[0.258s] DEBUG:colcon.colcon_core.event_handler.log_command:Invoked command in '/home/jaegyun/slam_ws/build/ydlidar_ros2_driver' returned '0': CMAKE_PREFIX_PATH=${CMAKE_PREFIX_PATH}:/home/jaegyun/turtlebot3_ws/install/turtlebot3_teleop:/home/jaegyun/turtlebot3_ws/install/turtlebot3_example:/opt/ros/humble /usr/bin/cmake --build /home/jaegyun/slam_ws/build/ydlidar_ros2_driver -- -j24 -l24
[0.271s] Level 1:colcon.colcon_core.environment:create_environment_scripts_only(simya_description)
[0.272s] DEBUG:colcon.colcon_core.event_handler.log_command:Invoked command in '/home/jaegyun/slam_ws/build/simya_description' returned '0': CMAKE_PREFIX_PATH=${CMAKE_PREFIX_PATH}:/home/jaegyun/turtlebot3_ws/install/turtlebot3_teleop:/home/jaegyun/turtlebot3_ws/install/turtlebot3_example:/opt/ros/humble /usr/bin/cmake --install /home/jaegyun/slam_ws/build/simya_description
[0.273s] Level 1:colcon.colcon_core.environment:checking '/home/jaegyun/slam_ws/install/simya_description' for CMake module files
[0.273s] Level 1:colcon.colcon_core.environment:checking '/home/jaegyun/slam_ws/install/simya_description' for CMake config files
[0.273s] Level 1:colcon.colcon_core.shell:create_environment_hook('simya_description', 'cmake_prefix_path')
[0.273s] INFO:colcon.colcon_core.shell:Creating environment hook '/home/jaegyun/slam_ws/install/simya_description/share/simya_description/hook/cmake_prefix_path.ps1'
[0.274s] INFO:colcon.colcon_core.shell:Creating environment descriptor '/home/jaegyun/slam_ws/install/simya_description/share/simya_description/hook/cmake_prefix_path.dsv'
[0.274s] INFO:colcon.colcon_core.shell:Creating environment hook '/home/jaegyun/slam_ws/install/simya_description/share/simya_description/hook/cmake_prefix_path.sh'
[0.274s] Level 1:colcon.colcon_core.environment:checking '/home/jaegyun/slam_ws/install/simya_description/bin'
[0.275s] Level 1:colcon.colcon_core.environment:checking '/home/jaegyun/slam_ws/install/simya_description/lib/pkgconfig/simya_description.pc'
[0.275s] Level 1:colcon.colcon_core.environment:checking '/home/jaegyun/slam_ws/install/simya_description/lib/python3.10/site-packages'
[0.275s] Level 1:colcon.colcon_core.environment:checking '/home/jaegyun/slam_ws/install/simya_description/bin'
[0.275s] INFO:colcon.colcon_core.shell:Creating package script '/home/jaegyun/slam_ws/install/simya_description/share/simya_description/package.ps1'
[0.275s] INFO:colcon.colcon_core.shell:Creating package descriptor '/home/jaegyun/slam_ws/install/simya_description/share/simya_description/package.dsv'
[0.275s] INFO:colcon.colcon_core.shell:Creating package script '/home/jaegyun/slam_ws/install/simya_description/share/simya_description/package.sh'
[0.276s] INFO:colcon.colcon_core.shell:Creating package script '/home/jaegyun/slam_ws/install/simya_description/share/simya_description/package.bash'
[0.276s] INFO:colcon.colcon_core.shell:Creating package script '/home/jaegyun/slam_ws/install/simya_description/share/simya_description/package.zsh'
[0.276s] Level 1:colcon.colcon_core.environment:create_file_with_runtime_dependencies(/home/jaegyun/slam_ws/install/simya_description/share/colcon-core/packages/simya_description)
[0.279s] DEBUG:colcon.colcon_core.event_handler.log_command:Invoking command in '/home/jaegyun/slam_ws/build/ydlidar_ros2_driver': CMAKE_PREFIX_PATH=${CMAKE_PREFIX_PATH}:/home/jaegyun/turtlebot3_ws/install/turtlebot3_teleop:/home/jaegyun/turtlebot3_ws/install/turtlebot3_example:/opt/ros/humble /usr/bin/cmake --install /home/jaegyun/slam_ws/build/ydlidar_ros2_driver
[0.280s] DEBUG:colcon.colcon_core.event_handler.log_command:Invoking command in '/home/jaegyun/slam_ws/build/navi': CMAKE_PREFIX_PATH=${CMAKE_PREFIX_PATH}:/home/jaegyun/turtlebot3_ws/install/turtlebot3_teleop:/home/jaegyun/turtlebot3_ws/install/turtlebot3_example:/opt/ros/humble /usr/bin/cmake --install /home/jaegyun/slam_ws/build/navi
[0.293s] Level 1:colcon.colcon_core.environment:create_environment_scripts_only(simya_description)
[0.293s] Level 1:colcon.colcon_core.environment:checking '/home/jaegyun/slam_ws/install/simya_description' for CMake module files
[0.293s] Level 1:colcon.colcon_core.environment:checking '/home/jaegyun/slam_ws/install/simya_description' for CMake config files
[0.293s] Level 1:colcon.colcon_core.shell:create_environment_hook('simya_description', 'cmake_prefix_path')
[0.293s] INFO:colcon.colcon_core.shell:Creating environment hook '/home/jaegyun/slam_ws/install/simya_description/share/simya_description/hook/cmake_prefix_path.ps1'
[0.294s] INFO:colcon.colcon_core.shell:Creating environment descriptor '/home/jaegyun/slam_ws/install/simya_description/share/simya_description/hook/cmake_prefix_path.dsv'
[0.294s] INFO:colcon.colcon_core.shell:Creating environment hook '/home/jaegyun/slam_ws/install/simya_description/share/simya_description/hook/cmake_prefix_path.sh'
[0.294s] Level 1:colcon.colcon_core.environment:checking '/home/jaegyun/slam_ws/install/simya_description/bin'
[0.294s] Level 1:colcon.colcon_core.environment:checking '/home/jaegyun/slam_ws/install/simya_description/lib/pkgconfig/simya_description.pc'
[0.294s] Level 1:colcon.colcon_core.environment:checking '/home/jaegyun/slam_ws/install/simya_description/lib/python3.10/site-packages'
[0.294s] Level 1:colcon.colcon_core.environment:checking '/home/jaegyun/slam_ws/install/simya_description/bin'
[0.294s] INFO:colcon.colcon_core.shell:Creating package script '/home/jaegyun/slam_ws/install/simya_description/share/simya_description/package.ps1'
[0.295s] INFO:colcon.colcon_core.shell:Creating package descriptor '/home/jaegyun/slam_ws/install/simya_description/share/simya_description/package.dsv'
[0.295s] INFO:colcon.colcon_core.shell:Creating package script '/home/jaegyun/slam_ws/install/simya_description/share/simya_description/package.sh'
[0.295s] INFO:colcon.colcon_core.shell:Creating package script '/home/jaegyun/slam_ws/install/simya_description/share/simya_description/package.bash'
[0.295s] INFO:colcon.colcon_core.shell:Creating package script '/home/jaegyun/slam_ws/install/simya_description/share/simya_description/package.zsh'
[0.296s] Level 1:colcon.colcon_core.environment:create_file_with_runtime_dependencies(/home/jaegyun/slam_ws/install/simya_description/share/colcon-core/packages/simya_description)
[0.296s] Level 1:colcon.colcon_core.environment:create_environment_scripts_only(ydlidar_ros2_driver)
[0.296s] Level 1:colcon.colcon_core.environment:checking '/home/jaegyun/slam_ws/install/ydlidar_ros2_driver' for CMake module files
[0.297s] DEBUG:colcon.colcon_core.event_handler.log_command:Invoked command in '/home/jaegyun/slam_ws/build/ydlidar_ros2_driver' returned '0': CMAKE_PREFIX_PATH=${CMAKE_PREFIX_PATH}:/home/jaegyun/turtlebot3_ws/install/turtlebot3_teleop:/home/jaegyun/turtlebot3_ws/install/turtlebot3_example:/opt/ros/humble /usr/bin/cmake --install /home/jaegyun/slam_ws/build/ydlidar_ros2_driver
[0.297s] Level 1:colcon.colcon_core.environment:checking '/home/jaegyun/slam_ws/install/ydlidar_ros2_driver' for CMake config files
[0.297s] Level 1:colcon.colcon_core.shell:create_environment_hook('ydlidar_ros2_driver', 'cmake_prefix_path')
[0.297s] INFO:colcon.colcon_core.shell:Creating environment hook '/home/jaegyun/slam_ws/install/ydlidar_ros2_driver/share/ydlidar_ros2_driver/hook/cmake_prefix_path.ps1'
[0.297s] INFO:colcon.colcon_core.shell:Creating environment descriptor '/home/jaegyun/slam_ws/install/ydlidar_ros2_driver/share/ydlidar_ros2_driver/hook/cmake_prefix_path.dsv'
[0.298s] INFO:colcon.colcon_core.shell:Creating environment hook '/home/jaegyun/slam_ws/install/ydlidar_ros2_driver/share/ydlidar_ros2_driver/hook/cmake_prefix_path.sh'
[0.298s] Level 1:colcon.colcon_core.environment:checking '/home/jaegyun/slam_ws/install/ydlidar_ros2_driver/lib'
[0.298s] Level 1:colcon.colcon_core.environment:checking '/home/jaegyun/slam_ws/install/ydlidar_ros2_driver/bin'
[0.298s] Level 1:colcon.colcon_core.environment:checking '/home/jaegyun/slam_ws/install/ydlidar_ros2_driver/lib/pkgconfig/ydlidar_ros2_driver.pc'
[0.298s] Level 1:colcon.colcon_core.environment:checking '/home/jaegyun/slam_ws/install/ydlidar_ros2_driver/lib/python3.10/site-packages'
[0.298s] Level 1:colcon.colcon_core.environment:checking '/home/jaegyun/slam_ws/install/ydlidar_ros2_driver/bin'
[0.298s] INFO:colcon.colcon_core.shell:Creating package script '/home/jaegyun/slam_ws/install/ydlidar_ros2_driver/share/ydlidar_ros2_driver/package.ps1'
[0.298s] INFO:colcon.colcon_core.shell:Creating package descriptor '/home/jaegyun/slam_ws/install/ydlidar_ros2_driver/share/ydlidar_ros2_driver/package.dsv'
[0.299s] INFO:colcon.colcon_core.shell:Creating package script '/home/jaegyun/slam_ws/install/ydlidar_ros2_driver/share/ydlidar_ros2_driver/package.sh'
[0.299s] INFO:colcon.colcon_core.shell:Creating package script '/home/jaegyun/slam_ws/install/ydlidar_ros2_driver/share/ydlidar_ros2_driver/package.bash'
[0.299s] INFO:colcon.colcon_core.shell:Creating package script '/home/jaegyun/slam_ws/install/ydlidar_ros2_driver/share/ydlidar_ros2_driver/package.zsh'
[0.299s] Level 1:colcon.colcon_core.environment:create_file_with_runtime_dependencies(/home/jaegyun/slam_ws/install/ydlidar_ros2_driver/share/colcon-core/packages/ydlidar_ros2_driver)
[0.300s] Level 1:colcon.colcon_core.environment:create_environment_scripts_only(navi)
[0.300s] Level 1:colcon.colcon_core.environment:checking '/home/jaegyun/slam_ws/install/navi' for CMake module files
[0.300s] DEBUG:colcon.colcon_core.event_handler.log_command:Invoked command in '/home/jaegyun/slam_ws/build/navi' returned '0': CMAKE_PREFIX_PATH=${CMAKE_PREFIX_PATH}:/home/jaegyun/turtlebot3_ws/install/turtlebot3_teleop:/home/jaegyun/turtlebot3_ws/install/turtlebot3_example:/opt/ros/humble /usr/bin/cmake --install /home/jaegyun/slam_ws/build/navi
[0.300s] Level 1:colcon.colcon_core.environment:checking '/home/jaegyun/slam_ws/install/navi' for CMake config files
[0.301s] Level 1:colcon.colcon_core.shell:create_environment_hook('navi', 'cmake_prefix_path')
[0.301s] INFO:colcon.colcon_core.shell:Creating environment hook '/home/jaegyun/slam_ws/install/navi/share/navi/hook/cmake_prefix_path.ps1'
[0.301s] INFO:colcon.colcon_core.shell:Creating environment descriptor '/home/jaegyun/slam_ws/install/navi/share/navi/hook/cmake_prefix_path.dsv'
[0.301s] INFO:colcon.colcon_core.shell:Creating environment hook '/home/jaegyun/slam_ws/install/navi/share/navi/hook/cmake_prefix_path.sh'
[0.301s] Level 1:colcon.colcon_core.environment:checking '/home/jaegyun/slam_ws/install/navi/lib'
[0.301s] Level 1:colcon.colcon_core.environment:checking '/home/jaegyun/slam_ws/install/navi/bin'
[0.301s] Level 1:colcon.colcon_core.environment:checking '/home/jaegyun/slam_ws/install/navi/lib/pkgconfig/navi.pc'
[0.301s] Level 1:colcon.colcon_core.environment:checking '/home/jaegyun/slam_ws/install/navi/lib/python3.10/site-packages'
[0.301s] Level 1:colcon.colcon_core.environment:checking '/home/jaegyun/slam_ws/install/navi/bin'
[0.302s] INFO:colcon.colcon_core.shell:Creating package script '/home/jaegyun/slam_ws/install/navi/share/navi/package.ps1'
[0.302s] INFO:colcon.colcon_core.shell:Creating package descriptor '/home/jaegyun/slam_ws/install/navi/share/navi/package.dsv'
[0.302s] INFO:colcon.colcon_core.shell:Creating package script '/home/jaegyun/slam_ws/install/navi/share/navi/package.sh'
[0.302s] INFO:colcon.colcon_core.shell:Creating package script '/home/jaegyun/slam_ws/install/navi/share/navi/package.bash'
[0.302s] INFO:colcon.colcon_core.shell:Creating package script '/home/jaegyun/slam_ws/install/navi/share/navi/package.zsh'
[0.302s] Level 1:colcon.colcon_core.environment:create_file_with_runtime_dependencies(/home/jaegyun/slam_ws/install/navi/share/colcon-core/packages/navi)
[0.320s] Level 1:colcon.colcon_core.environment:create_environment_scripts_only(ydlidar_ros2_driver)
[0.320s] Level 1:colcon.colcon_core.environment:checking '/home/jaegyun/slam_ws/install/ydlidar_ros2_driver' for CMake module files
[0.320s] Level 1:colcon.colcon_core.environment:checking '/home/jaegyun/slam_ws/install/ydlidar_ros2_driver' for CMake config files
[0.321s] Level 1:colcon.colcon_core.shell:create_environment_hook('ydlidar_ros2_driver', 'cmake_prefix_path')
[0.321s] INFO:colcon.colcon_core.shell:Creating environment hook '/home/jaegyun/slam_ws/install/ydlidar_ros2_driver/share/ydlidar_ros2_driver/hook/cmake_prefix_path.ps1'
[0.321s] INFO:colcon.colcon_core.shell:Creating environment descriptor '/home/jaegyun/slam_ws/install/ydlidar_ros2_driver/share/ydlidar_ros2_driver/hook/cmake_prefix_path.dsv'
[0.321s] INFO:colcon.colcon_core.shell:Creating environment hook '/home/jaegyun/slam_ws/install/ydlidar_ros2_driver/share/ydlidar_ros2_driver/hook/cmake_prefix_path.sh'
[0.322s] Level 1:colcon.colcon_core.environment:checking '/home/jaegyun/slam_ws/install/ydlidar_ros2_driver/lib'
[0.322s] Level 1:colcon.colcon_core.environment:checking '/home/jaegyun/slam_ws/install/ydlidar_ros2_driver/bin'
[0.322s] Level 1:colcon.colcon_core.environment:checking '/home/jaegyun/slam_ws/install/ydlidar_ros2_driver/lib/pkgconfig/ydlidar_ros2_driver.pc'
[0.322s] Level 1:colcon.colcon_core.environment:checking '/home/jaegyun/slam_ws/install/ydlidar_ros2_driver/lib/python3.10/site-packages'
[0.322s] Level 1:colcon.colcon_core.environment:checking '/home/jaegyun/slam_ws/install/ydlidar_ros2_driver/bin'
[0.322s] INFO:colcon.colcon_core.shell:Creating package script '/home/jaegyun/slam_ws/install/ydlidar_ros2_driver/share/ydlidar_ros2_driver/package.ps1'
[0.322s] INFO:colcon.colcon_core.shell:Creating package descriptor '/home/jaegyun/slam_ws/install/ydlidar_ros2_driver/share/ydlidar_ros2_driver/package.dsv'
[0.322s] INFO:colcon.colcon_core.shell:Creating package script '/home/jaegyun/slam_ws/install/ydlidar_ros2_driver/share/ydlidar_ros2_driver/package.sh'
[0.323s] INFO:colcon.colcon_core.shell:Creating package script '/home/jaegyun/slam_ws/install/ydlidar_ros2_driver/share/ydlidar_ros2_driver/package.bash'
[0.323s] INFO:colcon.colcon_core.shell:Creating package script '/home/jaegyun/slam_ws/install/ydlidar_ros2_driver/share/ydlidar_ros2_driver/package.zsh'
[0.323s] Level 1:colcon.colcon_core.environment:create_file_with_runtime_dependencies(/home/jaegyun/slam_ws/install/ydlidar_ros2_driver/share/colcon-core/packages/ydlidar_ros2_driver)
[0.324s] Level 1:colcon.colcon_core.environment:create_environment_scripts_only(navi)
[0.324s] Level 1:colcon.colcon_core.environment:checking '/home/jaegyun/slam_ws/install/navi' for CMake module files
[0.324s] Level 1:colcon.colcon_core.environment:checking '/home/jaegyun/slam_ws/install/navi' for CMake config files
[0.325s] Level 1:colcon.colcon_core.shell:create_environment_hook('navi', 'cmake_prefix_path')
[0.325s] INFO:colcon.colcon_core.shell:Creating environment hook '/home/jaegyun/slam_ws/install/navi/share/navi/hook/cmake_prefix_path.ps1'
[0.325s] INFO:colcon.colcon_core.shell:Creating environment descriptor '/home/jaegyun/slam_ws/install/navi/share/navi/hook/cmake_prefix_path.dsv'
[0.325s] INFO:colcon.colcon_core.shell:Creating environment hook '/home/jaegyun/slam_ws/install/navi/share/navi/hook/cmake_prefix_path.sh'
[0.325s] Level 1:colcon.colcon_core.environment:checking '/home/jaegyun/slam_ws/install/navi/lib'
[0.325s] Level 1:colcon.colcon_core.environment:checking '/home/jaegyun/slam_ws/install/navi/bin'
[0.325s] Level 1:colcon.colcon_core.environment:checking '/home/jaegyun/slam_ws/install/navi/lib/pkgconfig/navi.pc'
[0.326s] Level 1:colcon.colcon_core.environment:checking '/home/jaegyun/slam_ws/install/navi/lib/python3.10/site-packages'
[0.326s] Level 1:colcon.colcon_core.environment:checking '/home/jaegyun/slam_ws/install/navi/bin'
[0.326s] INFO:colcon.colcon_core.shell:Creating package script '/home/jaegyun/slam_ws/install/navi/share/navi/package.ps1'
[0.326s] INFO:colcon.colcon_core.shell:Creating package descriptor '/home/jaegyun/slam_ws/install/navi/share/navi/package.dsv'
[0.326s] INFO:colcon.colcon_core.shell:Creating package script '/home/jaegyun/slam_ws/install/navi/share/navi/package.sh'
[0.326s] INFO:colcon.colcon_core.shell:Creating package script '/home/jaegyun/slam_ws/install/navi/share/navi/package.bash'
[0.327s] INFO:colcon.colcon_core.shell:Creating package script '/home/jaegyun/slam_ws/install/navi/share/navi/package.zsh'
[0.327s] Level 1:colcon.colcon_core.environment:create_file_with_runtime_dependencies(/home/jaegyun/slam_ws/install/navi/share/colcon-core/packages/navi)
[0.327s] DEBUG:colcon.colcon_parallel_executor.executor.parallel:closing loop
[0.327s] DEBUG:colcon.colcon_parallel_executor.executor.parallel:loop closed
[0.327s] DEBUG:colcon.colcon_parallel_executor.executor.parallel:run_until_complete finished with '0'
[0.327s] DEBUG:colcon.colcon_core.event_reactor:joining thread
[0.330s] INFO:colcon.colcon_core.plugin_system:Skipping extension 'colcon_notification.desktop_notification.terminal_notifier': Not used on non-Darwin systems
[0.330s] INFO:colcon.colcon_core.plugin_system:Skipping extension 'colcon_notification.desktop_notification.win32': Not used on non-Windows systems
[0.330s] INFO:colcon.colcon_notification.desktop_notification:Sending desktop notification using 'notify2'
[0.344s] DEBUG:colcon.colcon_core.event_reactor:joined thread
[0.344s] INFO:colcon.colcon_core.shell:Creating prefix script '/home/jaegyun/slam_ws/install/local_setup.ps1'
[0.345s] INFO:colcon.colcon_core.shell:Creating prefix util module '/home/jaegyun/slam_ws/install/_local_setup_util_ps1.py'
[0.346s] INFO:colcon.colcon_core.shell:Creating prefix chain script '/home/jaegyun/slam_ws/install/setup.ps1'
[0.347s] INFO:colcon.colcon_core.shell:Creating prefix script '/home/jaegyun/slam_ws/install/local_setup.sh'
[0.347s] INFO:colcon.colcon_core.shell:Creating prefix util module '/home/jaegyun/slam_ws/install/_local_setup_util_sh.py'
[0.348s] INFO:colcon.colcon_core.shell:Creating prefix chain script '/home/jaegyun/slam_ws/install/setup.sh'
[0.349s] INFO:colcon.colcon_core.shell:Creating prefix script '/home/jaegyun/slam_ws/install/local_setup.bash'
[0.349s] INFO:colcon.colcon_core.shell:Creating prefix chain script '/home/jaegyun/slam_ws/install/setup.bash'
[0.350s] INFO:colcon.colcon_core.shell:Creating prefix script '/home/jaegyun/slam_ws/install/local_setup.zsh'
[0.350s] INFO:colcon.colcon_core.shell:Creating prefix chain script '/home/jaegyun/slam_ws/install/setup.zsh'
