[0.011s] Invoking command in '/home/jaegyun/slam_ws/build/navi': CMAKE_PREFIX_PATH=${CMAKE_PREFIX_PATH}:/home/jaegyun/turtlebot3_ws/install/turtlebot3_teleop:/home/jaegyun/turtlebot3_ws/install/turtlebot3_example:/opt/ros/humble /usr/bin/cmake /home/jaegyun/slam_ws/src/navi -DAMENT_CMAKE_SYMLINK_INSTALL=1 -DCMAKE_INSTALL_PREFIX=/home/jaegyun/slam_ws/install/navi
[0.045s] -- The C compiler identification is GNU 11.4.0
[0.079s] -- The CXX compiler identification is GNU 11.4.0
[0.083s] -- Detecting C compiler ABI info
[0.129s] -- Detecting C compiler ABI info - done
[0.132s] -- Check for working C compiler: /usr/bin/cc - skipped
[0.133s] -- Detecting C compile features
[0.133s] -- Detecting C compile features - done
[0.134s] -- Detecting CXX compiler ABI info
[0.186s] -- Detecting CXX compiler ABI info - done
[0.190s] -- Check for working CXX compiler: /usr/bin/c++ - skipped
[0.190s] -- Detecting CXX compile features
[0.190s] -- Detecting CXX compile features - done
[0.192s] -- Found ament_cmake: 1.3.10 (/opt/ros/humble/share/ament_cmake/cmake)
[0.281s] -- Found Python3: /usr/bin/python3 (found version "3.10.12") found components: Interpreter 
[0.314s] -- Override CMake install command with custom implementation using symlinks instead of copying resources
[0.344s] -- Found rclcpp: 16.0.10 (/opt/ros/humble/share/rclcpp/cmake)
[0.378s] -- Found rosidl_generator_c: 3.1.5 (/opt/ros/humble/share/rosidl_generator_c/cmake)
[0.383s] -- Found rosidl_adapter: 3.1.5 (/opt/ros/humble/share/rosidl_adapter/cmake)
[0.389s] -- Found rosidl_generator_cpp: 3.1.5 (/opt/ros/humble/share/rosidl_generator_cpp/cmake)
[0.398s] -- Using all available rosidl_typesupport_c: rosidl_typesupport_fastrtps_c;rosidl_typesupport_introspection_c
[0.410s] -- Using all available rosidl_typesupport_cpp: rosidl_typesupport_fastrtps_cpp;rosidl_typesupport_introspection_cpp
[0.443s] -- Found rmw_implementation_cmake: 6.1.2 (/opt/ros/humble/share/rmw_implementation_cmake/cmake)
[0.445s] -- Found rmw_fastrtps_cpp: 6.2.7 (/opt/ros/humble/share/rmw_fastrtps_cpp/cmake)
[0.516s] -- Found OpenSSL: /usr/lib/x86_64-linux-gnu/libcrypto.so (found version "3.0.2")  
[0.536s] -- Found FastRTPS: /opt/ros/humble/include  
[0.564s] -- Using RMW implementation 'rmw_fastrtps_cpp' as default
[0.572s] -- Looking for pthread.h
[0.619s] -- Looking for pthread.h - found
[0.619s] -- Performing Test CMAKE_HAVE_LIBC_PTHREAD
[0.669s] -- Performing Test CMAKE_HAVE_LIBC_PTHREAD - Success
[0.670s] -- Found Threads: TRUE  
[0.702s] -- Found rclcpp_action: 16.0.10 (/opt/ros/humble/share/rclcpp_action/cmake)
[0.723s] -- Found nav2_msgs: 1.1.16 (/opt/ros/humble/share/nav2_msgs/cmake)
[0.755s] -- Found std_srvs: 4.2.4 (/opt/ros/humble/share/std_srvs/cmake)
[0.760s] -- Found tf2_geometry_msgs: 0.25.8 (/opt/ros/humble/share/tf2_geometry_msgs/cmake)
[0.773s] -- Found eigen3_cmake_module: 0.1.1 (/opt/ros/humble/share/eigen3_cmake_module/cmake)
[0.773s] -- Found Eigen3: TRUE (found version "3.4.0") 
[0.773s] -- Ensuring Eigen3 include directory is part of orocos-kdl CMake target
[0.818s] -- Found nav2_behavior_tree: 1.1.16 (/opt/ros/humble/share/nav2_behavior_tree/cmake)
[0.927s] -- Configuring done
[0.952s] -- Generating done
[0.953s] -- Build files have been written to: /home/jaegyun/slam_ws/build/navi
[0.962s] Invoked command in '/home/jaegyun/slam_ws/build/navi' returned '0': CMAKE_PREFIX_PATH=${CMAKE_PREFIX_PATH}:/home/jaegyun/turtlebot3_ws/install/turtlebot3_teleop:/home/jaegyun/turtlebot3_ws/install/turtlebot3_example:/opt/ros/humble /usr/bin/cmake /home/jaegyun/slam_ws/src/navi -DAMENT_CMAKE_SYMLINK_INSTALL=1 -DCMAKE_INSTALL_PREFIX=/home/jaegyun/slam_ws/install/navi
[0.963s] Invoking command in '/home/jaegyun/slam_ws/build/navi': CMAKE_PREFIX_PATH=${CMAKE_PREFIX_PATH}:/home/jaegyun/turtlebot3_ws/install/turtlebot3_teleop:/home/jaegyun/turtlebot3_ws/install/turtlebot3_example:/opt/ros/humble /usr/bin/cmake --build /home/jaegyun/slam_ws/build/navi -- -j24 -l24
[1.001s] [ 25%] [32mBuilding CXX object CMakeFiles/goal_publisher.dir/src/goal_publisher.cpp.o[0m
[1.002s] [ 50%] [32mBuilding CXX object CMakeFiles/bt_main.dir/src/bt_main.cpp.o[0m
[3.257s] [ 75%] [32m[1mLinking CXX executable goal_publisher[0m
[3.350s] [ 75%] Built target goal_publisher
[10.045s] [100%] [32m[1mLinking CXX executable bt_main[0m
[10.656s] [100%] Built target bt_main
[10.664s] Invoked command in '/home/jaegyun/slam_ws/build/navi' returned '0': CMAKE_PREFIX_PATH=${CMAKE_PREFIX_PATH}:/home/jaegyun/turtlebot3_ws/install/turtlebot3_teleop:/home/jaegyun/turtlebot3_ws/install/turtlebot3_example:/opt/ros/humble /usr/bin/cmake --build /home/jaegyun/slam_ws/build/navi -- -j24 -l24
[10.684s] Invoking command in '/home/jaegyun/slam_ws/build/navi': CMAKE_PREFIX_PATH=${CMAKE_PREFIX_PATH}:/home/jaegyun/turtlebot3_ws/install/turtlebot3_teleop:/home/jaegyun/turtlebot3_ws/install/turtlebot3_example:/opt/ros/humble /usr/bin/cmake --install /home/jaegyun/slam_ws/build/navi
[10.689s] -- Install configuration: ""
[10.689s] -- Execute custom install script
[10.689s] -- Symlinking: /home/jaegyun/slam_ws/install/navi/share/navi/launch/behavior.launch.py
[10.696s] -- Symlinking: /home/jaegyun/slam_ws/install/navi/share/navi/launch/navigation2.launch.py
[10.702s] -- Symlinking: /home/jaegyun/slam_ws/install/navi/share/navi/launch/navigation2_rviz.launch.py
[10.708s] -- Symlinking: /home/jaegyun/slam_ws/install/navi/share/navi/launch/publishernode.launch.py
[10.714s] -- Symlinking: /home/jaegyun/slam_ws/install/navi/share/navi/launch/publishernode2.launch.py
[10.720s] -- Symlinking: /home/jaegyun/slam_ws/install/navi/share/navi/map/ert.pgm
[10.726s] -- Symlinking: /home/jaegyun/slam_ws/install/navi/share/navi/map/ert.yaml
[10.733s] -- Symlinking: /home/jaegyun/slam_ws/install/navi/share/navi/map/fucking.pgm
[10.739s] -- Symlinking: /home/jaegyun/slam_ws/install/navi/share/navi/map/fucking.yaml
[10.745s] -- Symlinking: /home/jaegyun/slam_ws/install/navi/share/navi/map/rty.pgm
[10.750s] -- Symlinking: /home/jaegyun/slam_ws/install/navi/share/navi/map/rty.yaml
[10.755s] -- Symlinking: /home/jaegyun/slam_ws/install/navi/share/navi/map/wer.pgm
[10.760s] -- Symlinking: /home/jaegyun/slam_ws/install/navi/share/navi/map/wer.yaml
[10.765s] -- Symlinking: /home/jaegyun/slam_ws/install/navi/share/navi/param/simya.yaml
[10.770s] -- Symlinking: /home/jaegyun/slam_ws/install/navi/share/navi/rviz/tb3_navigation2.rviz
[10.775s] -- Symlinking: /home/jaegyun/slam_ws/install/navi/share/navi/behavior_tree/goal.xml
[10.781s] -- Symlinking: /home/jaegyun/slam_ws/install/navi/share/navi/include/simya_bt/Isgoal.hpp
[10.788s] -- Symlinking: /home/jaegyun/slam_ws/install/navi/share/navi/include/simya_bt/cleargoalpose.hpp
[10.794s] -- Symlinking: /home/jaegyun/slam_ws/install/navi/share/navi/include/simya_bt/goalcheckerpub.hpp
[10.800s] -- Symlinking: /home/jaegyun/slam_ws/install/navi/share/navi/include/simya_bt/goalposeCheck.hpp
[10.806s] -- Symlinking: /home/jaegyun/slam_ws/install/navi/share/navi/include/simya_bt/goaltrigger.hpp
[10.811s] -- Symlinking: /home/jaegyun/slam_ws/install/navi/share/navi/include/simya_bt/humanfollowing.hpp
[10.817s] -- Symlinking: /home/jaegyun/slam_ws/install/navi/share/navi/include/simya_bt/nav2_client.hpp
[10.822s] -- Symlinking: /home/jaegyun/slam_ws/install/navi/lib/navi/goal_publisher
[10.829s] -- Symlinking: /home/jaegyun/slam_ws/install/navi/lib/navi/bt_main
[10.835s] -- Symlinking: /home/jaegyun/slam_ws/install/navi/share/ament_index/resource_index/package_run_dependencies/navi
[10.841s] -- Symlinking: /home/jaegyun/slam_ws/install/navi/share/ament_index/resource_index/parent_prefix_path/navi
[10.847s] -- Symlinking: /home/jaegyun/slam_ws/install/navi/share/navi/environment/ament_prefix_path.sh
[10.853s] -- Symlinking: /home/jaegyun/slam_ws/install/navi/share/navi/environment/ament_prefix_path.dsv
[10.860s] -- Symlinking: /home/jaegyun/slam_ws/install/navi/share/navi/environment/path.sh
[10.865s] -- Symlinking: /home/jaegyun/slam_ws/install/navi/share/navi/environment/path.dsv
[10.871s] -- Symlinking: /home/jaegyun/slam_ws/install/navi/share/navi/local_setup.bash
[10.877s] -- Symlinking: /home/jaegyun/slam_ws/install/navi/share/navi/local_setup.sh
[10.882s] -- Symlinking: /home/jaegyun/slam_ws/install/navi/share/navi/local_setup.zsh
[10.888s] -- Symlinking: /home/jaegyun/slam_ws/install/navi/share/navi/local_setup.dsv
[10.893s] -- Symlinking: /home/jaegyun/slam_ws/install/navi/share/navi/package.dsv
[10.899s] -- Symlinking: /home/jaegyun/slam_ws/install/navi/share/ament_index/resource_index/packages/navi
[10.904s] -- Symlinking: /home/jaegyun/slam_ws/install/navi/share/navi/cmake/naviConfig.cmake
[10.909s] -- Symlinking: /home/jaegyun/slam_ws/install/navi/share/navi/cmake/naviConfig-version.cmake
[10.914s] -- Symlinking: /home/jaegyun/slam_ws/install/navi/share/navi/package.xml
[10.922s] Invoked command in '/home/jaegyun/slam_ws/build/navi' returned '0': CMAKE_PREFIX_PATH=${CMAKE_PREFIX_PATH}:/home/jaegyun/turtlebot3_ws/install/turtlebot3_teleop:/home/jaegyun/turtlebot3_ws/install/turtlebot3_example:/opt/ros/humble /usr/bin/cmake --install /home/jaegyun/slam_ws/build/navi
