[0.056s] DEBUG:colcon:Command line arguments: ['/usr/bin/colcon', 'build', '--symlink-install']
[0.056s] DEBUG:colcon:Parsed command line arguments: Namespace(log_base=None, log_level=None, verb_name='build', build_base='build', install_base='install', merge_install=False, symlink_install=True, test_result_base=None, continue_on_error=False, executor='parallel', parallel_workers=24, event_handlers=None, ignore_user_meta=False, metas=['./colcon.meta'], base_paths=['.'], packages_ignore=None, packages_ignore_regex=None, paths=None, packages_up_to=None, packages_up_to_regex=None, packages_above=None, packages_above_and_dependencies=None, packages_above_depth=None, packages_select_by_dep=None, packages_skip_by_dep=None, packages_skip_up_to=None, packages_select_build_failed=False, packages_skip_build_finished=False, packages_select_test_failures=False, packages_skip_test_passed=False, packages_select=None, packages_skip=None, packages_select_regex=None, packages_skip_regex=None, packages_start=None, packages_end=None, allow_overriding=[], cmake_args=None, cmake_target=None, cmake_target_skip_unavailable=False, cmake_clean_cache=False, cmake_clean_first=False, cmake_force_configure=False, ament_cmake_args=None, catkin_cmake_args=None, catkin_skip_building_tests=False, mixin_files=None, mixin=None, verb_parser=<colcon_mixin.mixin.mixin_argument.MixinArgumentDecorator object at 0x77a52c1f35e0>, verb_extension=<colcon_core.verb.build.BuildVerb object at 0x77a52c39cb80>, main=<bound method BuildVerb.main of <colcon_core.verb.build.BuildVerb object at 0x77a52c39cb80>>, mixin_verb=('build',))
[0.145s] Level 1:colcon.colcon_core.package_discovery:discover_packages(colcon_meta) check parameters
[0.146s] Level 1:colcon.colcon_core.package_discovery:discover_packages(recursive) check parameters
[0.146s] Level 1:colcon.colcon_core.package_discovery:discover_packages(ignore) check parameters
[0.146s] Level 1:colcon.colcon_core.package_discovery:discover_packages(path) check parameters
[0.146s] Level 1:colcon.colcon_core.package_discovery:discover_packages(colcon_meta) discover
[0.146s] Level 1:colcon.colcon_core.package_discovery:discover_packages(recursive) discover
[0.146s] INFO:colcon.colcon_core.package_discovery:Crawling recursively for packages in '/home/jaegyun/slam_ws'
[0.146s] Level 1:colcon.colcon_core.package_identification:_identify(.) by extensions ['ignore', 'ignore_ament_install']
[0.146s] Level 1:colcon.colcon_core.package_identification:_identify(.) by extension 'ignore'
[0.146s] Level 1:colcon.colcon_core.package_identification:_identify(.) by extension 'ignore_ament_install'
[0.146s] Level 1:colcon.colcon_core.package_identification:_identify(.) by extensions ['colcon_pkg']
[0.146s] Level 1:colcon.colcon_core.package_identification:_identify(.) by extension 'colcon_pkg'
[0.146s] Level 1:colcon.colcon_core.package_identification:_identify(.) by extensions ['colcon_meta']
[0.146s] Level 1:colcon.colcon_core.package_identification:_identify(.) by extension 'colcon_meta'
[0.146s] Level 1:colcon.colcon_core.package_identification:_identify(.) by extensions ['ros']
[0.146s] Level 1:colcon.colcon_core.package_identification:_identify(.) by extension 'ros'
[0.157s] Level 1:colcon.colcon_core.package_identification:_identify(.) by extensions ['cmake', 'python']
[0.157s] Level 1:colcon.colcon_core.package_identification:_identify(.) by extension 'cmake'
[0.157s] Level 1:colcon.colcon_core.package_identification:_identify(.) by extension 'python'
[0.157s] Level 1:colcon.colcon_core.package_identification:_identify(.) by extensions ['python_setup_py']
[0.157s] Level 1:colcon.colcon_core.package_identification:_identify(.) by extension 'python_setup_py'
[0.157s] Level 1:colcon.colcon_core.package_identification:_identify(build) by extensions ['ignore', 'ignore_ament_install']
[0.157s] Level 1:colcon.colcon_core.package_identification:_identify(build) by extension 'ignore'
[0.157s] Level 1:colcon.colcon_core.package_identification:_identify(build) ignored
[0.157s] Level 1:colcon.colcon_core.package_identification:_identify(install) by extensions ['ignore', 'ignore_ament_install']
[0.157s] Level 1:colcon.colcon_core.package_identification:_identify(install) by extension 'ignore'
[0.157s] Level 1:colcon.colcon_core.package_identification:_identify(install) ignored
[0.157s] Level 1:colcon.colcon_core.package_identification:_identify(log) by extensions ['ignore', 'ignore_ament_install']
[0.157s] Level 1:colcon.colcon_core.package_identification:_identify(log) by extension 'ignore'
[0.157s] Level 1:colcon.colcon_core.package_identification:_identify(log) ignored
[0.157s] Level 1:colcon.colcon_core.package_identification:_identify(src) by extensions ['ignore', 'ignore_ament_install']
[0.157s] Level 1:colcon.colcon_core.package_identification:_identify(src) by extension 'ignore'
[0.157s] Level 1:colcon.colcon_core.package_identification:_identify(src) by extension 'ignore_ament_install'
[0.157s] Level 1:colcon.colcon_core.package_identification:_identify(src) by extensions ['colcon_pkg']
[0.157s] Level 1:colcon.colcon_core.package_identification:_identify(src) by extension 'colcon_pkg'
[0.157s] Level 1:colcon.colcon_core.package_identification:_identify(src) by extensions ['colcon_meta']
[0.157s] Level 1:colcon.colcon_core.package_identification:_identify(src) by extension 'colcon_meta'
[0.157s] Level 1:colcon.colcon_core.package_identification:_identify(src) by extensions ['ros']
[0.157s] Level 1:colcon.colcon_core.package_identification:_identify(src) by extension 'ros'
[0.157s] Level 1:colcon.colcon_core.package_identification:_identify(src) by extensions ['cmake', 'python']
[0.157s] Level 1:colcon.colcon_core.package_identification:_identify(src) by extension 'cmake'
[0.157s] Level 1:colcon.colcon_core.package_identification:_identify(src) by extension 'python'
[0.157s] Level 1:colcon.colcon_core.package_identification:_identify(src) by extensions ['python_setup_py']
[0.157s] Level 1:colcon.colcon_core.package_identification:_identify(src) by extension 'python_setup_py'
[0.157s] Level 1:colcon.colcon_core.package_identification:_identify(src/navi) by extensions ['ignore', 'ignore_ament_install']
[0.157s] Level 1:colcon.colcon_core.package_identification:_identify(src/navi) by extension 'ignore'
[0.157s] Level 1:colcon.colcon_core.package_identification:_identify(src/navi) by extension 'ignore_ament_install'
[0.157s] Level 1:colcon.colcon_core.package_identification:_identify(src/navi) by extensions ['colcon_pkg']
[0.157s] Level 1:colcon.colcon_core.package_identification:_identify(src/navi) by extension 'colcon_pkg'
[0.158s] Level 1:colcon.colcon_core.package_identification:_identify(src/navi) by extensions ['colcon_meta']
[0.158s] Level 1:colcon.colcon_core.package_identification:_identify(src/navi) by extension 'colcon_meta'
[0.158s] Level 1:colcon.colcon_core.package_identification:_identify(src/navi) by extensions ['ros']
[0.158s] Level 1:colcon.colcon_core.package_identification:_identify(src/navi) by extension 'ros'
[0.159s] DEBUG:colcon.colcon_core.package_identification:Package 'src/navi' with type 'ros.ament_cmake' and name 'navi'
[0.159s] Level 1:colcon.colcon_core.package_identification:_identify(src/simya_description) by extensions ['ignore', 'ignore_ament_install']
[0.159s] Level 1:colcon.colcon_core.package_identification:_identify(src/simya_description) by extension 'ignore'
[0.159s] Level 1:colcon.colcon_core.package_identification:_identify(src/simya_description) by extension 'ignore_ament_install'
[0.159s] Level 1:colcon.colcon_core.package_identification:_identify(src/simya_description) by extensions ['colcon_pkg']
[0.159s] Level 1:colcon.colcon_core.package_identification:_identify(src/simya_description) by extension 'colcon_pkg'
[0.159s] Level 1:colcon.colcon_core.package_identification:_identify(src/simya_description) by extensions ['colcon_meta']
[0.159s] Level 1:colcon.colcon_core.package_identification:_identify(src/simya_description) by extension 'colcon_meta'
[0.159s] Level 1:colcon.colcon_core.package_identification:_identify(src/simya_description) by extensions ['ros']
[0.159s] Level 1:colcon.colcon_core.package_identification:_identify(src/simya_description) by extension 'ros'
[0.159s] DEBUG:colcon.colcon_core.package_identification:Package 'src/simya_description' with type 'ros.ament_cmake' and name 'simya_description'
[0.159s] Level 1:colcon.colcon_core.package_identification:_identify(src/ydlidar_ros2_driver) by extensions ['ignore', 'ignore_ament_install']
[0.159s] Level 1:colcon.colcon_core.package_identification:_identify(src/ydlidar_ros2_driver) by extension 'ignore'
[0.159s] Level 1:colcon.colcon_core.package_identification:_identify(src/ydlidar_ros2_driver) by extension 'ignore_ament_install'
[0.159s] Level 1:colcon.colcon_core.package_identification:_identify(src/ydlidar_ros2_driver) by extensions ['colcon_pkg']
[0.159s] Level 1:colcon.colcon_core.package_identification:_identify(src/ydlidar_ros2_driver) by extension 'colcon_pkg'
[0.159s] Level 1:colcon.colcon_core.package_identification:_identify(src/ydlidar_ros2_driver) by extensions ['colcon_meta']
[0.159s] Level 1:colcon.colcon_core.package_identification:_identify(src/ydlidar_ros2_driver) by extension 'colcon_meta'
[0.159s] Level 1:colcon.colcon_core.package_identification:_identify(src/ydlidar_ros2_driver) by extensions ['ros']
[0.159s] Level 1:colcon.colcon_core.package_identification:_identify(src/ydlidar_ros2_driver) by extension 'ros'
[0.160s] DEBUG:colcon.colcon_core.package_identification:Package 'src/ydlidar_ros2_driver' with type 'ros.ament_cmake' and name 'ydlidar_ros2_driver'
[0.160s] Level 1:colcon.colcon_core.package_discovery:discover_packages(recursive) using defaults
[0.160s] Level 1:colcon.colcon_core.package_discovery:discover_packages(ignore) discover
[0.160s] Level 1:colcon.colcon_core.package_discovery:discover_packages(ignore) using defaults
[0.160s] Level 1:colcon.colcon_core.package_discovery:discover_packages(path) discover
[0.160s] Level 1:colcon.colcon_core.package_discovery:discover_packages(path) using defaults
[0.169s] Level 1:colcon.colcon_core.package_discovery:discover_packages(prefix_path) check parameters
[0.169s] Level 1:colcon.colcon_core.package_discovery:discover_packages(prefix_path) discover
[0.170s] WARNING:colcon.colcon_ros.prefix_path.ament:The path '/home/jaegyun/slam_ws/install/ydlidar_ros2_driver' in the environment variable AMENT_PREFIX_PATH doesn't exist
[0.170s] WARNING:colcon.colcon_ros.prefix_path.ament:The path '/home/jaegyun/slam_ws/install/simya_description' in the environment variable AMENT_PREFIX_PATH doesn't exist
[0.170s] WARNING:colcon.colcon_ros.prefix_path.ament:The path '/home/jaegyun/slam_ws/install/pwm_control' in the environment variable AMENT_PREFIX_PATH doesn't exist
[0.170s] WARNING:colcon.colcon_ros.prefix_path.ament:The path '/home/jaegyun/slam_ws/install/pid_control' in the environment variable AMENT_PREFIX_PATH doesn't exist
[0.170s] WARNING:colcon.colcon_ros.prefix_path.ament:The path '/home/jaegyun/slam_ws/install/navi' in the environment variable AMENT_PREFIX_PATH doesn't exist
[0.170s] WARNING:colcon.colcon_ros.prefix_path.catkin:The path '/home/jaegyun/slam_ws/install/ydlidar_ros2_driver' in the environment variable CMAKE_PREFIX_PATH doesn't exist
[0.170s] WARNING:colcon.colcon_ros.prefix_path.catkin:The path '/home/jaegyun/slam_ws/install/simya_description' in the environment variable CMAKE_PREFIX_PATH doesn't exist
[0.170s] WARNING:colcon.colcon_ros.prefix_path.catkin:The path '/home/jaegyun/slam_ws/install/pwm_control' in the environment variable CMAKE_PREFIX_PATH doesn't exist
[0.170s] WARNING:colcon.colcon_ros.prefix_path.catkin:The path '/home/jaegyun/slam_ws/install/pid_control' in the environment variable CMAKE_PREFIX_PATH doesn't exist
[0.170s] WARNING:colcon.colcon_ros.prefix_path.catkin:The path '/home/jaegyun/slam_ws/install/navi' in the environment variable CMAKE_PREFIX_PATH doesn't exist
[0.171s] DEBUG:colcon.colcon_installed_package_information.package_discovery:Found 0 installed packages in /home/jaegyun/slam_ws/install
[0.171s] DEBUG:colcon.colcon_installed_package_information.package_discovery:Found 15 installed packages in /home/jaegyun/turtlebot3_ws/install
[0.172s] DEBUG:colcon.colcon_installed_package_information.package_discovery:Found 397 installed packages in /opt/ros/humble
[0.174s] Level 1:colcon.colcon_core.package_discovery:discover_packages(prefix_path) using defaults
[0.196s] Level 5:colcon.colcon_core.verb:set package 'navi' build argument 'cmake_args' from command line to 'None'
[0.196s] Level 5:colcon.colcon_core.verb:set package 'navi' build argument 'cmake_target' from command line to 'None'
[0.196s] Level 5:colcon.colcon_core.verb:set package 'navi' build argument 'cmake_target_skip_unavailable' from command line to 'False'
[0.196s] Level 5:colcon.colcon_core.verb:set package 'navi' build argument 'cmake_clean_cache' from command line to 'False'
[0.196s] Level 5:colcon.colcon_core.verb:set package 'navi' build argument 'cmake_clean_first' from command line to 'False'
[0.196s] Level 5:colcon.colcon_core.verb:set package 'navi' build argument 'cmake_force_configure' from command line to 'False'
[0.196s] Level 5:colcon.colcon_core.verb:set package 'navi' build argument 'ament_cmake_args' from command line to 'None'
[0.196s] Level 5:colcon.colcon_core.verb:set package 'navi' build argument 'catkin_cmake_args' from command line to 'None'
[0.196s] Level 5:colcon.colcon_core.verb:set package 'navi' build argument 'catkin_skip_building_tests' from command line to 'False'
[0.196s] DEBUG:colcon.colcon_core.verb:Building package 'navi' with the following arguments: {'ament_cmake_args': None, 'build_base': '/home/jaegyun/slam_ws/build/navi', 'catkin_cmake_args': None, 'catkin_skip_building_tests': False, 'cmake_args': None, 'cmake_clean_cache': False, 'cmake_clean_first': False, 'cmake_force_configure': False, 'cmake_target': None, 'cmake_target_skip_unavailable': False, 'install_base': '/home/jaegyun/slam_ws/install/navi', 'merge_install': False, 'path': '/home/jaegyun/slam_ws/src/navi', 'symlink_install': True, 'test_result_base': None}
[0.196s] Level 5:colcon.colcon_core.verb:set package 'simya_description' build argument 'cmake_args' from command line to 'None'
[0.196s] Level 5:colcon.colcon_core.verb:set package 'simya_description' build argument 'cmake_target' from command line to 'None'
[0.196s] Level 5:colcon.colcon_core.verb:set package 'simya_description' build argument 'cmake_target_skip_unavailable' from command line to 'False'
[0.196s] Level 5:colcon.colcon_core.verb:set package 'simya_description' build argument 'cmake_clean_cache' from command line to 'False'
[0.196s] Level 5:colcon.colcon_core.verb:set package 'simya_description' build argument 'cmake_clean_first' from command line to 'False'
[0.196s] Level 5:colcon.colcon_core.verb:set package 'simya_description' build argument 'cmake_force_configure' from command line to 'False'
[0.196s] Level 5:colcon.colcon_core.verb:set package 'simya_description' build argument 'ament_cmake_args' from command line to 'None'
[0.196s] Level 5:colcon.colcon_core.verb:set package 'simya_description' build argument 'catkin_cmake_args' from command line to 'None'
[0.196s] Level 5:colcon.colcon_core.verb:set package 'simya_description' build argument 'catkin_skip_building_tests' from command line to 'False'
[0.196s] DEBUG:colcon.colcon_core.verb:Building package 'simya_description' with the following arguments: {'ament_cmake_args': None, 'build_base': '/home/jaegyun/slam_ws/build/simya_description', 'catkin_cmake_args': None, 'catkin_skip_building_tests': False, 'cmake_args': None, 'cmake_clean_cache': False, 'cmake_clean_first': False, 'cmake_force_configure': False, 'cmake_target': None, 'cmake_target_skip_unavailable': False, 'install_base': '/home/jaegyun/slam_ws/install/simya_description', 'merge_install': False, 'path': '/home/jaegyun/slam_ws/src/simya_description', 'symlink_install': True, 'test_result_base': None}
[0.197s] Level 5:colcon.colcon_core.verb:set package 'ydlidar_ros2_driver' build argument 'cmake_args' from command line to 'None'
[0.197s] Level 5:colcon.colcon_core.verb:set package 'ydlidar_ros2_driver' build argument 'cmake_target' from command line to 'None'
[0.197s] Level 5:colcon.colcon_core.verb:set package 'ydlidar_ros2_driver' build argument 'cmake_target_skip_unavailable' from command line to 'False'
[0.197s] Level 5:colcon.colcon_core.verb:set package 'ydlidar_ros2_driver' build argument 'cmake_clean_cache' from command line to 'False'
[0.197s] Level 5:colcon.colcon_core.verb:set package 'ydlidar_ros2_driver' build argument 'cmake_clean_first' from command line to 'False'
[0.197s] Level 5:colcon.colcon_core.verb:set package 'ydlidar_ros2_driver' build argument 'cmake_force_configure' from command line to 'False'
[0.197s] Level 5:colcon.colcon_core.verb:set package 'ydlidar_ros2_driver' build argument 'ament_cmake_args' from command line to 'None'
[0.197s] Level 5:colcon.colcon_core.verb:set package 'ydlidar_ros2_driver' build argument 'catkin_cmake_args' from command line to 'None'
[0.197s] Level 5:colcon.colcon_core.verb:set package 'ydlidar_ros2_driver' build argument 'catkin_skip_building_tests' from command line to 'False'
[0.197s] DEBUG:colcon.colcon_core.verb:Building package 'ydlidar_ros2_driver' with the following arguments: {'ament_cmake_args': None, 'build_base': '/home/jaegyun/slam_ws/build/ydlidar_ros2_driver', 'catkin_cmake_args': None, 'catkin_skip_building_tests': False, 'cmake_args': None, 'cmake_clean_cache': False, 'cmake_clean_first': False, 'cmake_force_configure': False, 'cmake_target': None, 'cmake_target_skip_unavailable': False, 'install_base': '/home/jaegyun/slam_ws/install/ydlidar_ros2_driver', 'merge_install': False, 'path': '/home/jaegyun/slam_ws/src/ydlidar_ros2_driver', 'symlink_install': True, 'test_result_base': None}
[0.197s] INFO:colcon.colcon_core.executor:Executing jobs using 'parallel' executor
[0.197s] DEBUG:colcon.colcon_parallel_executor.executor.parallel:run_until_complete
[0.198s] INFO:colcon.colcon_ros.task.ament_cmake.build:Building ROS package in '/home/jaegyun/slam_ws/src/navi' with build type 'ament_cmake'
[0.198s] INFO:colcon.colcon_cmake.task.cmake.build:Building CMake package in '/home/jaegyun/slam_ws/src/navi'
[0.199s] INFO:colcon.colcon_core.plugin_system:Skipping extension 'colcon_core.shell.bat': Not used on non-Windows systems
[0.199s] INFO:colcon.colcon_core.shell:Skip shell extension 'powershell' for command environment: Not usable outside of PowerShell
[0.199s] DEBUG:colcon.colcon_core.shell:Skip shell extension 'dsv' for command environment
[0.202s] INFO:colcon.colcon_ros.task.ament_cmake.build:Building ROS package in '/home/jaegyun/slam_ws/src/simya_description' with build type 'ament_cmake'
[0.202s] INFO:colcon.colcon_cmake.task.cmake.build:Building CMake package in '/home/jaegyun/slam_ws/src/simya_description'
[0.202s] INFO:colcon.colcon_core.shell:Skip shell extension 'powershell' for command environment: Not usable outside of PowerShell
[0.202s] DEBUG:colcon.colcon_core.shell:Skip shell extension 'dsv' for command environment
[0.204s] INFO:colcon.colcon_ros.task.ament_cmake.build:Building ROS package in '/home/jaegyun/slam_ws/src/ydlidar_ros2_driver' with build type 'ament_cmake'
[0.204s] INFO:colcon.colcon_cmake.task.cmake.build:Building CMake package in '/home/jaegyun/slam_ws/src/ydlidar_ros2_driver'
[0.204s] INFO:colcon.colcon_core.shell:Skip shell extension 'powershell' for command environment: Not usable outside of PowerShell
[0.204s] DEBUG:colcon.colcon_core.shell:Skip shell extension 'dsv' for command environment
[0.209s] DEBUG:colcon.colcon_core.event_handler.log_command:Invoking command in '/home/jaegyun/slam_ws/build/navi': CMAKE_PREFIX_PATH=${CMAKE_PREFIX_PATH}:/home/jaegyun/turtlebot3_ws/install/turtlebot3_teleop:/home/jaegyun/turtlebot3_ws/install/turtlebot3_example:/opt/ros/humble /usr/bin/cmake /home/jaegyun/slam_ws/src/navi -DAMENT_CMAKE_SYMLINK_INSTALL=1 -DCMAKE_INSTALL_PREFIX=/home/jaegyun/slam_ws/install/navi
[0.210s] DEBUG:colcon.colcon_core.event_handler.log_command:Invoking command in '/home/jaegyun/slam_ws/build/simya_description': CMAKE_PREFIX_PATH=${CMAKE_PREFIX_PATH}:/home/jaegyun/turtlebot3_ws/install/turtlebot3_teleop:/home/jaegyun/turtlebot3_ws/install/turtlebot3_example:/opt/ros/humble /usr/bin/cmake /home/jaegyun/slam_ws/src/simya_description -DAMENT_CMAKE_SYMLINK_INSTALL=1 -DCMAKE_INSTALL_PREFIX=/home/jaegyun/slam_ws/install/simya_description
[0.212s] DEBUG:colcon.colcon_core.event_handler.log_command:Invoking command in '/home/jaegyun/slam_ws/build/ydlidar_ros2_driver': CMAKE_PREFIX_PATH=${CMAKE_PREFIX_PATH}:/home/jaegyun/turtlebot3_ws/install/turtlebot3_teleop:/home/jaegyun/turtlebot3_ws/install/turtlebot3_example:/opt/ros/humble /usr/bin/cmake /home/jaegyun/slam_ws/src/ydlidar_ros2_driver -DAMENT_CMAKE_SYMLINK_INSTALL=1 -DCMAKE_INSTALL_PREFIX=/home/jaegyun/slam_ws/install/ydlidar_ros2_driver
[0.965s] DEBUG:colcon.colcon_core.event_handler.log_command:Invoked command in '/home/jaegyun/slam_ws/build/simya_description' returned '0': CMAKE_PREFIX_PATH=${CMAKE_PREFIX_PATH}:/home/jaegyun/turtlebot3_ws/install/turtlebot3_teleop:/home/jaegyun/turtlebot3_ws/install/turtlebot3_example:/opt/ros/humble /usr/bin/cmake /home/jaegyun/slam_ws/src/simya_description -DAMENT_CMAKE_SYMLINK_INSTALL=1 -DCMAKE_INSTALL_PREFIX=/home/jaegyun/slam_ws/install/simya_description
[0.967s] DEBUG:colcon.colcon_core.event_handler.log_command:Invoking command in '/home/jaegyun/slam_ws/build/simya_description': CMAKE_PREFIX_PATH=${CMAKE_PREFIX_PATH}:/home/jaegyun/turtlebot3_ws/install/turtlebot3_teleop:/home/jaegyun/turtlebot3_ws/install/turtlebot3_example:/opt/ros/humble /usr/bin/cmake --build /home/jaegyun/slam_ws/build/simya_description -- -j24 -l24
[0.998s] DEBUG:colcon.colcon_core.event_handler.log_command:Invoked command in '/home/jaegyun/slam_ws/build/simya_description' returned '0': CMAKE_PREFIX_PATH=${CMAKE_PREFIX_PATH}:/home/jaegyun/turtlebot3_ws/install/turtlebot3_teleop:/home/jaegyun/turtlebot3_ws/install/turtlebot3_example:/opt/ros/humble /usr/bin/cmake --build /home/jaegyun/slam_ws/build/simya_description -- -j24 -l24
[1.020s] DEBUG:colcon.colcon_core.event_handler.log_command:Invoking command in '/home/jaegyun/slam_ws/build/simya_description': CMAKE_PREFIX_PATH=${CMAKE_PREFIX_PATH}:/home/jaegyun/turtlebot3_ws/install/turtlebot3_teleop:/home/jaegyun/turtlebot3_ws/install/turtlebot3_example:/opt/ros/humble /usr/bin/cmake --install /home/jaegyun/slam_ws/build/simya_description
[1.023s] DEBUG:colcon.colcon_core.event_handler.log_command:Invoked command in '/home/jaegyun/slam_ws/build/ydlidar_ros2_driver' returned '0': CMAKE_PREFIX_PATH=${CMAKE_PREFIX_PATH}:/home/jaegyun/turtlebot3_ws/install/turtlebot3_teleop:/home/jaegyun/turtlebot3_ws/install/turtlebot3_example:/opt/ros/humble /usr/bin/cmake /home/jaegyun/slam_ws/src/ydlidar_ros2_driver -DAMENT_CMAKE_SYMLINK_INSTALL=1 -DCMAKE_INSTALL_PREFIX=/home/jaegyun/slam_ws/install/ydlidar_ros2_driver
[1.024s] DEBUG:colcon.colcon_core.event_handler.log_command:Invoking command in '/home/jaegyun/slam_ws/build/ydlidar_ros2_driver': CMAKE_PREFIX_PATH=${CMAKE_PREFIX_PATH}:/home/jaegyun/turtlebot3_ws/install/turtlebot3_teleop:/home/jaegyun/turtlebot3_ws/install/turtlebot3_example:/opt/ros/humble /usr/bin/cmake --build /home/jaegyun/slam_ws/build/ydlidar_ros2_driver -- -j24 -l24
[1.160s] DEBUG:colcon.colcon_core.event_handler.log_command:Invoked command in '/home/jaegyun/slam_ws/build/navi' returned '0': CMAKE_PREFIX_PATH=${CMAKE_PREFIX_PATH}:/home/jaegyun/turtlebot3_ws/install/turtlebot3_teleop:/home/jaegyun/turtlebot3_ws/install/turtlebot3_example:/opt/ros/humble /usr/bin/cmake /home/jaegyun/slam_ws/src/navi -DAMENT_CMAKE_SYMLINK_INSTALL=1 -DCMAKE_INSTALL_PREFIX=/home/jaegyun/slam_ws/install/navi
[1.161s] DEBUG:colcon.colcon_core.event_handler.log_command:Invoking command in '/home/jaegyun/slam_ws/build/navi': CMAKE_PREFIX_PATH=${CMAKE_PREFIX_PATH}:/home/jaegyun/turtlebot3_ws/install/turtlebot3_teleop:/home/jaegyun/turtlebot3_ws/install/turtlebot3_example:/opt/ros/humble /usr/bin/cmake --build /home/jaegyun/slam_ws/build/navi -- -j24 -l24
[1.162s] Level 1:colcon.colcon_core.environment:create_environment_scripts_only(simya_description)
[1.162s] DEBUG:colcon.colcon_core.event_handler.log_command:Invoked command in '/home/jaegyun/slam_ws/build/simya_description' returned '0': CMAKE_PREFIX_PATH=${CMAKE_PREFIX_PATH}:/home/jaegyun/turtlebot3_ws/install/turtlebot3_teleop:/home/jaegyun/turtlebot3_ws/install/turtlebot3_example:/opt/ros/humble /usr/bin/cmake --install /home/jaegyun/slam_ws/build/simya_description
[1.163s] Level 1:colcon.colcon_core.environment:checking '/home/jaegyun/slam_ws/install/simya_description' for CMake module files
[1.163s] Level 1:colcon.colcon_core.environment:checking '/home/jaegyun/slam_ws/install/simya_description' for CMake config files
[1.163s] Level 1:colcon.colcon_core.shell:create_environment_hook('simya_description', 'cmake_prefix_path')
[1.163s] INFO:colcon.colcon_core.shell:Creating environment hook '/home/jaegyun/slam_ws/install/simya_description/share/simya_description/hook/cmake_prefix_path.ps1'
[1.164s] INFO:colcon.colcon_core.shell:Creating environment descriptor '/home/jaegyun/slam_ws/install/simya_description/share/simya_description/hook/cmake_prefix_path.dsv'
[1.164s] INFO:colcon.colcon_core.shell:Creating environment hook '/home/jaegyun/slam_ws/install/simya_description/share/simya_description/hook/cmake_prefix_path.sh'
[1.164s] Level 1:colcon.colcon_core.environment:checking '/home/jaegyun/slam_ws/install/simya_description/bin'
[1.164s] Level 1:colcon.colcon_core.environment:checking '/home/jaegyun/slam_ws/install/simya_description/lib/pkgconfig/simya_description.pc'
[1.165s] Level 1:colcon.colcon_core.environment:checking '/home/jaegyun/slam_ws/install/simya_description/lib/python3.10/site-packages'
[1.165s] Level 1:colcon.colcon_core.environment:checking '/home/jaegyun/slam_ws/install/simya_description/bin'
[1.165s] INFO:colcon.colcon_core.shell:Creating package script '/home/jaegyun/slam_ws/install/simya_description/share/simya_description/package.ps1'
[1.165s] INFO:colcon.colcon_core.shell:Creating package descriptor '/home/jaegyun/slam_ws/install/simya_description/share/simya_description/package.dsv'
[1.165s] INFO:colcon.colcon_core.shell:Creating package script '/home/jaegyun/slam_ws/install/simya_description/share/simya_description/package.sh'
[1.166s] INFO:colcon.colcon_core.shell:Creating package script '/home/jaegyun/slam_ws/install/simya_description/share/simya_description/package.bash'
[1.166s] INFO:colcon.colcon_core.shell:Creating package script '/home/jaegyun/slam_ws/install/simya_description/share/simya_description/package.zsh'
[1.166s] Level 1:colcon.colcon_core.environment:create_file_with_runtime_dependencies(/home/jaegyun/slam_ws/install/simya_description/share/colcon-core/packages/simya_description)
[1.184s] Level 1:colcon.colcon_core.environment:create_environment_scripts_only(simya_description)
[1.184s] Level 1:colcon.colcon_core.environment:checking '/home/jaegyun/slam_ws/install/simya_description' for CMake module files
[1.184s] Level 1:colcon.colcon_core.environment:checking '/home/jaegyun/slam_ws/install/simya_description' for CMake config files
[1.185s] Level 1:colcon.colcon_core.shell:create_environment_hook('simya_description', 'cmake_prefix_path')
[1.185s] INFO:colcon.colcon_core.shell:Creating environment hook '/home/jaegyun/slam_ws/install/simya_description/share/simya_description/hook/cmake_prefix_path.ps1'
[1.185s] INFO:colcon.colcon_core.shell:Creating environment descriptor '/home/jaegyun/slam_ws/install/simya_description/share/simya_description/hook/cmake_prefix_path.dsv'
[1.185s] INFO:colcon.colcon_core.shell:Creating environment hook '/home/jaegyun/slam_ws/install/simya_description/share/simya_description/hook/cmake_prefix_path.sh'
[1.186s] Level 1:colcon.colcon_core.environment:checking '/home/jaegyun/slam_ws/install/simya_description/bin'
[1.186s] Level 1:colcon.colcon_core.environment:checking '/home/jaegyun/slam_ws/install/simya_description/lib/pkgconfig/simya_description.pc'
[1.186s] Level 1:colcon.colcon_core.environment:checking '/home/jaegyun/slam_ws/install/simya_description/lib/python3.10/site-packages'
[1.186s] Level 1:colcon.colcon_core.environment:checking '/home/jaegyun/slam_ws/install/simya_description/bin'
[1.186s] INFO:colcon.colcon_core.shell:Creating package script '/home/jaegyun/slam_ws/install/simya_description/share/simya_description/package.ps1'
[1.186s] INFO:colcon.colcon_core.shell:Creating package descriptor '/home/jaegyun/slam_ws/install/simya_description/share/simya_description/package.dsv'
[1.186s] INFO:colcon.colcon_core.shell:Creating package script '/home/jaegyun/slam_ws/install/simya_description/share/simya_description/package.sh'
[1.187s] INFO:colcon.colcon_core.shell:Creating package script '/home/jaegyun/slam_ws/install/simya_description/share/simya_description/package.bash'
[1.187s] INFO:colcon.colcon_core.shell:Creating package script '/home/jaegyun/slam_ws/install/simya_description/share/simya_description/package.zsh'
[1.187s] Level 1:colcon.colcon_core.environment:create_file_with_runtime_dependencies(/home/jaegyun/slam_ws/install/simya_description/share/colcon-core/packages/simya_description)
[5.641s] DEBUG:colcon.colcon_core.event_handler.log_command:Invoked command in '/home/jaegyun/slam_ws/build/ydlidar_ros2_driver' returned '0': CMAKE_PREFIX_PATH=${CMAKE_PREFIX_PATH}:/home/jaegyun/turtlebot3_ws/install/turtlebot3_teleop:/home/jaegyun/turtlebot3_ws/install/turtlebot3_example:/opt/ros/humble /usr/bin/cmake --build /home/jaegyun/slam_ws/build/ydlidar_ros2_driver -- -j24 -l24
[5.661s] DEBUG:colcon.colcon_core.event_handler.log_command:Invoking command in '/home/jaegyun/slam_ws/build/ydlidar_ros2_driver': CMAKE_PREFIX_PATH=${CMAKE_PREFIX_PATH}:/home/jaegyun/turtlebot3_ws/install/turtlebot3_teleop:/home/jaegyun/turtlebot3_ws/install/turtlebot3_example:/opt/ros/humble /usr/bin/cmake --install /home/jaegyun/slam_ws/build/ydlidar_ros2_driver
[5.858s] Level 1:colcon.colcon_core.environment:create_environment_scripts_only(ydlidar_ros2_driver)
[5.858s] Level 1:colcon.colcon_core.environment:checking '/home/jaegyun/slam_ws/install/ydlidar_ros2_driver' for CMake module files
[5.858s] DEBUG:colcon.colcon_core.event_handler.log_command:Invoked command in '/home/jaegyun/slam_ws/build/ydlidar_ros2_driver' returned '0': CMAKE_PREFIX_PATH=${CMAKE_PREFIX_PATH}:/home/jaegyun/turtlebot3_ws/install/turtlebot3_teleop:/home/jaegyun/turtlebot3_ws/install/turtlebot3_example:/opt/ros/humble /usr/bin/cmake --install /home/jaegyun/slam_ws/build/ydlidar_ros2_driver
[5.858s] Level 1:colcon.colcon_core.environment:checking '/home/jaegyun/slam_ws/install/ydlidar_ros2_driver' for CMake config files
[5.859s] Level 1:colcon.colcon_core.shell:create_environment_hook('ydlidar_ros2_driver', 'cmake_prefix_path')
[5.859s] INFO:colcon.colcon_core.shell:Creating environment hook '/home/jaegyun/slam_ws/install/ydlidar_ros2_driver/share/ydlidar_ros2_driver/hook/cmake_prefix_path.ps1'
[5.859s] INFO:colcon.colcon_core.shell:Creating environment descriptor '/home/jaegyun/slam_ws/install/ydlidar_ros2_driver/share/ydlidar_ros2_driver/hook/cmake_prefix_path.dsv'
[5.859s] INFO:colcon.colcon_core.shell:Creating environment hook '/home/jaegyun/slam_ws/install/ydlidar_ros2_driver/share/ydlidar_ros2_driver/hook/cmake_prefix_path.sh'
[5.859s] Level 1:colcon.colcon_core.environment:checking '/home/jaegyun/slam_ws/install/ydlidar_ros2_driver/lib'
[5.860s] Level 1:colcon.colcon_core.environment:checking '/home/jaegyun/slam_ws/install/ydlidar_ros2_driver/bin'
[5.860s] Level 1:colcon.colcon_core.environment:checking '/home/jaegyun/slam_ws/install/ydlidar_ros2_driver/lib/pkgconfig/ydlidar_ros2_driver.pc'
[5.860s] Level 1:colcon.colcon_core.environment:checking '/home/jaegyun/slam_ws/install/ydlidar_ros2_driver/lib/python3.10/site-packages'
[5.860s] Level 1:colcon.colcon_core.environment:checking '/home/jaegyun/slam_ws/install/ydlidar_ros2_driver/bin'
[5.860s] INFO:colcon.colcon_core.shell:Creating package script '/home/jaegyun/slam_ws/install/ydlidar_ros2_driver/share/ydlidar_ros2_driver/package.ps1'
[5.860s] INFO:colcon.colcon_core.shell:Creating package descriptor '/home/jaegyun/slam_ws/install/ydlidar_ros2_driver/share/ydlidar_ros2_driver/package.dsv'
[5.860s] INFO:colcon.colcon_core.shell:Creating package script '/home/jaegyun/slam_ws/install/ydlidar_ros2_driver/share/ydlidar_ros2_driver/package.sh'
[5.860s] INFO:colcon.colcon_core.shell:Creating package script '/home/jaegyun/slam_ws/install/ydlidar_ros2_driver/share/ydlidar_ros2_driver/package.bash'
[5.861s] INFO:colcon.colcon_core.shell:Creating package script '/home/jaegyun/slam_ws/install/ydlidar_ros2_driver/share/ydlidar_ros2_driver/package.zsh'
[5.861s] Level 1:colcon.colcon_core.environment:create_file_with_runtime_dependencies(/home/jaegyun/slam_ws/install/ydlidar_ros2_driver/share/colcon-core/packages/ydlidar_ros2_driver)
[5.881s] Level 1:colcon.colcon_core.environment:create_environment_scripts_only(ydlidar_ros2_driver)
[5.881s] Level 1:colcon.colcon_core.environment:checking '/home/jaegyun/slam_ws/install/ydlidar_ros2_driver' for CMake module files
[5.881s] Level 1:colcon.colcon_core.environment:checking '/home/jaegyun/slam_ws/install/ydlidar_ros2_driver' for CMake config files
[5.881s] Level 1:colcon.colcon_core.shell:create_environment_hook('ydlidar_ros2_driver', 'cmake_prefix_path')
[5.881s] INFO:colcon.colcon_core.shell:Creating environment hook '/home/jaegyun/slam_ws/install/ydlidar_ros2_driver/share/ydlidar_ros2_driver/hook/cmake_prefix_path.ps1'
[5.882s] INFO:colcon.colcon_core.shell:Creating environment descriptor '/home/jaegyun/slam_ws/install/ydlidar_ros2_driver/share/ydlidar_ros2_driver/hook/cmake_prefix_path.dsv'
[5.882s] INFO:colcon.colcon_core.shell:Creating environment hook '/home/jaegyun/slam_ws/install/ydlidar_ros2_driver/share/ydlidar_ros2_driver/hook/cmake_prefix_path.sh'
[5.882s] Level 1:colcon.colcon_core.environment:checking '/home/jaegyun/slam_ws/install/ydlidar_ros2_driver/lib'
[5.882s] Level 1:colcon.colcon_core.environment:checking '/home/jaegyun/slam_ws/install/ydlidar_ros2_driver/bin'
[5.882s] Level 1:colcon.colcon_core.environment:checking '/home/jaegyun/slam_ws/install/ydlidar_ros2_driver/lib/pkgconfig/ydlidar_ros2_driver.pc'
[5.882s] Level 1:colcon.colcon_core.environment:checking '/home/jaegyun/slam_ws/install/ydlidar_ros2_driver/lib/python3.10/site-packages'
[5.882s] Level 1:colcon.colcon_core.environment:checking '/home/jaegyun/slam_ws/install/ydlidar_ros2_driver/bin'
[5.882s] INFO:colcon.colcon_core.shell:Creating package script '/home/jaegyun/slam_ws/install/ydlidar_ros2_driver/share/ydlidar_ros2_driver/package.ps1'
[5.883s] INFO:colcon.colcon_core.shell:Creating package descriptor '/home/jaegyun/slam_ws/install/ydlidar_ros2_driver/share/ydlidar_ros2_driver/package.dsv'
[5.883s] INFO:colcon.colcon_core.shell:Creating package script '/home/jaegyun/slam_ws/install/ydlidar_ros2_driver/share/ydlidar_ros2_driver/package.sh'
[5.883s] INFO:colcon.colcon_core.shell:Creating package script '/home/jaegyun/slam_ws/install/ydlidar_ros2_driver/share/ydlidar_ros2_driver/package.bash'
[5.883s] INFO:colcon.colcon_core.shell:Creating package script '/home/jaegyun/slam_ws/install/ydlidar_ros2_driver/share/ydlidar_ros2_driver/package.zsh'
[5.883s] Level 1:colcon.colcon_core.environment:create_file_with_runtime_dependencies(/home/jaegyun/slam_ws/install/ydlidar_ros2_driver/share/colcon-core/packages/ydlidar_ros2_driver)
[10.862s] DEBUG:colcon.colcon_core.event_handler.log_command:Invoked command in '/home/jaegyun/slam_ws/build/navi' returned '0': CMAKE_PREFIX_PATH=${CMAKE_PREFIX_PATH}:/home/jaegyun/turtlebot3_ws/install/turtlebot3_teleop:/home/jaegyun/turtlebot3_ws/install/turtlebot3_example:/opt/ros/humble /usr/bin/cmake --build /home/jaegyun/slam_ws/build/navi -- -j24 -l24
[10.882s] DEBUG:colcon.colcon_core.event_handler.log_command:Invoking command in '/home/jaegyun/slam_ws/build/navi': CMAKE_PREFIX_PATH=${CMAKE_PREFIX_PATH}:/home/jaegyun/turtlebot3_ws/install/turtlebot3_teleop:/home/jaegyun/turtlebot3_ws/install/turtlebot3_example:/opt/ros/humble /usr/bin/cmake --install /home/jaegyun/slam_ws/build/navi
[11.120s] Level 1:colcon.colcon_core.environment:create_environment_scripts_only(navi)
[11.120s] Level 1:colcon.colcon_core.environment:checking '/home/jaegyun/slam_ws/install/navi' for CMake module files
[11.120s] DEBUG:colcon.colcon_core.event_handler.log_command:Invoked command in '/home/jaegyun/slam_ws/build/navi' returned '0': CMAKE_PREFIX_PATH=${CMAKE_PREFIX_PATH}:/home/jaegyun/turtlebot3_ws/install/turtlebot3_teleop:/home/jaegyun/turtlebot3_ws/install/turtlebot3_example:/opt/ros/humble /usr/bin/cmake --install /home/jaegyun/slam_ws/build/navi
[11.120s] Level 1:colcon.colcon_core.environment:checking '/home/jaegyun/slam_ws/install/navi' for CMake config files
[11.121s] Level 1:colcon.colcon_core.shell:create_environment_hook('navi', 'cmake_prefix_path')
[11.121s] INFO:colcon.colcon_core.shell:Creating environment hook '/home/jaegyun/slam_ws/install/navi/share/navi/hook/cmake_prefix_path.ps1'
[11.121s] INFO:colcon.colcon_core.shell:Creating environment descriptor '/home/jaegyun/slam_ws/install/navi/share/navi/hook/cmake_prefix_path.dsv'
[11.121s] INFO:colcon.colcon_core.shell:Creating environment hook '/home/jaegyun/slam_ws/install/navi/share/navi/hook/cmake_prefix_path.sh'
[11.122s] Level 1:colcon.colcon_core.environment:checking '/home/jaegyun/slam_ws/install/navi/lib'
[11.122s] Level 1:colcon.colcon_core.environment:checking '/home/jaegyun/slam_ws/install/navi/bin'
[11.122s] Level 1:colcon.colcon_core.environment:checking '/home/jaegyun/slam_ws/install/navi/lib/pkgconfig/navi.pc'
[11.122s] Level 1:colcon.colcon_core.environment:checking '/home/jaegyun/slam_ws/install/navi/lib/python3.10/site-packages'
[11.122s] Level 1:colcon.colcon_core.environment:checking '/home/jaegyun/slam_ws/install/navi/bin'
[11.122s] INFO:colcon.colcon_core.shell:Creating package script '/home/jaegyun/slam_ws/install/navi/share/navi/package.ps1'
[11.122s] INFO:colcon.colcon_core.shell:Creating package descriptor '/home/jaegyun/slam_ws/install/navi/share/navi/package.dsv'
[11.122s] INFO:colcon.colcon_core.shell:Creating package script '/home/jaegyun/slam_ws/install/navi/share/navi/package.sh'
[11.123s] INFO:colcon.colcon_core.shell:Creating package script '/home/jaegyun/slam_ws/install/navi/share/navi/package.bash'
[11.123s] INFO:colcon.colcon_core.shell:Creating package script '/home/jaegyun/slam_ws/install/navi/share/navi/package.zsh'
[11.123s] Level 1:colcon.colcon_core.environment:create_file_with_runtime_dependencies(/home/jaegyun/slam_ws/install/navi/share/colcon-core/packages/navi)
[11.142s] Level 1:colcon.colcon_core.environment:create_environment_scripts_only(navi)
[11.142s] Level 1:colcon.colcon_core.environment:checking '/home/jaegyun/slam_ws/install/navi' for CMake module files
[11.143s] Level 1:colcon.colcon_core.environment:checking '/home/jaegyun/slam_ws/install/navi' for CMake config files
[11.143s] Level 1:colcon.colcon_core.shell:create_environment_hook('navi', 'cmake_prefix_path')
[11.143s] INFO:colcon.colcon_core.shell:Creating environment hook '/home/jaegyun/slam_ws/install/navi/share/navi/hook/cmake_prefix_path.ps1'
[11.143s] INFO:colcon.colcon_core.shell:Creating environment descriptor '/home/jaegyun/slam_ws/install/navi/share/navi/hook/cmake_prefix_path.dsv'
[11.144s] INFO:colcon.colcon_core.shell:Creating environment hook '/home/jaegyun/slam_ws/install/navi/share/navi/hook/cmake_prefix_path.sh'
[11.144s] Level 1:colcon.colcon_core.environment:checking '/home/jaegyun/slam_ws/install/navi/lib'
[11.144s] Level 1:colcon.colcon_core.environment:checking '/home/jaegyun/slam_ws/install/navi/bin'
[11.144s] Level 1:colcon.colcon_core.environment:checking '/home/jaegyun/slam_ws/install/navi/lib/pkgconfig/navi.pc'
[11.144s] Level 1:colcon.colcon_core.environment:checking '/home/jaegyun/slam_ws/install/navi/lib/python3.10/site-packages'
[11.144s] Level 1:colcon.colcon_core.environment:checking '/home/jaegyun/slam_ws/install/navi/bin'
[11.144s] INFO:colcon.colcon_core.shell:Creating package script '/home/jaegyun/slam_ws/install/navi/share/navi/package.ps1'
[11.145s] INFO:colcon.colcon_core.shell:Creating package descriptor '/home/jaegyun/slam_ws/install/navi/share/navi/package.dsv'
[11.145s] INFO:colcon.colcon_core.shell:Creating package script '/home/jaegyun/slam_ws/install/navi/share/navi/package.sh'
[11.145s] INFO:colcon.colcon_core.shell:Creating package script '/home/jaegyun/slam_ws/install/navi/share/navi/package.bash'
[11.145s] INFO:colcon.colcon_core.shell:Creating package script '/home/jaegyun/slam_ws/install/navi/share/navi/package.zsh'
[11.145s] Level 1:colcon.colcon_core.environment:create_file_with_runtime_dependencies(/home/jaegyun/slam_ws/install/navi/share/colcon-core/packages/navi)
[11.146s] DEBUG:colcon.colcon_parallel_executor.executor.parallel:closing loop
[11.146s] DEBUG:colcon.colcon_parallel_executor.executor.parallel:loop closed
[11.146s] DEBUG:colcon.colcon_parallel_executor.executor.parallel:run_until_complete finished with '0'
[11.146s] DEBUG:colcon.colcon_core.event_reactor:joining thread
[11.149s] INFO:colcon.colcon_core.plugin_system:Skipping extension 'colcon_notification.desktop_notification.terminal_notifier': Not used on non-Darwin systems
[11.149s] INFO:colcon.colcon_core.plugin_system:Skipping extension 'colcon_notification.desktop_notification.win32': Not used on non-Windows systems
[11.149s] INFO:colcon.colcon_notification.desktop_notification:Sending desktop notification using 'notify2'
[11.155s] DEBUG:colcon.colcon_core.event_reactor:joined thread
[11.156s] INFO:colcon.colcon_core.shell:Creating prefix script '/home/jaegyun/slam_ws/install/local_setup.ps1'
[11.156s] INFO:colcon.colcon_core.shell:Creating prefix util module '/home/jaegyun/slam_ws/install/_local_setup_util_ps1.py'
[11.157s] INFO:colcon.colcon_core.shell:Creating prefix chain script '/home/jaegyun/slam_ws/install/setup.ps1'
[11.158s] INFO:colcon.colcon_core.shell:Creating prefix script '/home/jaegyun/slam_ws/install/local_setup.sh'
[11.158s] INFO:colcon.colcon_core.shell:Creating prefix util module '/home/jaegyun/slam_ws/install/_local_setup_util_sh.py'
[11.159s] INFO:colcon.colcon_core.shell:Creating prefix chain script '/home/jaegyun/slam_ws/install/setup.sh'
[11.160s] INFO:colcon.colcon_core.shell:Creating prefix script '/home/jaegyun/slam_ws/install/local_setup.bash'
[11.160s] INFO:colcon.colcon_core.shell:Creating prefix chain script '/home/jaegyun/slam_ws/install/setup.bash'
[11.161s] INFO:colcon.colcon_core.shell:Creating prefix script '/home/jaegyun/slam_ws/install/local_setup.zsh'
[11.161s] INFO:colcon.colcon_core.shell:Creating prefix chain script '/home/jaegyun/slam_ws/install/setup.zsh'
