[0.011s] Invoking command in '/home/jaegyun/slam_ws/build/navi': CMAKE_PREFIX_PATH=${CMAKE_PREFIX_PATH}:/home/jaegyun/turtlebot3_ws/install/turtlebot3_teleop:/home/jaegyun/turtlebot3_ws/install/turtlebot3_example:/opt/ros/humble /usr/bin/cmake --build /home/jaegyun/slam_ws/build/navi -- -j24 -l24
[0.040s] [35m[1mConsolidate compiler generated dependencies of target bt_main[0m
[0.041s] [35m[1mConsolidate compiler generated dependencies of target goal_publisher[0m
[0.051s] [ 50%] Built target goal_publisher
[0.052s] [100%] Built target bt_main
[0.068s] Invoked command in '/home/jaegyun/slam_ws/build/navi' returned '0': CMAKE_PREFIX_PATH=${CMAKE_PREFIX_PATH}:/home/jaegyun/turtlebot3_ws/install/turtlebot3_teleop:/home/jaegyun/turtlebot3_ws/install/turtlebot3_example:/opt/ros/humble /usr/bin/cmake --build /home/jaegyun/slam_ws/build/navi -- -j24 -l24
[0.091s] Invoking command in '/home/jaegyun/slam_ws/build/navi': CMAKE_PREFIX_PATH=${CMAKE_PREFIX_PATH}:/home/jaegyun/turtlebot3_ws/install/turtlebot3_teleop:/home/jaegyun/turtlebot3_ws/install/turtlebot3_example:/opt/ros/humble /usr/bin/cmake --install /home/jaegyun/slam_ws/build/navi
[0.096s] -- Install configuration: ""
[0.096s] -- Execute custom install script
[0.097s] -- Up-to-date symlink: /home/jaegyun/slam_ws/install/navi/share/navi/launch/behavior.launch.py
[0.097s] -- Up-to-date symlink: /home/jaegyun/slam_ws/install/navi/share/navi/launch/navigation2.launch.py
[0.097s] -- Up-to-date symlink: /home/jaegyun/slam_ws/install/navi/share/navi/launch/navigation2_rviz.launch.py
[0.097s] -- Up-to-date symlink: /home/jaegyun/slam_ws/install/navi/share/navi/launch/publishernode.launch.py
[0.097s] -- Up-to-date symlink: /home/jaegyun/slam_ws/install/navi/share/navi/launch/publishernode2.launch.py
[0.097s] -- Up-to-date symlink: /home/jaegyun/slam_ws/install/navi/share/navi/map/ert.pgm
[0.097s] -- Up-to-date symlink: /home/jaegyun/slam_ws/install/navi/share/navi/map/ert.yaml
[0.097s] -- Up-to-date symlink: /home/jaegyun/slam_ws/install/navi/share/navi/map/fucking.pgm
[0.097s] -- Up-to-date symlink: /home/jaegyun/slam_ws/install/navi/share/navi/map/fucking.yaml
[0.097s] -- Up-to-date symlink: /home/jaegyun/slam_ws/install/navi/share/navi/map/rty.pgm
[0.097s] -- Up-to-date symlink: /home/jaegyun/slam_ws/install/navi/share/navi/map/rty.yaml
[0.097s] -- Up-to-date symlink: /home/jaegyun/slam_ws/install/navi/share/navi/map/wer.pgm
[0.097s] -- Up-to-date symlink: /home/jaegyun/slam_ws/install/navi/share/navi/map/wer.yaml
[0.097s] -- Up-to-date symlink: /home/jaegyun/slam_ws/install/navi/share/navi/param/simya.yaml
[0.097s] -- Up-to-date symlink: /home/jaegyun/slam_ws/install/navi/share/navi/rviz/tb3_navigation2.rviz
[0.098s] -- Up-to-date symlink: /home/jaegyun/slam_ws/install/navi/share/navi/behavior_tree/goal.xml
[0.098s] -- Up-to-date symlink: /home/jaegyun/slam_ws/install/navi/share/navi/include/simya_bt/Isgoal.hpp
[0.098s] -- Up-to-date symlink: /home/jaegyun/slam_ws/install/navi/share/navi/include/simya_bt/cleargoalpose.hpp
[0.098s] -- Up-to-date symlink: /home/jaegyun/slam_ws/install/navi/share/navi/include/simya_bt/goalcheckerpub.hpp
[0.098s] -- Up-to-date symlink: /home/jaegyun/slam_ws/install/navi/share/navi/include/simya_bt/goalposeCheck.hpp
[0.098s] -- Up-to-date symlink: /home/jaegyun/slam_ws/install/navi/share/navi/include/simya_bt/goaltrigger.hpp
[0.098s] -- Up-to-date symlink: /home/jaegyun/slam_ws/install/navi/share/navi/include/simya_bt/humanfollowing.hpp
[0.098s] -- Up-to-date symlink: /home/jaegyun/slam_ws/install/navi/share/navi/include/simya_bt/nav2_client.hpp
[0.098s] -- Up-to-date symlink: /home/jaegyun/slam_ws/install/navi/lib/navi/goal_publisher
[0.098s] -- Up-to-date symlink: /home/jaegyun/slam_ws/install/navi/lib/navi/bt_main
[0.098s] -- Up-to-date symlink: /home/jaegyun/slam_ws/install/navi/share/ament_index/resource_index/package_run_dependencies/navi
[0.098s] -- Up-to-date symlink: /home/jaegyun/slam_ws/install/navi/share/ament_index/resource_index/parent_prefix_path/navi
[0.098s] -- Up-to-date symlink: /home/jaegyun/slam_ws/install/navi/share/navi/environment/ament_prefix_path.sh
[0.099s] -- Up-to-date symlink: /home/jaegyun/slam_ws/install/navi/share/navi/environment/ament_prefix_path.dsv
[0.099s] -- Up-to-date symlink: /home/jaegyun/slam_ws/install/navi/share/navi/environment/path.sh
[0.099s] -- Up-to-date symlink: /home/jaegyun/slam_ws/install/navi/share/navi/environment/path.dsv
[0.099s] -- Up-to-date symlink: /home/jaegyun/slam_ws/install/navi/share/navi/local_setup.bash
[0.099s] -- Up-to-date symlink: /home/jaegyun/slam_ws/install/navi/share/navi/local_setup.sh
[0.099s] -- Up-to-date symlink: /home/jaegyun/slam_ws/install/navi/share/navi/local_setup.zsh
[0.099s] -- Up-to-date symlink: /home/jaegyun/slam_ws/install/navi/share/navi/local_setup.dsv
[0.099s] -- Symlinking: /home/jaegyun/slam_ws/install/navi/share/navi/package.dsv
[0.107s] -- Up-to-date symlink: /home/jaegyun/slam_ws/install/navi/share/ament_index/resource_index/packages/navi
[0.107s] -- Up-to-date symlink: /home/jaegyun/slam_ws/install/navi/share/navi/cmake/naviConfig.cmake
[0.107s] -- Up-to-date symlink: /home/jaegyun/slam_ws/install/navi/share/navi/cmake/naviConfig-version.cmake
[0.107s] -- Up-to-date symlink: /home/jaegyun/slam_ws/install/navi/share/navi/package.xml
[0.111s] Invoked command in '/home/jaegyun/slam_ws/build/navi' returned '0': CMAKE_PREFIX_PATH=${CMAKE_PREFIX_PATH}:/home/jaegyun/turtlebot3_ws/install/turtlebot3_teleop:/home/jaegyun/turtlebot3_ws/install/turtlebot3_example:/opt/ros/humble /usr/bin/cmake --install /home/jaegyun/slam_ws/build/navi
