[0.014s] Invoking command in '/home/jaegyun/slam_ws/build/simya_description': CMAKE_PREFIX_PATH=${CMAKE_PREFIX_PATH}:/home/jaegyun/turtlebot3_ws/install/turtlebot3_teleop:/home/jaegyun/turtlebot3_ws/install/turtlebot3_example:/opt/ros/humble /usr/bin/cmake /home/jaegyun/slam_ws/src/simya_description -DAMENT_CMAKE_SYMLINK_INSTALL=1 -DCMAKE_INSTALL_PREFIX=/home/jaegyun/slam_ws/install/simya_description
[0.051s] -- The C compiler identification is GNU 11.4.0
[0.088s] -- The CXX compiler identification is GNU 11.4.0
[0.093s] -- Detecting C compiler ABI info
[0.143s] -- Detecting C compiler ABI info - done
[0.148s] -- Check for working C compiler: /usr/bin/cc - skipped
[0.148s] -- Detecting C compile features
[0.148s] -- Detecting C compile features - done
[0.150s] -- Detecting CXX compiler ABI info
[0.207s] -- Detecting CXX compiler ABI info - done
[0.211s] -- Check for working CXX compiler: /usr/bin/c++ - skipped
[0.212s] -- Detecting CXX compile features
[0.212s] -- Detecting CXX compile features - done
[0.215s] -- Found ament_cmake: 1.3.10 (/opt/ros/humble/share/ament_cmake/cmake)
[0.316s] -- Found Python3: /usr/bin/python3 (found version "3.10.12") found components: Interpreter 
[0.355s] -- Override CMake install command with custom implementation using symlinks instead of copying resources
[0.392s] -- Found rclcpp: 16.0.10 (/opt/ros/humble/share/rclcpp/cmake)
[0.433s] -- Found rosidl_generator_c: 3.1.5 (/opt/ros/humble/share/rosidl_generator_c/cmake)
[0.439s] -- Found rosidl_adapter: 3.1.5 (/opt/ros/humble/share/rosidl_adapter/cmake)
[0.447s] -- Found rosidl_generator_cpp: 3.1.5 (/opt/ros/humble/share/rosidl_generator_cpp/cmake)
[0.457s] -- Using all available rosidl_typesupport_c: rosidl_typesupport_fastrtps_c;rosidl_typesupport_introspection_c
[0.471s] -- Using all available rosidl_typesupport_cpp: rosidl_typesupport_fastrtps_cpp;rosidl_typesupport_introspection_cpp
[0.511s] -- Found rmw_implementation_cmake: 6.1.2 (/opt/ros/humble/share/rmw_implementation_cmake/cmake)
[0.514s] -- Found rmw_fastrtps_cpp: 6.2.7 (/opt/ros/humble/share/rmw_fastrtps_cpp/cmake)
[0.582s] -- Found OpenSSL: /usr/lib/x86_64-linux-gnu/libcrypto.so (found version "3.0.2")  
[0.600s] -- Found FastRTPS: /opt/ros/humble/include  
[0.629s] -- Using RMW implementation 'rmw_fastrtps_cpp' as default
[0.637s] -- Looking for pthread.h
[0.683s] -- Looking for pthread.h - found
[0.683s] -- Performing Test CMAKE_HAVE_LIBC_PTHREAD
[0.730s] -- Performing Test CMAKE_HAVE_LIBC_PTHREAD - Success
[0.731s] -- Found Threads: TRUE  
[0.763s] -- Found rclpy: 3.3.14 (/opt/ros/humble/share/rclpy/cmake)
[0.765s] -- Found ament_lint_auto: 0.12.11 (/opt/ros/humble/share/ament_lint_auto/cmake)
[0.815s] -- Added test 'flake8' to check Python code syntax and style conventions
[0.815s] -- Added test 'lint_cmake' to check CMake code style
[0.816s] -- Added test 'pep257' to check Python code against some of the docstring style conventions in PEP 257
[0.817s] -- Added test 'xmllint' to check XML markup files
[0.818s] -- Configuring done
[0.820s] -- Generating done
[0.821s] -- Build files have been written to: /home/jaegyun/slam_ws/build/simya_description
[0.827s] Invoked command in '/home/jaegyun/slam_ws/build/simya_description' returned '0': CMAKE_PREFIX_PATH=${CMAKE_PREFIX_PATH}:/home/jaegyun/turtlebot3_ws/install/turtlebot3_teleop:/home/jaegyun/turtlebot3_ws/install/turtlebot3_example:/opt/ros/humble /usr/bin/cmake /home/jaegyun/slam_ws/src/simya_description -DAMENT_CMAKE_SYMLINK_INSTALL=1 -DCMAKE_INSTALL_PREFIX=/home/jaegyun/slam_ws/install/simya_description
[0.828s] Invoking command in '/home/jaegyun/slam_ws/build/simya_description': CMAKE_PREFIX_PATH=${CMAKE_PREFIX_PATH}:/home/jaegyun/turtlebot3_ws/install/turtlebot3_teleop:/home/jaegyun/turtlebot3_ws/install/turtlebot3_example:/opt/ros/humble /usr/bin/cmake --build /home/jaegyun/slam_ws/build/simya_description -- -j24 -l24
[0.854s] Invoked command in '/home/jaegyun/slam_ws/build/simya_description' returned '0': CMAKE_PREFIX_PATH=${CMAKE_PREFIX_PATH}:/home/jaegyun/turtlebot3_ws/install/turtlebot3_teleop:/home/jaegyun/turtlebot3_ws/install/turtlebot3_example:/opt/ros/humble /usr/bin/cmake --build /home/jaegyun/slam_ws/build/simya_description -- -j24 -l24
[0.876s] Invoking command in '/home/jaegyun/slam_ws/build/simya_description': CMAKE_PREFIX_PATH=${CMAKE_PREFIX_PATH}:/home/jaegyun/turtlebot3_ws/install/turtlebot3_teleop:/home/jaegyun/turtlebot3_ws/install/turtlebot3_example:/opt/ros/humble /usr/bin/cmake --install /home/jaegyun/slam_ws/build/simya_description
[0.881s] -- Install configuration: ""
[0.882s] -- Execute custom install script
[0.882s] -- Symlinking: /home/jaegyun/slam_ws/install/simya_description/share/simya_description/launch/robot.launch.py
[0.888s] -- Symlinking: /home/jaegyun/slam_ws/install/simya_description/share/simya_description/launch/robot_description_launch.py
[0.894s] -- Symlinking: /home/jaegyun/slam_ws/install/simya_description/share/simya_description/meshes/main_body.STL
[0.899s] -- Symlinking: /home/jaegyun/slam_ws/install/simya_description/share/simya_description/meshes/wheel_L.STL
[0.906s] -- Symlinking: /home/jaegyun/slam_ws/install/simya_description/share/simya_description/meshes/wheel_R.STL
[0.912s] -- Symlinking: /home/jaegyun/slam_ws/install/simya_description/share/simya_description/urdf/robot.urdf
[0.918s] -- Symlinking: /home/jaegyun/slam_ws/install/simya_description/share/ament_index/resource_index/package_run_dependencies/simya_description
[0.924s] -- Symlinking: /home/jaegyun/slam_ws/install/simya_description/share/ament_index/resource_index/parent_prefix_path/simya_description
[0.931s] -- Symlinking: /home/jaegyun/slam_ws/install/simya_description/share/simya_description/environment/ament_prefix_path.sh
[0.936s] -- Symlinking: /home/jaegyun/slam_ws/install/simya_description/share/simya_description/environment/ament_prefix_path.dsv
[0.942s] -- Symlinking: /home/jaegyun/slam_ws/install/simya_description/share/simya_description/environment/path.sh
[0.948s] -- Symlinking: /home/jaegyun/slam_ws/install/simya_description/share/simya_description/environment/path.dsv
[0.955s] -- Symlinking: /home/jaegyun/slam_ws/install/simya_description/share/simya_description/local_setup.bash
[0.960s] -- Symlinking: /home/jaegyun/slam_ws/install/simya_description/share/simya_description/local_setup.sh
[0.965s] -- Symlinking: /home/jaegyun/slam_ws/install/simya_description/share/simya_description/local_setup.zsh
[0.971s] -- Symlinking: /home/jaegyun/slam_ws/install/simya_description/share/simya_description/local_setup.dsv
[0.977s] -- Symlinking: /home/jaegyun/slam_ws/install/simya_description/share/simya_description/package.dsv
[0.983s] -- Symlinking: /home/jaegyun/slam_ws/install/simya_description/share/ament_index/resource_index/packages/simya_description
[0.988s] -- Symlinking: /home/jaegyun/slam_ws/install/simya_description/share/simya_description/cmake/simya_descriptionConfig.cmake
[0.994s] -- Symlinking: /home/jaegyun/slam_ws/install/simya_description/share/simya_description/cmake/simya_descriptionConfig-version.cmake
[0.999s] -- Symlinking: /home/jaegyun/slam_ws/install/simya_description/share/simya_description/package.xml
[1.006s] Invoked command in '/home/jaegyun/slam_ws/build/simya_description' returned '0': CMAKE_PREFIX_PATH=${CMAKE_PREFIX_PATH}:/home/jaegyun/turtlebot3_ws/install/turtlebot3_teleop:/home/jaegyun/turtlebot3_ws/install/turtlebot3_example:/opt/ros/humble /usr/bin/cmake --install /home/jaegyun/slam_ws/build/simya_description
