[0.060s] DEBUG:colcon:Command line arguments: ['/usr/bin/colcon', 'build', '--symlink-install']
[0.060s] DEBUG:colcon:Parsed command line arguments: Namespace(log_base=None, log_level=None, verb_name='build', build_base='build', install_base='install', merge_install=False, symlink_install=True, test_result_base=None, continue_on_error=False, executor='parallel', parallel_workers=24, event_handlers=None, ignore_user_meta=False, metas=['./colcon.meta'], base_paths=['.'], packages_ignore=None, packages_ignore_regex=None, paths=None, packages_up_to=None, packages_up_to_regex=None, packages_above=None, packages_above_and_dependencies=None, packages_above_depth=None, packages_select_by_dep=None, packages_skip_by_dep=None, packages_skip_up_to=None, packages_select_build_failed=False, packages_skip_build_finished=False, packages_select_test_failures=False, packages_skip_test_passed=False, packages_select=None, packages_skip=None, packages_select_regex=None, packages_skip_regex=None, packages_start=None, packages_end=None, allow_overriding=[], cmake_args=None, cmake_target=None, cmake_target_skip_unavailable=False, cmake_clean_cache=False, cmake_clean_first=False, cmake_force_configure=False, ament_cmake_args=None, catkin_cmake_args=None, catkin_skip_building_tests=False, mixin_files=None, mixin=None, verb_parser=<colcon_mixin.mixin.mixin_argument.MixinArgumentDecorator object at 0x71d6024db5e0>, verb_extension=<colcon_core.verb.build.BuildVerb object at 0x71d602684b80>, main=<bound method BuildVerb.main of <colcon_core.verb.build.BuildVerb object at 0x71d602684b80>>, mixin_verb=('build',))
[0.158s] Level 1:colcon.colcon_core.package_discovery:discover_packages(colcon_meta) check parameters
[0.158s] Level 1:colcon.colcon_core.package_discovery:discover_packages(recursive) check parameters
[0.158s] Level 1:colcon.colcon_core.package_discovery:discover_packages(ignore) check parameters
[0.158s] Level 1:colcon.colcon_core.package_discovery:discover_packages(path) check parameters
[0.158s] Level 1:colcon.colcon_core.package_discovery:discover_packages(colcon_meta) discover
[0.158s] Level 1:colcon.colcon_core.package_discovery:discover_packages(recursive) discover
[0.158s] INFO:colcon.colcon_core.package_discovery:Crawling recursively for packages in '/home/jaegyun/slam_ws'
[0.158s] Level 1:colcon.colcon_core.package_identification:_identify(.) by extensions ['ignore', 'ignore_ament_install']
[0.158s] Level 1:colcon.colcon_core.package_identification:_identify(.) by extension 'ignore'
[0.158s] Level 1:colcon.colcon_core.package_identification:_identify(.) by extension 'ignore_ament_install'
[0.158s] Level 1:colcon.colcon_core.package_identification:_identify(.) by extensions ['colcon_pkg']
[0.158s] Level 1:colcon.colcon_core.package_identification:_identify(.) by extension 'colcon_pkg'
[0.158s] Level 1:colcon.colcon_core.package_identification:_identify(.) by extensions ['colcon_meta']
[0.158s] Level 1:colcon.colcon_core.package_identification:_identify(.) by extension 'colcon_meta'
[0.158s] Level 1:colcon.colcon_core.package_identification:_identify(.) by extensions ['ros']
[0.158s] Level 1:colcon.colcon_core.package_identification:_identify(.) by extension 'ros'
[0.168s] Level 1:colcon.colcon_core.package_identification:_identify(.) by extensions ['cmake', 'python']
[0.168s] Level 1:colcon.colcon_core.package_identification:_identify(.) by extension 'cmake'
[0.168s] Level 1:colcon.colcon_core.package_identification:_identify(.) by extension 'python'
[0.168s] Level 1:colcon.colcon_core.package_identification:_identify(.) by extensions ['python_setup_py']
[0.168s] Level 1:colcon.colcon_core.package_identification:_identify(.) by extension 'python_setup_py'
[0.168s] Level 1:colcon.colcon_core.package_identification:_identify(build) by extensions ['ignore', 'ignore_ament_install']
[0.168s] Level 1:colcon.colcon_core.package_identification:_identify(build) by extension 'ignore'
[0.168s] Level 1:colcon.colcon_core.package_identification:_identify(build) ignored
[0.169s] Level 1:colcon.colcon_core.package_identification:_identify(install) by extensions ['ignore', 'ignore_ament_install']
[0.169s] Level 1:colcon.colcon_core.package_identification:_identify(install) by extension 'ignore'
[0.169s] Level 1:colcon.colcon_core.package_identification:_identify(install) ignored
[0.169s] Level 1:colcon.colcon_core.package_identification:_identify(log) by extensions ['ignore', 'ignore_ament_install']
[0.169s] Level 1:colcon.colcon_core.package_identification:_identify(log) by extension 'ignore'
[0.169s] Level 1:colcon.colcon_core.package_identification:_identify(log) ignored
[0.169s] Level 1:colcon.colcon_core.package_identification:_identify(src) by extensions ['ignore', 'ignore_ament_install']
[0.169s] Level 1:colcon.colcon_core.package_identification:_identify(src) by extension 'ignore'
[0.169s] Level 1:colcon.colcon_core.package_identification:_identify(src) by extension 'ignore_ament_install'
[0.169s] Level 1:colcon.colcon_core.package_identification:_identify(src) by extensions ['colcon_pkg']
[0.169s] Level 1:colcon.colcon_core.package_identification:_identify(src) by extension 'colcon_pkg'
[0.169s] Level 1:colcon.colcon_core.package_identification:_identify(src) by extensions ['colcon_meta']
[0.169s] Level 1:colcon.colcon_core.package_identification:_identify(src) by extension 'colcon_meta'
[0.169s] Level 1:colcon.colcon_core.package_identification:_identify(src) by extensions ['ros']
[0.169s] Level 1:colcon.colcon_core.package_identification:_identify(src) by extension 'ros'
[0.169s] Level 1:colcon.colcon_core.package_identification:_identify(src) by extensions ['cmake', 'python']
[0.169s] Level 1:colcon.colcon_core.package_identification:_identify(src) by extension 'cmake'
[0.169s] Level 1:colcon.colcon_core.package_identification:_identify(src) by extension 'python'
[0.169s] Level 1:colcon.colcon_core.package_identification:_identify(src) by extensions ['python_setup_py']
[0.169s] Level 1:colcon.colcon_core.package_identification:_identify(src) by extension 'python_setup_py'
[0.169s] Level 1:colcon.colcon_core.package_identification:_identify(src/navi) by extensions ['ignore', 'ignore_ament_install']
[0.169s] Level 1:colcon.colcon_core.package_identification:_identify(src/navi) by extension 'ignore'
[0.169s] Level 1:colcon.colcon_core.package_identification:_identify(src/navi) by extension 'ignore_ament_install'
[0.169s] Level 1:colcon.colcon_core.package_identification:_identify(src/navi) by extensions ['colcon_pkg']
[0.169s] Level 1:colcon.colcon_core.package_identification:_identify(src/navi) by extension 'colcon_pkg'
[0.169s] Level 1:colcon.colcon_core.package_identification:_identify(src/navi) by extensions ['colcon_meta']
[0.169s] Level 1:colcon.colcon_core.package_identification:_identify(src/navi) by extension 'colcon_meta'
[0.169s] Level 1:colcon.colcon_core.package_identification:_identify(src/navi) by extensions ['ros']
[0.169s] Level 1:colcon.colcon_core.package_identification:_identify(src/navi) by extension 'ros'
[0.170s] DEBUG:colcon.colcon_core.package_identification:Package 'src/navi' with type 'ros.ament_cmake' and name 'navi'
[0.171s] Level 1:colcon.colcon_core.package_identification:_identify(src/pid_control) by extensions ['ignore', 'ignore_ament_install']
[0.171s] Level 1:colcon.colcon_core.package_identification:_identify(src/pid_control) by extension 'ignore'
[0.171s] Level 1:colcon.colcon_core.package_identification:_identify(src/pid_control) by extension 'ignore_ament_install'
[0.171s] Level 1:colcon.colcon_core.package_identification:_identify(src/pid_control) by extensions ['colcon_pkg']
[0.171s] Level 1:colcon.colcon_core.package_identification:_identify(src/pid_control) by extension 'colcon_pkg'
[0.171s] Level 1:colcon.colcon_core.package_identification:_identify(src/pid_control) by extensions ['colcon_meta']
[0.171s] Level 1:colcon.colcon_core.package_identification:_identify(src/pid_control) by extension 'colcon_meta'
[0.171s] Level 1:colcon.colcon_core.package_identification:_identify(src/pid_control) by extensions ['ros']
[0.171s] Level 1:colcon.colcon_core.package_identification:_identify(src/pid_control) by extension 'ros'
[0.171s] DEBUG:colcon.colcon_core.package_identification:Package 'src/pid_control' with type 'ros.ament_cmake' and name 'pid_control'
[0.171s] Level 1:colcon.colcon_core.package_identification:_identify(src/pwm_control) by extensions ['ignore', 'ignore_ament_install']
[0.171s] Level 1:colcon.colcon_core.package_identification:_identify(src/pwm_control) by extension 'ignore'
[0.171s] Level 1:colcon.colcon_core.package_identification:_identify(src/pwm_control) by extension 'ignore_ament_install'
[0.171s] Level 1:colcon.colcon_core.package_identification:_identify(src/pwm_control) by extensions ['colcon_pkg']
[0.171s] Level 1:colcon.colcon_core.package_identification:_identify(src/pwm_control) by extension 'colcon_pkg'
[0.171s] Level 1:colcon.colcon_core.package_identification:_identify(src/pwm_control) by extensions ['colcon_meta']
[0.171s] Level 1:colcon.colcon_core.package_identification:_identify(src/pwm_control) by extension 'colcon_meta'
[0.172s] Level 1:colcon.colcon_core.package_identification:_identify(src/pwm_control) by extensions ['ros']
[0.172s] Level 1:colcon.colcon_core.package_identification:_identify(src/pwm_control) by extension 'ros'
[0.172s] DEBUG:colcon.colcon_core.package_identification:Package 'src/pwm_control' with type 'ros.ament_cmake' and name 'pwm_control'
[0.172s] Level 1:colcon.colcon_core.package_identification:_identify(src/simya_description) by extensions ['ignore', 'ignore_ament_install']
[0.172s] Level 1:colcon.colcon_core.package_identification:_identify(src/simya_description) by extension 'ignore'
[0.172s] Level 1:colcon.colcon_core.package_identification:_identify(src/simya_description) by extension 'ignore_ament_install'
[0.172s] Level 1:colcon.colcon_core.package_identification:_identify(src/simya_description) by extensions ['colcon_pkg']
[0.172s] Level 1:colcon.colcon_core.package_identification:_identify(src/simya_description) by extension 'colcon_pkg'
[0.172s] Level 1:colcon.colcon_core.package_identification:_identify(src/simya_description) by extensions ['colcon_meta']
[0.172s] Level 1:colcon.colcon_core.package_identification:_identify(src/simya_description) by extension 'colcon_meta'
[0.172s] Level 1:colcon.colcon_core.package_identification:_identify(src/simya_description) by extensions ['ros']
[0.172s] Level 1:colcon.colcon_core.package_identification:_identify(src/simya_description) by extension 'ros'
[0.173s] DEBUG:colcon.colcon_core.package_identification:Package 'src/simya_description' with type 'ros.ament_cmake' and name 'simya_description'
[0.173s] Level 1:colcon.colcon_core.package_identification:_identify(src/ydlidar_ros2_driver) by extensions ['ignore', 'ignore_ament_install']
[0.173s] Level 1:colcon.colcon_core.package_identification:_identify(src/ydlidar_ros2_driver) by extension 'ignore'
[0.173s] Level 1:colcon.colcon_core.package_identification:_identify(src/ydlidar_ros2_driver) by extension 'ignore_ament_install'
[0.173s] Level 1:colcon.colcon_core.package_identification:_identify(src/ydlidar_ros2_driver) by extensions ['colcon_pkg']
[0.173s] Level 1:colcon.colcon_core.package_identification:_identify(src/ydlidar_ros2_driver) by extension 'colcon_pkg'
[0.173s] Level 1:colcon.colcon_core.package_identification:_identify(src/ydlidar_ros2_driver) by extensions ['colcon_meta']
[0.173s] Level 1:colcon.colcon_core.package_identification:_identify(src/ydlidar_ros2_driver) by extension 'colcon_meta'
[0.173s] Level 1:colcon.colcon_core.package_identification:_identify(src/ydlidar_ros2_driver) by extensions ['ros']
[0.173s] Level 1:colcon.colcon_core.package_identification:_identify(src/ydlidar_ros2_driver) by extension 'ros'
[0.173s] DEBUG:colcon.colcon_core.package_identification:Package 'src/ydlidar_ros2_driver' with type 'ros.ament_cmake' and name 'ydlidar_ros2_driver'
[0.173s] Level 1:colcon.colcon_core.package_discovery:discover_packages(recursive) using defaults
[0.173s] Level 1:colcon.colcon_core.package_discovery:discover_packages(ignore) discover
[0.173s] Level 1:colcon.colcon_core.package_discovery:discover_packages(ignore) using defaults
[0.173s] Level 1:colcon.colcon_core.package_discovery:discover_packages(path) discover
[0.173s] Level 1:colcon.colcon_core.package_discovery:discover_packages(path) using defaults
[0.184s] Level 1:colcon.colcon_core.package_discovery:discover_packages(prefix_path) check parameters
[0.184s] Level 1:colcon.colcon_core.package_discovery:discover_packages(prefix_path) discover
[0.186s] DEBUG:colcon.colcon_installed_package_information.package_discovery:Found 5 installed packages in /home/jaegyun/slam_ws/install
[0.186s] DEBUG:colcon.colcon_installed_package_information.package_discovery:Found 15 installed packages in /home/jaegyun/turtlebot3_ws/install
[0.187s] DEBUG:colcon.colcon_installed_package_information.package_discovery:Found 1 installed packages in /home/jaegyun/Auto_ws/install
[0.188s] DEBUG:colcon.colcon_installed_package_information.package_discovery:Found 397 installed packages in /opt/ros/humble
[0.190s] Level 1:colcon.colcon_core.package_discovery:discover_packages(prefix_path) using defaults
[0.217s] Level 5:colcon.colcon_core.verb:set package 'navi' build argument 'cmake_args' from command line to 'None'
[0.217s] Level 5:colcon.colcon_core.verb:set package 'navi' build argument 'cmake_target' from command line to 'None'
[0.217s] Level 5:colcon.colcon_core.verb:set package 'navi' build argument 'cmake_target_skip_unavailable' from command line to 'False'
[0.217s] Level 5:colcon.colcon_core.verb:set package 'navi' build argument 'cmake_clean_cache' from command line to 'False'
[0.217s] Level 5:colcon.colcon_core.verb:set package 'navi' build argument 'cmake_clean_first' from command line to 'False'
[0.217s] Level 5:colcon.colcon_core.verb:set package 'navi' build argument 'cmake_force_configure' from command line to 'False'
[0.217s] Level 5:colcon.colcon_core.verb:set package 'navi' build argument 'ament_cmake_args' from command line to 'None'
[0.217s] Level 5:colcon.colcon_core.verb:set package 'navi' build argument 'catkin_cmake_args' from command line to 'None'
[0.217s] Level 5:colcon.colcon_core.verb:set package 'navi' build argument 'catkin_skip_building_tests' from command line to 'False'
[0.217s] DEBUG:colcon.colcon_core.verb:Building package 'navi' with the following arguments: {'ament_cmake_args': None, 'build_base': '/home/jaegyun/slam_ws/build/navi', 'catkin_cmake_args': None, 'catkin_skip_building_tests': False, 'cmake_args': None, 'cmake_clean_cache': False, 'cmake_clean_first': False, 'cmake_force_configure': False, 'cmake_target': None, 'cmake_target_skip_unavailable': False, 'install_base': '/home/jaegyun/slam_ws/install/navi', 'merge_install': False, 'path': '/home/jaegyun/slam_ws/src/navi', 'symlink_install': True, 'test_result_base': None}
[0.217s] Level 5:colcon.colcon_core.verb:set package 'pid_control' build argument 'cmake_args' from command line to 'None'
[0.217s] Level 5:colcon.colcon_core.verb:set package 'pid_control' build argument 'cmake_target' from command line to 'None'
[0.217s] Level 5:colcon.colcon_core.verb:set package 'pid_control' build argument 'cmake_target_skip_unavailable' from command line to 'False'
[0.217s] Level 5:colcon.colcon_core.verb:set package 'pid_control' build argument 'cmake_clean_cache' from command line to 'False'
[0.217s] Level 5:colcon.colcon_core.verb:set package 'pid_control' build argument 'cmake_clean_first' from command line to 'False'
[0.217s] Level 5:colcon.colcon_core.verb:set package 'pid_control' build argument 'cmake_force_configure' from command line to 'False'
[0.217s] Level 5:colcon.colcon_core.verb:set package 'pid_control' build argument 'ament_cmake_args' from command line to 'None'
[0.217s] Level 5:colcon.colcon_core.verb:set package 'pid_control' build argument 'catkin_cmake_args' from command line to 'None'
[0.217s] Level 5:colcon.colcon_core.verb:set package 'pid_control' build argument 'catkin_skip_building_tests' from command line to 'False'
[0.217s] DEBUG:colcon.colcon_core.verb:Building package 'pid_control' with the following arguments: {'ament_cmake_args': None, 'build_base': '/home/jaegyun/slam_ws/build/pid_control', 'catkin_cmake_args': None, 'catkin_skip_building_tests': False, 'cmake_args': None, 'cmake_clean_cache': False, 'cmake_clean_first': False, 'cmake_force_configure': False, 'cmake_target': None, 'cmake_target_skip_unavailable': False, 'install_base': '/home/jaegyun/slam_ws/install/pid_control', 'merge_install': False, 'path': '/home/jaegyun/slam_ws/src/pid_control', 'symlink_install': True, 'test_result_base': None}
[0.217s] Level 5:colcon.colcon_core.verb:set package 'pwm_control' build argument 'cmake_args' from command line to 'None'
[0.217s] Level 5:colcon.colcon_core.verb:set package 'pwm_control' build argument 'cmake_target' from command line to 'None'
[0.217s] Level 5:colcon.colcon_core.verb:set package 'pwm_control' build argument 'cmake_target_skip_unavailable' from command line to 'False'
[0.217s] Level 5:colcon.colcon_core.verb:set package 'pwm_control' build argument 'cmake_clean_cache' from command line to 'False'
[0.217s] Level 5:colcon.colcon_core.verb:set package 'pwm_control' build argument 'cmake_clean_first' from command line to 'False'
[0.217s] Level 5:colcon.colcon_core.verb:set package 'pwm_control' build argument 'cmake_force_configure' from command line to 'False'
[0.217s] Level 5:colcon.colcon_core.verb:set package 'pwm_control' build argument 'ament_cmake_args' from command line to 'None'
[0.217s] Level 5:colcon.colcon_core.verb:set package 'pwm_control' build argument 'catkin_cmake_args' from command line to 'None'
[0.217s] Level 5:colcon.colcon_core.verb:set package 'pwm_control' build argument 'catkin_skip_building_tests' from command line to 'False'
[0.217s] DEBUG:colcon.colcon_core.verb:Building package 'pwm_control' with the following arguments: {'ament_cmake_args': None, 'build_base': '/home/jaegyun/slam_ws/build/pwm_control', 'catkin_cmake_args': None, 'catkin_skip_building_tests': False, 'cmake_args': None, 'cmake_clean_cache': False, 'cmake_clean_first': False, 'cmake_force_configure': False, 'cmake_target': None, 'cmake_target_skip_unavailable': False, 'install_base': '/home/jaegyun/slam_ws/install/pwm_control', 'merge_install': False, 'path': '/home/jaegyun/slam_ws/src/pwm_control', 'symlink_install': True, 'test_result_base': None}
[0.217s] Level 5:colcon.colcon_core.verb:set package 'simya_description' build argument 'cmake_args' from command line to 'None'
[0.217s] Level 5:colcon.colcon_core.verb:set package 'simya_description' build argument 'cmake_target' from command line to 'None'
[0.217s] Level 5:colcon.colcon_core.verb:set package 'simya_description' build argument 'cmake_target_skip_unavailable' from command line to 'False'
[0.217s] Level 5:colcon.colcon_core.verb:set package 'simya_description' build argument 'cmake_clean_cache' from command line to 'False'
[0.217s] Level 5:colcon.colcon_core.verb:set package 'simya_description' build argument 'cmake_clean_first' from command line to 'False'
[0.217s] Level 5:colcon.colcon_core.verb:set package 'simya_description' build argument 'cmake_force_configure' from command line to 'False'
[0.217s] Level 5:colcon.colcon_core.verb:set package 'simya_description' build argument 'ament_cmake_args' from command line to 'None'
[0.218s] Level 5:colcon.colcon_core.verb:set package 'simya_description' build argument 'catkin_cmake_args' from command line to 'None'
[0.218s] Level 5:colcon.colcon_core.verb:set package 'simya_description' build argument 'catkin_skip_building_tests' from command line to 'False'
[0.218s] DEBUG:colcon.colcon_core.verb:Building package 'simya_description' with the following arguments: {'ament_cmake_args': None, 'build_base': '/home/jaegyun/slam_ws/build/simya_description', 'catkin_cmake_args': None, 'catkin_skip_building_tests': False, 'cmake_args': None, 'cmake_clean_cache': False, 'cmake_clean_first': False, 'cmake_force_configure': False, 'cmake_target': None, 'cmake_target_skip_unavailable': False, 'install_base': '/home/jaegyun/slam_ws/install/simya_description', 'merge_install': False, 'path': '/home/jaegyun/slam_ws/src/simya_description', 'symlink_install': True, 'test_result_base': None}
[0.218s] Level 5:colcon.colcon_core.verb:set package 'ydlidar_ros2_driver' build argument 'cmake_args' from command line to 'None'
[0.218s] Level 5:colcon.colcon_core.verb:set package 'ydlidar_ros2_driver' build argument 'cmake_target' from command line to 'None'
[0.218s] Level 5:colcon.colcon_core.verb:set package 'ydlidar_ros2_driver' build argument 'cmake_target_skip_unavailable' from command line to 'False'
[0.218s] Level 5:colcon.colcon_core.verb:set package 'ydlidar_ros2_driver' build argument 'cmake_clean_cache' from command line to 'False'
[0.218s] Level 5:colcon.colcon_core.verb:set package 'ydlidar_ros2_driver' build argument 'cmake_clean_first' from command line to 'False'
[0.218s] Level 5:colcon.colcon_core.verb:set package 'ydlidar_ros2_driver' build argument 'cmake_force_configure' from command line to 'False'
[0.218s] Level 5:colcon.colcon_core.verb:set package 'ydlidar_ros2_driver' build argument 'ament_cmake_args' from command line to 'None'
[0.218s] Level 5:colcon.colcon_core.verb:set package 'ydlidar_ros2_driver' build argument 'catkin_cmake_args' from command line to 'None'
[0.218s] Level 5:colcon.colcon_core.verb:set package 'ydlidar_ros2_driver' build argument 'catkin_skip_building_tests' from command line to 'False'
[0.218s] DEBUG:colcon.colcon_core.verb:Building package 'ydlidar_ros2_driver' with the following arguments: {'ament_cmake_args': None, 'build_base': '/home/jaegyun/slam_ws/build/ydlidar_ros2_driver', 'catkin_cmake_args': None, 'catkin_skip_building_tests': False, 'cmake_args': None, 'cmake_clean_cache': False, 'cmake_clean_first': False, 'cmake_force_configure': False, 'cmake_target': None, 'cmake_target_skip_unavailable': False, 'install_base': '/home/jaegyun/slam_ws/install/ydlidar_ros2_driver', 'merge_install': False, 'path': '/home/jaegyun/slam_ws/src/ydlidar_ros2_driver', 'symlink_install': True, 'test_result_base': None}
[0.218s] INFO:colcon.colcon_core.executor:Executing jobs using 'parallel' executor
[0.218s] DEBUG:colcon.colcon_parallel_executor.executor.parallel:run_until_complete
[0.219s] INFO:colcon.colcon_ros.task.ament_cmake.build:Building ROS package in '/home/jaegyun/slam_ws/src/navi' with build type 'ament_cmake'
[0.219s] INFO:colcon.colcon_cmake.task.cmake.build:Building CMake package in '/home/jaegyun/slam_ws/src/navi'
[0.220s] INFO:colcon.colcon_core.plugin_system:Skipping extension 'colcon_core.shell.bat': Not used on non-Windows systems
[0.220s] INFO:colcon.colcon_core.shell:Skip shell extension 'powershell' for command environment: Not usable outside of PowerShell
[0.220s] DEBUG:colcon.colcon_core.shell:Skip shell extension 'dsv' for command environment
[0.223s] INFO:colcon.colcon_ros.task.ament_cmake.build:Building ROS package in '/home/jaegyun/slam_ws/src/pid_control' with build type 'ament_cmake'
[0.223s] INFO:colcon.colcon_cmake.task.cmake.build:Building CMake package in '/home/jaegyun/slam_ws/src/pid_control'
[0.223s] INFO:colcon.colcon_core.shell:Skip shell extension 'powershell' for command environment: Not usable outside of PowerShell
[0.224s] DEBUG:colcon.colcon_core.shell:Skip shell extension 'dsv' for command environment
[0.227s] INFO:colcon.colcon_ros.task.ament_cmake.build:Building ROS package in '/home/jaegyun/slam_ws/src/pwm_control' with build type 'ament_cmake'
[0.227s] INFO:colcon.colcon_cmake.task.cmake.build:Building CMake package in '/home/jaegyun/slam_ws/src/pwm_control'
[0.227s] INFO:colcon.colcon_core.shell:Skip shell extension 'powershell' for command environment: Not usable outside of PowerShell
[0.227s] DEBUG:colcon.colcon_core.shell:Skip shell extension 'dsv' for command environment
[0.230s] INFO:colcon.colcon_ros.task.ament_cmake.build:Building ROS package in '/home/jaegyun/slam_ws/src/simya_description' with build type 'ament_cmake'
[0.230s] INFO:colcon.colcon_cmake.task.cmake.build:Building CMake package in '/home/jaegyun/slam_ws/src/simya_description'
[0.230s] INFO:colcon.colcon_core.shell:Skip shell extension 'powershell' for command environment: Not usable outside of PowerShell
[0.230s] DEBUG:colcon.colcon_core.shell:Skip shell extension 'dsv' for command environment
[0.233s] INFO:colcon.colcon_ros.task.ament_cmake.build:Building ROS package in '/home/jaegyun/slam_ws/src/ydlidar_ros2_driver' with build type 'ament_cmake'
[0.234s] INFO:colcon.colcon_cmake.task.cmake.build:Building CMake package in '/home/jaegyun/slam_ws/src/ydlidar_ros2_driver'
[0.234s] INFO:colcon.colcon_core.shell:Skip shell extension 'powershell' for command environment: Not usable outside of PowerShell
[0.234s] DEBUG:colcon.colcon_core.shell:Skip shell extension 'dsv' for command environment
[0.240s] DEBUG:colcon.colcon_core.event_handler.log_command:Invoking command in '/home/jaegyun/slam_ws/build/navi': CMAKE_PREFIX_PATH=${CMAKE_PREFIX_PATH}:/home/jaegyun/turtlebot3_ws/install/turtlebot3_teleop:/home/jaegyun/turtlebot3_ws/install/turtlebot3_example:/opt/ros/humble /usr/bin/cmake --build /home/jaegyun/slam_ws/build/navi -- -j24 -l24
[0.242s] DEBUG:colcon.colcon_core.event_handler.log_command:Invoking command in '/home/jaegyun/slam_ws/build/pid_control': CMAKE_PREFIX_PATH=${CMAKE_PREFIX_PATH}:/home/jaegyun/turtlebot3_ws/install/turtlebot3_teleop:/home/jaegyun/turtlebot3_ws/install/turtlebot3_example:/opt/ros/humble /usr/bin/cmake --build /home/jaegyun/slam_ws/build/pid_control -- -j24 -l24
[0.244s] DEBUG:colcon.colcon_core.event_handler.log_command:Invoking command in '/home/jaegyun/slam_ws/build/pwm_control': CMAKE_PREFIX_PATH=${CMAKE_PREFIX_PATH}:/home/jaegyun/turtlebot3_ws/install/turtlebot3_teleop:/home/jaegyun/turtlebot3_ws/install/turtlebot3_example:/opt/ros/humble /usr/bin/cmake --build /home/jaegyun/slam_ws/build/pwm_control -- -j24 -l24
[0.246s] DEBUG:colcon.colcon_core.event_handler.log_command:Invoking command in '/home/jaegyun/slam_ws/build/simya_description': CMAKE_PREFIX_PATH=${CMAKE_PREFIX_PATH}:/home/jaegyun/turtlebot3_ws/install/turtlebot3_teleop:/home/jaegyun/turtlebot3_ws/install/turtlebot3_example:/opt/ros/humble /usr/bin/cmake --build /home/jaegyun/slam_ws/build/simya_description -- -j24 -l24
[0.248s] DEBUG:colcon.colcon_core.event_handler.log_command:Invoking command in '/home/jaegyun/slam_ws/build/ydlidar_ros2_driver': CMAKE_PREFIX_PATH=${CMAKE_PREFIX_PATH}:/home/jaegyun/turtlebot3_ws/install/turtlebot3_teleop:/home/jaegyun/turtlebot3_ws/install/turtlebot3_example:/opt/ros/humble /usr/bin/cmake --build /home/jaegyun/slam_ws/build/ydlidar_ros2_driver -- -j24 -l24
[0.276s] DEBUG:colcon.colcon_core.event_handler.log_command:Invoked command in '/home/jaegyun/slam_ws/build/simya_description' returned '0': CMAKE_PREFIX_PATH=${CMAKE_PREFIX_PATH}:/home/jaegyun/turtlebot3_ws/install/turtlebot3_teleop:/home/jaegyun/turtlebot3_ws/install/turtlebot3_example:/opt/ros/humble /usr/bin/cmake --build /home/jaegyun/slam_ws/build/simya_description -- -j24 -l24
[0.303s] DEBUG:colcon.colcon_core.event_handler.log_command:Invoking command in '/home/jaegyun/slam_ws/build/simya_description': CMAKE_PREFIX_PATH=${CMAKE_PREFIX_PATH}:/home/jaegyun/turtlebot3_ws/install/turtlebot3_teleop:/home/jaegyun/turtlebot3_ws/install/turtlebot3_example:/opt/ros/humble /usr/bin/cmake --install /home/jaegyun/slam_ws/build/simya_description
[0.304s] DEBUG:colcon.colcon_core.event_handler.log_command:Invoked command in '/home/jaegyun/slam_ws/build/navi' returned '0': CMAKE_PREFIX_PATH=${CMAKE_PREFIX_PATH}:/home/jaegyun/turtlebot3_ws/install/turtlebot3_teleop:/home/jaegyun/turtlebot3_ws/install/turtlebot3_example:/opt/ros/humble /usr/bin/cmake --build /home/jaegyun/slam_ws/build/navi -- -j24 -l24
[0.305s] DEBUG:colcon.colcon_core.event_handler.log_command:Invoked command in '/home/jaegyun/slam_ws/build/pid_control' returned '0': CMAKE_PREFIX_PATH=${CMAKE_PREFIX_PATH}:/home/jaegyun/turtlebot3_ws/install/turtlebot3_teleop:/home/jaegyun/turtlebot3_ws/install/turtlebot3_example:/opt/ros/humble /usr/bin/cmake --build /home/jaegyun/slam_ws/build/pid_control -- -j24 -l24
[0.306s] DEBUG:colcon.colcon_core.event_handler.log_command:Invoked command in '/home/jaegyun/slam_ws/build/pwm_control' returned '0': CMAKE_PREFIX_PATH=${CMAKE_PREFIX_PATH}:/home/jaegyun/turtlebot3_ws/install/turtlebot3_teleop:/home/jaegyun/turtlebot3_ws/install/turtlebot3_example:/opt/ros/humble /usr/bin/cmake --build /home/jaegyun/slam_ws/build/pwm_control -- -j24 -l24
[0.306s] DEBUG:colcon.colcon_core.event_handler.log_command:Invoked command in '/home/jaegyun/slam_ws/build/ydlidar_ros2_driver' returned '0': CMAKE_PREFIX_PATH=${CMAKE_PREFIX_PATH}:/home/jaegyun/turtlebot3_ws/install/turtlebot3_teleop:/home/jaegyun/turtlebot3_ws/install/turtlebot3_example:/opt/ros/humble /usr/bin/cmake --build /home/jaegyun/slam_ws/build/ydlidar_ros2_driver -- -j24 -l24
[0.319s] Level 1:colcon.colcon_core.environment:create_environment_scripts_only(simya_description)
[0.319s] DEBUG:colcon.colcon_core.event_handler.log_command:Invoked command in '/home/jaegyun/slam_ws/build/simya_description' returned '0': CMAKE_PREFIX_PATH=${CMAKE_PREFIX_PATH}:/home/jaegyun/turtlebot3_ws/install/turtlebot3_teleop:/home/jaegyun/turtlebot3_ws/install/turtlebot3_example:/opt/ros/humble /usr/bin/cmake --install /home/jaegyun/slam_ws/build/simya_description
[0.320s] Level 1:colcon.colcon_core.environment:checking '/home/jaegyun/slam_ws/install/simya_description' for CMake module files
[0.321s] Level 1:colcon.colcon_core.environment:checking '/home/jaegyun/slam_ws/install/simya_description' for CMake config files
[0.321s] Level 1:colcon.colcon_core.shell:create_environment_hook('simya_description', 'cmake_prefix_path')
[0.321s] INFO:colcon.colcon_core.shell:Creating environment hook '/home/jaegyun/slam_ws/install/simya_description/share/simya_description/hook/cmake_prefix_path.ps1'
[0.322s] INFO:colcon.colcon_core.shell:Creating environment descriptor '/home/jaegyun/slam_ws/install/simya_description/share/simya_description/hook/cmake_prefix_path.dsv'
[0.322s] INFO:colcon.colcon_core.shell:Creating environment hook '/home/jaegyun/slam_ws/install/simya_description/share/simya_description/hook/cmake_prefix_path.sh'
[0.322s] Level 1:colcon.colcon_core.environment:checking '/home/jaegyun/slam_ws/install/simya_description/bin'
[0.323s] Level 1:colcon.colcon_core.environment:checking '/home/jaegyun/slam_ws/install/simya_description/lib/pkgconfig/simya_description.pc'
[0.323s] Level 1:colcon.colcon_core.environment:checking '/home/jaegyun/slam_ws/install/simya_description/lib/python3.10/site-packages'
[0.323s] Level 1:colcon.colcon_core.environment:checking '/home/jaegyun/slam_ws/install/simya_description/bin'
[0.323s] INFO:colcon.colcon_core.shell:Creating package script '/home/jaegyun/slam_ws/install/simya_description/share/simya_description/package.ps1'
[0.323s] INFO:colcon.colcon_core.shell:Creating package descriptor '/home/jaegyun/slam_ws/install/simya_description/share/simya_description/package.dsv'
[0.324s] INFO:colcon.colcon_core.shell:Creating package script '/home/jaegyun/slam_ws/install/simya_description/share/simya_description/package.sh'
[0.324s] INFO:colcon.colcon_core.shell:Creating package script '/home/jaegyun/slam_ws/install/simya_description/share/simya_description/package.bash'
[0.324s] INFO:colcon.colcon_core.shell:Creating package script '/home/jaegyun/slam_ws/install/simya_description/share/simya_description/package.zsh'
[0.325s] Level 1:colcon.colcon_core.environment:create_file_with_runtime_dependencies(/home/jaegyun/slam_ws/install/simya_description/share/colcon-core/packages/simya_description)
[0.329s] DEBUG:colcon.colcon_core.event_handler.log_command:Invoking command in '/home/jaegyun/slam_ws/build/navi': CMAKE_PREFIX_PATH=${CMAKE_PREFIX_PATH}:/home/jaegyun/turtlebot3_ws/install/turtlebot3_teleop:/home/jaegyun/turtlebot3_ws/install/turtlebot3_example:/opt/ros/humble /usr/bin/cmake --install /home/jaegyun/slam_ws/build/navi
[0.330s] DEBUG:colcon.colcon_core.event_handler.log_command:Invoking command in '/home/jaegyun/slam_ws/build/pwm_control': CMAKE_PREFIX_PATH=${CMAKE_PREFIX_PATH}:/home/jaegyun/turtlebot3_ws/install/turtlebot3_teleop:/home/jaegyun/turtlebot3_ws/install/turtlebot3_example:/opt/ros/humble /usr/bin/cmake --install /home/jaegyun/slam_ws/build/pwm_control
[0.331s] DEBUG:colcon.colcon_core.event_handler.log_command:Invoking command in '/home/jaegyun/slam_ws/build/ydlidar_ros2_driver': CMAKE_PREFIX_PATH=${CMAKE_PREFIX_PATH}:/home/jaegyun/turtlebot3_ws/install/turtlebot3_teleop:/home/jaegyun/turtlebot3_ws/install/turtlebot3_example:/opt/ros/humble /usr/bin/cmake --install /home/jaegyun/slam_ws/build/ydlidar_ros2_driver
[0.339s] DEBUG:colcon.colcon_core.event_handler.log_command:Invoking command in '/home/jaegyun/slam_ws/build/pid_control': CMAKE_PREFIX_PATH=${CMAKE_PREFIX_PATH}:/home/jaegyun/turtlebot3_ws/install/turtlebot3_teleop:/home/jaegyun/turtlebot3_ws/install/turtlebot3_example:/opt/ros/humble /usr/bin/cmake --install /home/jaegyun/slam_ws/build/pid_control
[0.342s] Level 1:colcon.colcon_core.environment:create_environment_scripts_only(simya_description)
[0.342s] Level 1:colcon.colcon_core.environment:checking '/home/jaegyun/slam_ws/install/simya_description' for CMake module files
[0.342s] Level 1:colcon.colcon_core.environment:checking '/home/jaegyun/slam_ws/install/simya_description' for CMake config files
[0.342s] Level 1:colcon.colcon_core.shell:create_environment_hook('simya_description', 'cmake_prefix_path')
[0.343s] INFO:colcon.colcon_core.shell:Creating environment hook '/home/jaegyun/slam_ws/install/simya_description/share/simya_description/hook/cmake_prefix_path.ps1'
[0.343s] INFO:colcon.colcon_core.shell:Creating environment descriptor '/home/jaegyun/slam_ws/install/simya_description/share/simya_description/hook/cmake_prefix_path.dsv'
[0.343s] INFO:colcon.colcon_core.shell:Creating environment hook '/home/jaegyun/slam_ws/install/simya_description/share/simya_description/hook/cmake_prefix_path.sh'
[0.343s] Level 1:colcon.colcon_core.environment:checking '/home/jaegyun/slam_ws/install/simya_description/bin'
[0.343s] Level 1:colcon.colcon_core.environment:checking '/home/jaegyun/slam_ws/install/simya_description/lib/pkgconfig/simya_description.pc'
[0.344s] Level 1:colcon.colcon_core.environment:checking '/home/jaegyun/slam_ws/install/simya_description/lib/python3.10/site-packages'
[0.344s] Level 1:colcon.colcon_core.environment:checking '/home/jaegyun/slam_ws/install/simya_description/bin'
[0.344s] INFO:colcon.colcon_core.shell:Creating package script '/home/jaegyun/slam_ws/install/simya_description/share/simya_description/package.ps1'
[0.345s] INFO:colcon.colcon_core.shell:Creating package descriptor '/home/jaegyun/slam_ws/install/simya_description/share/simya_description/package.dsv'
[0.346s] INFO:colcon.colcon_core.shell:Creating package script '/home/jaegyun/slam_ws/install/simya_description/share/simya_description/package.sh'
[0.346s] INFO:colcon.colcon_core.shell:Creating package script '/home/jaegyun/slam_ws/install/simya_description/share/simya_description/package.bash'
[0.347s] INFO:colcon.colcon_core.shell:Creating package script '/home/jaegyun/slam_ws/install/simya_description/share/simya_description/package.zsh'
[0.347s] Level 1:colcon.colcon_core.environment:create_file_with_runtime_dependencies(/home/jaegyun/slam_ws/install/simya_description/share/colcon-core/packages/simya_description)
[0.348s] Level 1:colcon.colcon_core.environment:create_environment_scripts_only(pwm_control)
[0.348s] Level 1:colcon.colcon_core.environment:checking '/home/jaegyun/slam_ws/install/pwm_control' for CMake module files
[0.349s] DEBUG:colcon.colcon_core.event_handler.log_command:Invoked command in '/home/jaegyun/slam_ws/build/pwm_control' returned '0': CMAKE_PREFIX_PATH=${CMAKE_PREFIX_PATH}:/home/jaegyun/turtlebot3_ws/install/turtlebot3_teleop:/home/jaegyun/turtlebot3_ws/install/turtlebot3_example:/opt/ros/humble /usr/bin/cmake --install /home/jaegyun/slam_ws/build/pwm_control
[0.349s] Level 1:colcon.colcon_core.environment:checking '/home/jaegyun/slam_ws/install/pwm_control' for CMake config files
[0.349s] Level 1:colcon.colcon_core.shell:create_environment_hook('pwm_control', 'cmake_prefix_path')
[0.349s] INFO:colcon.colcon_core.shell:Creating environment hook '/home/jaegyun/slam_ws/install/pwm_control/share/pwm_control/hook/cmake_prefix_path.ps1'
[0.349s] INFO:colcon.colcon_core.shell:Creating environment descriptor '/home/jaegyun/slam_ws/install/pwm_control/share/pwm_control/hook/cmake_prefix_path.dsv'
[0.350s] INFO:colcon.colcon_core.shell:Creating environment hook '/home/jaegyun/slam_ws/install/pwm_control/share/pwm_control/hook/cmake_prefix_path.sh'
[0.350s] Level 1:colcon.colcon_core.environment:checking '/home/jaegyun/slam_ws/install/pwm_control/lib'
[0.350s] Level 1:colcon.colcon_core.environment:checking '/home/jaegyun/slam_ws/install/pwm_control/bin'
[0.350s] Level 1:colcon.colcon_core.environment:checking '/home/jaegyun/slam_ws/install/pwm_control/lib/pkgconfig/pwm_control.pc'
[0.350s] Level 1:colcon.colcon_core.environment:checking '/home/jaegyun/slam_ws/install/pwm_control/lib/python3.10/site-packages'
[0.350s] Level 1:colcon.colcon_core.environment:checking '/home/jaegyun/slam_ws/install/pwm_control/bin'
[0.350s] INFO:colcon.colcon_core.shell:Creating package script '/home/jaegyun/slam_ws/install/pwm_control/share/pwm_control/package.ps1'
[0.351s] INFO:colcon.colcon_core.shell:Creating package descriptor '/home/jaegyun/slam_ws/install/pwm_control/share/pwm_control/package.dsv'
[0.351s] INFO:colcon.colcon_core.shell:Creating package script '/home/jaegyun/slam_ws/install/pwm_control/share/pwm_control/package.sh'
[0.351s] INFO:colcon.colcon_core.shell:Creating package script '/home/jaegyun/slam_ws/install/pwm_control/share/pwm_control/package.bash'
[0.351s] INFO:colcon.colcon_core.shell:Creating package script '/home/jaegyun/slam_ws/install/pwm_control/share/pwm_control/package.zsh'
[0.352s] Level 1:colcon.colcon_core.environment:create_file_with_runtime_dependencies(/home/jaegyun/slam_ws/install/pwm_control/share/colcon-core/packages/pwm_control)
[0.352s] Level 1:colcon.colcon_core.environment:create_environment_scripts_only(navi)
[0.352s] Level 1:colcon.colcon_core.environment:checking '/home/jaegyun/slam_ws/install/navi' for CMake module files
[0.353s] DEBUG:colcon.colcon_core.event_handler.log_command:Invoked command in '/home/jaegyun/slam_ws/build/navi' returned '0': CMAKE_PREFIX_PATH=${CMAKE_PREFIX_PATH}:/home/jaegyun/turtlebot3_ws/install/turtlebot3_teleop:/home/jaegyun/turtlebot3_ws/install/turtlebot3_example:/opt/ros/humble /usr/bin/cmake --install /home/jaegyun/slam_ws/build/navi
[0.353s] Level 1:colcon.colcon_core.environment:checking '/home/jaegyun/slam_ws/install/navi' for CMake config files
[0.353s] Level 1:colcon.colcon_core.shell:create_environment_hook('navi', 'cmake_prefix_path')
[0.354s] INFO:colcon.colcon_core.shell:Creating environment hook '/home/jaegyun/slam_ws/install/navi/share/navi/hook/cmake_prefix_path.ps1'
[0.354s] INFO:colcon.colcon_core.shell:Creating environment descriptor '/home/jaegyun/slam_ws/install/navi/share/navi/hook/cmake_prefix_path.dsv'
[0.354s] INFO:colcon.colcon_core.shell:Creating environment hook '/home/jaegyun/slam_ws/install/navi/share/navi/hook/cmake_prefix_path.sh'
[0.354s] Level 1:colcon.colcon_core.environment:checking '/home/jaegyun/slam_ws/install/navi/lib'
[0.354s] Level 1:colcon.colcon_core.environment:checking '/home/jaegyun/slam_ws/install/navi/bin'
[0.354s] Level 1:colcon.colcon_core.environment:checking '/home/jaegyun/slam_ws/install/navi/lib/pkgconfig/navi.pc'
[0.355s] Level 1:colcon.colcon_core.environment:checking '/home/jaegyun/slam_ws/install/navi/lib/python3.10/site-packages'
[0.355s] Level 1:colcon.colcon_core.environment:checking '/home/jaegyun/slam_ws/install/navi/bin'
[0.355s] INFO:colcon.colcon_core.shell:Creating package script '/home/jaegyun/slam_ws/install/navi/share/navi/package.ps1'
[0.355s] INFO:colcon.colcon_core.shell:Creating package descriptor '/home/jaegyun/slam_ws/install/navi/share/navi/package.dsv'
[0.355s] INFO:colcon.colcon_core.shell:Creating package script '/home/jaegyun/slam_ws/install/navi/share/navi/package.sh'
[0.355s] INFO:colcon.colcon_core.shell:Creating package script '/home/jaegyun/slam_ws/install/navi/share/navi/package.bash'
[0.356s] INFO:colcon.colcon_core.shell:Creating package script '/home/jaegyun/slam_ws/install/navi/share/navi/package.zsh'
[0.356s] Level 1:colcon.colcon_core.environment:create_file_with_runtime_dependencies(/home/jaegyun/slam_ws/install/navi/share/colcon-core/packages/navi)
[0.357s] Level 1:colcon.colcon_core.environment:create_environment_scripts_only(ydlidar_ros2_driver)
[0.357s] Level 1:colcon.colcon_core.environment:checking '/home/jaegyun/slam_ws/install/ydlidar_ros2_driver' for CMake module files
[0.358s] DEBUG:colcon.colcon_core.event_handler.log_command:Invoked command in '/home/jaegyun/slam_ws/build/ydlidar_ros2_driver' returned '0': CMAKE_PREFIX_PATH=${CMAKE_PREFIX_PATH}:/home/jaegyun/turtlebot3_ws/install/turtlebot3_teleop:/home/jaegyun/turtlebot3_ws/install/turtlebot3_example:/opt/ros/humble /usr/bin/cmake --install /home/jaegyun/slam_ws/build/ydlidar_ros2_driver
[0.358s] Level 1:colcon.colcon_core.environment:checking '/home/jaegyun/slam_ws/install/ydlidar_ros2_driver' for CMake config files
[0.358s] Level 1:colcon.colcon_core.shell:create_environment_hook('ydlidar_ros2_driver', 'cmake_prefix_path')
[0.358s] INFO:colcon.colcon_core.shell:Creating environment hook '/home/jaegyun/slam_ws/install/ydlidar_ros2_driver/share/ydlidar_ros2_driver/hook/cmake_prefix_path.ps1'
[0.359s] INFO:colcon.colcon_core.shell:Creating environment descriptor '/home/jaegyun/slam_ws/install/ydlidar_ros2_driver/share/ydlidar_ros2_driver/hook/cmake_prefix_path.dsv'
[0.359s] INFO:colcon.colcon_core.shell:Creating environment hook '/home/jaegyun/slam_ws/install/ydlidar_ros2_driver/share/ydlidar_ros2_driver/hook/cmake_prefix_path.sh'
[0.359s] Level 1:colcon.colcon_core.environment:checking '/home/jaegyun/slam_ws/install/ydlidar_ros2_driver/lib'
[0.359s] Level 1:colcon.colcon_core.environment:checking '/home/jaegyun/slam_ws/install/ydlidar_ros2_driver/bin'
[0.359s] Level 1:colcon.colcon_core.environment:checking '/home/jaegyun/slam_ws/install/ydlidar_ros2_driver/lib/pkgconfig/ydlidar_ros2_driver.pc'
[0.359s] Level 1:colcon.colcon_core.environment:checking '/home/jaegyun/slam_ws/install/ydlidar_ros2_driver/lib/python3.10/site-packages'
[0.359s] Level 1:colcon.colcon_core.environment:checking '/home/jaegyun/slam_ws/install/ydlidar_ros2_driver/bin'
[0.360s] INFO:colcon.colcon_core.shell:Creating package script '/home/jaegyun/slam_ws/install/ydlidar_ros2_driver/share/ydlidar_ros2_driver/package.ps1'
[0.360s] INFO:colcon.colcon_core.shell:Creating package descriptor '/home/jaegyun/slam_ws/install/ydlidar_ros2_driver/share/ydlidar_ros2_driver/package.dsv'
[0.360s] INFO:colcon.colcon_core.shell:Creating package script '/home/jaegyun/slam_ws/install/ydlidar_ros2_driver/share/ydlidar_ros2_driver/package.sh'
[0.360s] INFO:colcon.colcon_core.shell:Creating package script '/home/jaegyun/slam_ws/install/ydlidar_ros2_driver/share/ydlidar_ros2_driver/package.bash'
[0.360s] INFO:colcon.colcon_core.shell:Creating package script '/home/jaegyun/slam_ws/install/ydlidar_ros2_driver/share/ydlidar_ros2_driver/package.zsh'
[0.361s] Level 1:colcon.colcon_core.environment:create_file_with_runtime_dependencies(/home/jaegyun/slam_ws/install/ydlidar_ros2_driver/share/colcon-core/packages/ydlidar_ros2_driver)
[0.361s] Level 1:colcon.colcon_core.environment:create_environment_scripts_only(pid_control)
[0.361s] Level 1:colcon.colcon_core.environment:checking '/home/jaegyun/slam_ws/install/pid_control' for CMake module files
[0.362s] DEBUG:colcon.colcon_core.event_handler.log_command:Invoked command in '/home/jaegyun/slam_ws/build/pid_control' returned '0': CMAKE_PREFIX_PATH=${CMAKE_PREFIX_PATH}:/home/jaegyun/turtlebot3_ws/install/turtlebot3_teleop:/home/jaegyun/turtlebot3_ws/install/turtlebot3_example:/opt/ros/humble /usr/bin/cmake --install /home/jaegyun/slam_ws/build/pid_control
[0.362s] Level 1:colcon.colcon_core.environment:checking '/home/jaegyun/slam_ws/install/pid_control' for CMake config files
[0.362s] Level 1:colcon.colcon_core.shell:create_environment_hook('pid_control', 'cmake_prefix_path')
[0.362s] INFO:colcon.colcon_core.shell:Creating environment hook '/home/jaegyun/slam_ws/install/pid_control/share/pid_control/hook/cmake_prefix_path.ps1'
[0.363s] INFO:colcon.colcon_core.shell:Creating environment descriptor '/home/jaegyun/slam_ws/install/pid_control/share/pid_control/hook/cmake_prefix_path.dsv'
[0.363s] INFO:colcon.colcon_core.shell:Creating environment hook '/home/jaegyun/slam_ws/install/pid_control/share/pid_control/hook/cmake_prefix_path.sh'
[0.363s] Level 1:colcon.colcon_core.environment:checking '/home/jaegyun/slam_ws/install/pid_control/lib'
[0.363s] Level 1:colcon.colcon_core.environment:checking '/home/jaegyun/slam_ws/install/pid_control/bin'
[0.363s] Level 1:colcon.colcon_core.environment:checking '/home/jaegyun/slam_ws/install/pid_control/lib/pkgconfig/pid_control.pc'
[0.363s] Level 1:colcon.colcon_core.environment:checking '/home/jaegyun/slam_ws/install/pid_control/lib/python3.10/site-packages'
[0.363s] Level 1:colcon.colcon_core.environment:checking '/home/jaegyun/slam_ws/install/pid_control/bin'
[0.364s] INFO:colcon.colcon_core.shell:Creating package script '/home/jaegyun/slam_ws/install/pid_control/share/pid_control/package.ps1'
[0.364s] INFO:colcon.colcon_core.shell:Creating package descriptor '/home/jaegyun/slam_ws/install/pid_control/share/pid_control/package.dsv'
[0.364s] INFO:colcon.colcon_core.shell:Creating package script '/home/jaegyun/slam_ws/install/pid_control/share/pid_control/package.sh'
[0.364s] INFO:colcon.colcon_core.shell:Creating package script '/home/jaegyun/slam_ws/install/pid_control/share/pid_control/package.bash'
[0.364s] INFO:colcon.colcon_core.shell:Creating package script '/home/jaegyun/slam_ws/install/pid_control/share/pid_control/package.zsh'
[0.365s] Level 1:colcon.colcon_core.environment:create_file_with_runtime_dependencies(/home/jaegyun/slam_ws/install/pid_control/share/colcon-core/packages/pid_control)
[0.375s] Level 1:colcon.colcon_core.environment:create_environment_scripts_only(pwm_control)
[0.375s] Level 1:colcon.colcon_core.environment:checking '/home/jaegyun/slam_ws/install/pwm_control' for CMake module files
[0.375s] Level 1:colcon.colcon_core.environment:checking '/home/jaegyun/slam_ws/install/pwm_control' for CMake config files
[0.375s] Level 1:colcon.colcon_core.shell:create_environment_hook('pwm_control', 'cmake_prefix_path')
[0.375s] INFO:colcon.colcon_core.shell:Creating environment hook '/home/jaegyun/slam_ws/install/pwm_control/share/pwm_control/hook/cmake_prefix_path.ps1'
[0.376s] INFO:colcon.colcon_core.shell:Creating environment descriptor '/home/jaegyun/slam_ws/install/pwm_control/share/pwm_control/hook/cmake_prefix_path.dsv'
[0.376s] INFO:colcon.colcon_core.shell:Creating environment hook '/home/jaegyun/slam_ws/install/pwm_control/share/pwm_control/hook/cmake_prefix_path.sh'
[0.376s] Level 1:colcon.colcon_core.environment:checking '/home/jaegyun/slam_ws/install/pwm_control/lib'
[0.376s] Level 1:colcon.colcon_core.environment:checking '/home/jaegyun/slam_ws/install/pwm_control/bin'
[0.376s] Level 1:colcon.colcon_core.environment:checking '/home/jaegyun/slam_ws/install/pwm_control/lib/pkgconfig/pwm_control.pc'
[0.377s] Level 1:colcon.colcon_core.environment:checking '/home/jaegyun/slam_ws/install/pwm_control/lib/python3.10/site-packages'
[0.377s] Level 1:colcon.colcon_core.environment:checking '/home/jaegyun/slam_ws/install/pwm_control/bin'
[0.377s] INFO:colcon.colcon_core.shell:Creating package script '/home/jaegyun/slam_ws/install/pwm_control/share/pwm_control/package.ps1'
[0.377s] INFO:colcon.colcon_core.shell:Creating package descriptor '/home/jaegyun/slam_ws/install/pwm_control/share/pwm_control/package.dsv'
[0.377s] INFO:colcon.colcon_core.shell:Creating package script '/home/jaegyun/slam_ws/install/pwm_control/share/pwm_control/package.sh'
[0.378s] INFO:colcon.colcon_core.shell:Creating package script '/home/jaegyun/slam_ws/install/pwm_control/share/pwm_control/package.bash'
[0.378s] INFO:colcon.colcon_core.shell:Creating package script '/home/jaegyun/slam_ws/install/pwm_control/share/pwm_control/package.zsh'
[0.378s] Level 1:colcon.colcon_core.environment:create_file_with_runtime_dependencies(/home/jaegyun/slam_ws/install/pwm_control/share/colcon-core/packages/pwm_control)
[0.379s] Level 1:colcon.colcon_core.environment:create_environment_scripts_only(navi)
[0.379s] Level 1:colcon.colcon_core.environment:checking '/home/jaegyun/slam_ws/install/navi' for CMake module files
[0.380s] Level 1:colcon.colcon_core.environment:checking '/home/jaegyun/slam_ws/install/navi' for CMake config files
[0.380s] Level 1:colcon.colcon_core.shell:create_environment_hook('navi', 'cmake_prefix_path')
[0.380s] INFO:colcon.colcon_core.shell:Creating environment hook '/home/jaegyun/slam_ws/install/navi/share/navi/hook/cmake_prefix_path.ps1'
[0.380s] INFO:colcon.colcon_core.shell:Creating environment descriptor '/home/jaegyun/slam_ws/install/navi/share/navi/hook/cmake_prefix_path.dsv'
[0.380s] INFO:colcon.colcon_core.shell:Creating environment hook '/home/jaegyun/slam_ws/install/navi/share/navi/hook/cmake_prefix_path.sh'
[0.381s] Level 1:colcon.colcon_core.environment:checking '/home/jaegyun/slam_ws/install/navi/lib'
[0.381s] Level 1:colcon.colcon_core.environment:checking '/home/jaegyun/slam_ws/install/navi/bin'
[0.381s] Level 1:colcon.colcon_core.environment:checking '/home/jaegyun/slam_ws/install/navi/lib/pkgconfig/navi.pc'
[0.381s] Level 1:colcon.colcon_core.environment:checking '/home/jaegyun/slam_ws/install/navi/lib/python3.10/site-packages'
[0.381s] Level 1:colcon.colcon_core.environment:checking '/home/jaegyun/slam_ws/install/navi/bin'
[0.381s] INFO:colcon.colcon_core.shell:Creating package script '/home/jaegyun/slam_ws/install/navi/share/navi/package.ps1'
[0.381s] INFO:colcon.colcon_core.shell:Creating package descriptor '/home/jaegyun/slam_ws/install/navi/share/navi/package.dsv'
[0.382s] INFO:colcon.colcon_core.shell:Creating package script '/home/jaegyun/slam_ws/install/navi/share/navi/package.sh'
[0.382s] INFO:colcon.colcon_core.shell:Creating package script '/home/jaegyun/slam_ws/install/navi/share/navi/package.bash'
[0.382s] INFO:colcon.colcon_core.shell:Creating package script '/home/jaegyun/slam_ws/install/navi/share/navi/package.zsh'
[0.382s] Level 1:colcon.colcon_core.environment:create_file_with_runtime_dependencies(/home/jaegyun/slam_ws/install/navi/share/colcon-core/packages/navi)
[0.383s] Level 1:colcon.colcon_core.environment:create_environment_scripts_only(ydlidar_ros2_driver)
[0.383s] Level 1:colcon.colcon_core.environment:checking '/home/jaegyun/slam_ws/install/ydlidar_ros2_driver' for CMake module files
[0.383s] Level 1:colcon.colcon_core.environment:checking '/home/jaegyun/slam_ws/install/ydlidar_ros2_driver' for CMake config files
[0.384s] Level 1:colcon.colcon_core.shell:create_environment_hook('ydlidar_ros2_driver', 'cmake_prefix_path')
[0.384s] INFO:colcon.colcon_core.shell:Creating environment hook '/home/jaegyun/slam_ws/install/ydlidar_ros2_driver/share/ydlidar_ros2_driver/hook/cmake_prefix_path.ps1'
[0.384s] INFO:colcon.colcon_core.shell:Creating environment descriptor '/home/jaegyun/slam_ws/install/ydlidar_ros2_driver/share/ydlidar_ros2_driver/hook/cmake_prefix_path.dsv'
[0.384s] INFO:colcon.colcon_core.shell:Creating environment hook '/home/jaegyun/slam_ws/install/ydlidar_ros2_driver/share/ydlidar_ros2_driver/hook/cmake_prefix_path.sh'
[0.385s] Level 1:colcon.colcon_core.environment:checking '/home/jaegyun/slam_ws/install/ydlidar_ros2_driver/lib'
[0.385s] Level 1:colcon.colcon_core.environment:checking '/home/jaegyun/slam_ws/install/ydlidar_ros2_driver/bin'
[0.385s] Level 1:colcon.colcon_core.environment:checking '/home/jaegyun/slam_ws/install/ydlidar_ros2_driver/lib/pkgconfig/ydlidar_ros2_driver.pc'
[0.385s] Level 1:colcon.colcon_core.environment:checking '/home/jaegyun/slam_ws/install/ydlidar_ros2_driver/lib/python3.10/site-packages'
[0.385s] Level 1:colcon.colcon_core.environment:checking '/home/jaegyun/slam_ws/install/ydlidar_ros2_driver/bin'
[0.385s] INFO:colcon.colcon_core.shell:Creating package script '/home/jaegyun/slam_ws/install/ydlidar_ros2_driver/share/ydlidar_ros2_driver/package.ps1'
[0.385s] INFO:colcon.colcon_core.shell:Creating package descriptor '/home/jaegyun/slam_ws/install/ydlidar_ros2_driver/share/ydlidar_ros2_driver/package.dsv'
[0.385s] INFO:colcon.colcon_core.shell:Creating package script '/home/jaegyun/slam_ws/install/ydlidar_ros2_driver/share/ydlidar_ros2_driver/package.sh'
[0.386s] INFO:colcon.colcon_core.shell:Creating package script '/home/jaegyun/slam_ws/install/ydlidar_ros2_driver/share/ydlidar_ros2_driver/package.bash'
[0.386s] INFO:colcon.colcon_core.shell:Creating package script '/home/jaegyun/slam_ws/install/ydlidar_ros2_driver/share/ydlidar_ros2_driver/package.zsh'
[0.386s] Level 1:colcon.colcon_core.environment:create_file_with_runtime_dependencies(/home/jaegyun/slam_ws/install/ydlidar_ros2_driver/share/colcon-core/packages/ydlidar_ros2_driver)
[0.395s] Level 1:colcon.colcon_core.environment:create_environment_scripts_only(pid_control)
[0.395s] Level 1:colcon.colcon_core.environment:checking '/home/jaegyun/slam_ws/install/pid_control' for CMake module files
[0.395s] Level 1:colcon.colcon_core.environment:checking '/home/jaegyun/slam_ws/install/pid_control' for CMake config files
[0.396s] Level 1:colcon.colcon_core.shell:create_environment_hook('pid_control', 'cmake_prefix_path')
[0.396s] INFO:colcon.colcon_core.shell:Creating environment hook '/home/jaegyun/slam_ws/install/pid_control/share/pid_control/hook/cmake_prefix_path.ps1'
[0.396s] INFO:colcon.colcon_core.shell:Creating environment descriptor '/home/jaegyun/slam_ws/install/pid_control/share/pid_control/hook/cmake_prefix_path.dsv'
[0.396s] INFO:colcon.colcon_core.shell:Creating environment hook '/home/jaegyun/slam_ws/install/pid_control/share/pid_control/hook/cmake_prefix_path.sh'
[0.396s] Level 1:colcon.colcon_core.environment:checking '/home/jaegyun/slam_ws/install/pid_control/lib'
[0.396s] Level 1:colcon.colcon_core.environment:checking '/home/jaegyun/slam_ws/install/pid_control/bin'
[0.396s] Level 1:colcon.colcon_core.environment:checking '/home/jaegyun/slam_ws/install/pid_control/lib/pkgconfig/pid_control.pc'
[0.397s] Level 1:colcon.colcon_core.environment:checking '/home/jaegyun/slam_ws/install/pid_control/lib/python3.10/site-packages'
[0.397s] Level 1:colcon.colcon_core.environment:checking '/home/jaegyun/slam_ws/install/pid_control/bin'
[0.397s] INFO:colcon.colcon_core.shell:Creating package script '/home/jaegyun/slam_ws/install/pid_control/share/pid_control/package.ps1'
[0.397s] INFO:colcon.colcon_core.shell:Creating package descriptor '/home/jaegyun/slam_ws/install/pid_control/share/pid_control/package.dsv'
[0.397s] INFO:colcon.colcon_core.shell:Creating package script '/home/jaegyun/slam_ws/install/pid_control/share/pid_control/package.sh'
[0.398s] INFO:colcon.colcon_core.shell:Creating package script '/home/jaegyun/slam_ws/install/pid_control/share/pid_control/package.bash'
[0.398s] INFO:colcon.colcon_core.shell:Creating package script '/home/jaegyun/slam_ws/install/pid_control/share/pid_control/package.zsh'
[0.398s] Level 1:colcon.colcon_core.environment:create_file_with_runtime_dependencies(/home/jaegyun/slam_ws/install/pid_control/share/colcon-core/packages/pid_control)
[0.398s] DEBUG:colcon.colcon_parallel_executor.executor.parallel:closing loop
[0.398s] DEBUG:colcon.colcon_parallel_executor.executor.parallel:loop closed
[0.398s] DEBUG:colcon.colcon_parallel_executor.executor.parallel:run_until_complete finished with '0'
[0.398s] DEBUG:colcon.colcon_core.event_reactor:joining thread
[0.402s] INFO:colcon.colcon_core.plugin_system:Skipping extension 'colcon_notification.desktop_notification.terminal_notifier': Not used on non-Darwin systems
[0.402s] INFO:colcon.colcon_core.plugin_system:Skipping extension 'colcon_notification.desktop_notification.win32': Not used on non-Windows systems
[0.402s] INFO:colcon.colcon_notification.desktop_notification:Sending desktop notification using 'notify2'
[0.406s] DEBUG:colcon.colcon_core.event_reactor:joined thread
[0.406s] INFO:colcon.colcon_core.shell:Creating prefix script '/home/jaegyun/slam_ws/install/local_setup.ps1'
[0.406s] INFO:colcon.colcon_core.shell:Creating prefix util module '/home/jaegyun/slam_ws/install/_local_setup_util_ps1.py'
[0.407s] INFO:colcon.colcon_core.shell:Creating prefix chain script '/home/jaegyun/slam_ws/install/setup.ps1'
[0.409s] INFO:colcon.colcon_core.shell:Creating prefix script '/home/jaegyun/slam_ws/install/local_setup.sh'
[0.409s] INFO:colcon.colcon_core.shell:Creating prefix util module '/home/jaegyun/slam_ws/install/_local_setup_util_sh.py'
[0.409s] INFO:colcon.colcon_core.shell:Creating prefix chain script '/home/jaegyun/slam_ws/install/setup.sh'
[0.410s] INFO:colcon.colcon_core.shell:Creating prefix script '/home/jaegyun/slam_ws/install/local_setup.bash'
[0.410s] INFO:colcon.colcon_core.shell:Creating prefix chain script '/home/jaegyun/slam_ws/install/setup.bash'
[0.411s] INFO:colcon.colcon_core.shell:Creating prefix script '/home/jaegyun/slam_ws/install/local_setup.zsh'
[0.412s] INFO:colcon.colcon_core.shell:Creating prefix chain script '/home/jaegyun/slam_ws/install/setup.zsh'
