-- Install configuration: ""
-- Execute custom install script
-- Up-to-date symlink: /home/jaegyun/slam_ws/install/simya_description/share/simya_description/launch/robot.launch.py
-- Up-to-date symlink: /home/jaegyun/slam_ws/install/simya_description/share/simya_description/launch/robot_description_launch.py
-- Up-to-date symlink: /home/jaegyun/slam_ws/install/simya_description/share/simya_description/meshes/main_body.STL
-- Up-to-date symlink: /home/jaegyun/slam_ws/install/simya_description/share/simya_description/meshes/wheel_L.STL
-- Up-to-date symlink: /home/jaegyun/slam_ws/install/simya_description/share/simya_description/meshes/wheel_R.STL
-- Up-to-date symlink: /home/jaegyun/slam_ws/install/simya_description/share/simya_description/urdf/robot.urdf
-- Up-to-date symlink: /home/jaegyun/slam_ws/install/simya_description/share/ament_index/resource_index/package_run_dependencies/simya_description
-- Up-to-date symlink: /home/jaegyun/slam_ws/install/simya_description/share/ament_index/resource_index/parent_prefix_path/simya_description
-- Up-to-date symlink: /home/jaegyun/slam_ws/install/simya_description/share/simya_description/environment/ament_prefix_path.sh
-- Up-to-date symlink: /home/jaegyun/slam_ws/install/simya_description/share/simya_description/environment/ament_prefix_path.dsv
-- Up-to-date symlink: /home/jaegyun/slam_ws/install/simya_description/share/simya_description/environment/path.sh
-- Up-to-date symlink: /home/jaegyun/slam_ws/install/simya_description/share/simya_description/environment/path.dsv
-- Up-to-date symlink: /home/jaegyun/slam_ws/install/simya_description/share/simya_description/local_setup.bash
-- Up-to-date symlink: /home/jaegyun/slam_ws/install/simya_description/share/simya_description/local_setup.sh
-- Up-to-date symlink: /home/jaegyun/slam_ws/install/simya_description/share/simya_description/local_setup.zsh
-- Up-to-date symlink: /home/jaegyun/slam_ws/install/simya_description/share/simya_description/local_setup.dsv
-- Symlinking: /home/jaegyun/slam_ws/install/simya_description/share/simya_description/package.dsv
-- Up-to-date symlink: /home/jaegyun/slam_ws/install/simya_description/share/ament_index/resource_index/packages/simya_description
-- Up-to-date symlink: /home/jaegyun/slam_ws/install/simya_description/share/simya_description/cmake/simya_descriptionConfig.cmake
-- Up-to-date symlink: /home/jaegyun/slam_ws/install/simya_description/share/simya_description/cmake/simya_descriptionConfig-version.cmake
-- Up-to-date symlink: /home/jaegyun/slam_ws/install/simya_description/share/simya_description/package.xml
