[0.015s] Invoking command in '/home/jaegyun/slam_ws/build/simya_description': CMAKE_PREFIX_PATH=${CMAKE_PREFIX_PATH}:/home/jaegyun/turtlebot3_ws/install/turtlebot3_teleop:/home/jaegyun/turtlebot3_ws/install/turtlebot3_example:/opt/ros/humble /usr/bin/cmake --build /home/jaegyun/slam_ws/build/simya_description -- -j24 -l24
[0.045s] Invoked command in '/home/jaegyun/slam_ws/build/simya_description' returned '0': CMAKE_PREFIX_PATH=${CMAKE_PREFIX_PATH}:/home/jaegyun/turtlebot3_ws/install/turtlebot3_teleop:/home/jaegyun/turtlebot3_ws/install/turtlebot3_example:/opt/ros/humble /usr/bin/cmake --build /home/jaegyun/slam_ws/build/simya_description -- -j24 -l24
[0.072s] Invoking command in '/home/jaegyun/slam_ws/build/simya_description': CMAKE_PREFIX_PATH=${CMAKE_PREFIX_PATH}:/home/jaegyun/turtlebot3_ws/install/turtlebot3_teleop:/home/jaegyun/turtlebot3_ws/install/turtlebot3_example:/opt/ros/humble /usr/bin/cmake --install /home/jaegyun/slam_ws/build/simya_description
[0.078s] -- Install configuration: ""
[0.078s] -- Execute custom install script
[0.078s] -- Up-to-date symlink: /home/jaegyun/slam_ws/install/simya_description/share/simya_description/launch/robot.launch.py
[0.078s] -- Up-to-date symlink: /home/jaegyun/slam_ws/install/simya_description/share/simya_description/launch/robot_description_launch.py
[0.078s] -- Up-to-date symlink: /home/jaegyun/slam_ws/install/simya_description/share/simya_description/meshes/main_body.STL
[0.078s] -- Up-to-date symlink: /home/jaegyun/slam_ws/install/simya_description/share/simya_description/meshes/wheel_L.STL
[0.078s] -- Up-to-date symlink: /home/jaegyun/slam_ws/install/simya_description/share/simya_description/meshes/wheel_R.STL
[0.079s] -- Up-to-date symlink: /home/jaegyun/slam_ws/install/simya_description/share/simya_description/urdf/robot.urdf
[0.079s] -- Up-to-date symlink: /home/jaegyun/slam_ws/install/simya_description/share/ament_index/resource_index/package_run_dependencies/simya_description
[0.079s] -- Up-to-date symlink: /home/jaegyun/slam_ws/install/simya_description/share/ament_index/resource_index/parent_prefix_path/simya_description
[0.079s] -- Up-to-date symlink: /home/jaegyun/slam_ws/install/simya_description/share/simya_description/environment/ament_prefix_path.sh
[0.079s] -- Up-to-date symlink: /home/jaegyun/slam_ws/install/simya_description/share/simya_description/environment/ament_prefix_path.dsv
[0.079s] -- Up-to-date symlink: /home/jaegyun/slam_ws/install/simya_description/share/simya_description/environment/path.sh
[0.079s] -- Up-to-date symlink: /home/jaegyun/slam_ws/install/simya_description/share/simya_description/environment/path.dsv
[0.079s] -- Up-to-date symlink: /home/jaegyun/slam_ws/install/simya_description/share/simya_description/local_setup.bash
[0.079s] -- Up-to-date symlink: /home/jaegyun/slam_ws/install/simya_description/share/simya_description/local_setup.sh
[0.079s] -- Up-to-date symlink: /home/jaegyun/slam_ws/install/simya_description/share/simya_description/local_setup.zsh
[0.079s] -- Up-to-date symlink: /home/jaegyun/slam_ws/install/simya_description/share/simya_description/local_setup.dsv
[0.080s] -- Symlinking: /home/jaegyun/slam_ws/install/simya_description/share/simya_description/package.dsv
[0.087s] -- Up-to-date symlink: /home/jaegyun/slam_ws/install/simya_description/share/ament_index/resource_index/packages/simya_description
[0.087s] -- Up-to-date symlink: /home/jaegyun/slam_ws/install/simya_description/share/simya_description/cmake/simya_descriptionConfig.cmake
[0.087s] -- Up-to-date symlink: /home/jaegyun/slam_ws/install/simya_description/share/simya_description/cmake/simya_descriptionConfig-version.cmake
[0.087s] -- Up-to-date symlink: /home/jaegyun/slam_ws/install/simya_description/share/simya_description/package.xml
[0.089s] Invoked command in '/home/jaegyun/slam_ws/build/simya_description' returned '0': CMAKE_PREFIX_PATH=${CMAKE_PREFIX_PATH}:/home/jaegyun/turtlebot3_ws/install/turtlebot3_teleop:/home/jaegyun/turtlebot3_ws/install/turtlebot3_example:/opt/ros/humble /usr/bin/cmake --install /home/jaegyun/slam_ws/build/simya_description
