[35m[1mConsolidate compiler generated dependencies of target motor_node[0m
[35m[1mConsolidate compiler generated dependencies of target publisher[0m
[35m[1mConsolidate compiler generated dependencies of target teleop_node[0m
[35m[1mConsolidate compiler generated dependencies of target subscriber[0m
[35m[1mConsolidate compiler generated dependencies of target human_following[0m
[ 20%] Built target publisher
[ 60%] Built target motor_node
[ 60%] Built target teleop_node
[ 80%] Built target human_following
[100%] Built target subscriber
-- Install configuration: ""
-- Execute custom install script
-- Up-to-date symlink: /home/jaegyun/slam_ws/install/pid_control/lib/pid_control/motor_node
-- Up-to-date symlink: /home/jaegyun/slam_ws/install/pid_control/lib/pid_control/teleop_node
-- Up-to-date symlink: /home/jaegyun/slam_ws/install/pid_control/lib/pid_control/publisher
-- Up-to-date symlink: /home/jaegyun/slam_ws/install/pid_control/lib/pid_control/subscriber
-- Up-to-date symlink: /home/jaegyun/slam_ws/install/pid_control/lib/pid_control/human_following
-- Up-to-date symlink: /home/jaegyun/slam_ws/install/pid_control/share/pid_control//config/motor_parameters.txt
-- Up-to-date symlink: /home/jaegyun/slam_ws/install/pid_control/share/ament_index/resource_index/package_run_dependencies/pid_control
-- Up-to-date symlink: /home/jaegyun/slam_ws/install/pid_control/share/ament_index/resource_index/parent_prefix_path/pid_control
-- Up-to-date symlink: /home/jaegyun/slam_ws/install/pid_control/share/pid_control/environment/ament_prefix_path.sh
-- Up-to-date symlink: /home/jaegyun/slam_ws/install/pid_control/share/pid_control/environment/ament_prefix_path.dsv
-- Up-to-date symlink: /home/jaegyun/slam_ws/install/pid_control/share/pid_control/environment/path.sh
-- Up-to-date symlink: /home/jaegyun/slam_ws/install/pid_control/share/pid_control/environment/path.dsv
-- Up-to-date symlink: /home/jaegyun/slam_ws/install/pid_control/share/pid_control/local_setup.bash
-- Up-to-date symlink: /home/jaegyun/slam_ws/install/pid_control/share/pid_control/local_setup.sh
-- Up-to-date symlink: /home/jaegyun/slam_ws/install/pid_control/share/pid_control/local_setup.zsh
-- Up-to-date symlink: /home/jaegyun/slam_ws/install/pid_control/share/pid_control/local_setup.dsv
-- Symlinking: /home/jaegyun/slam_ws/install/pid_control/share/pid_control/package.dsv
-- Up-to-date symlink: /home/jaegyun/slam_ws/install/pid_control/share/ament_index/resource_index/packages/pid_control
-- Up-to-date symlink: /home/jaegyun/slam_ws/install/pid_control/share/pid_control/cmake/pid_controlConfig.cmake
-- Up-to-date symlink: /home/jaegyun/slam_ws/install/pid_control/share/pid_control/cmake/pid_controlConfig-version.cmake
-- Up-to-date symlink: /home/jaegyun/slam_ws/install/pid_control/share/pid_control/package.xml
