[0.018s] Invoking command in '/home/jaegyun/slam_ws/build/pid_control': CMAKE_PREFIX_PATH=${CMAKE_PREFIX_PATH}:/home/jaegyun/turtlebot3_ws/install/turtlebot3_teleop:/home/jaegyun/turtlebot3_ws/install/turtlebot3_example:/opt/ros/humble /usr/bin/cmake --build /home/jaegyun/slam_ws/build/pid_control -- -j24 -l24
[0.049s] [35m[1mConsolidate compiler generated dependencies of target motor_node[0m
[0.050s] [35m[1mConsolidate compiler generated dependencies of target publisher[0m
[0.050s] [35m[1mConsolidate compiler generated dependencies of target teleop_node[0m
[0.050s] [35m[1mConsolidate compiler generated dependencies of target subscriber[0m
[0.050s] [35m[1mConsolidate compiler generated dependencies of target human_following[0m
[0.062s] [ 20%] Built target publisher
[0.063s] [ 60%] Built target motor_node
[0.063s] [ 60%] Built target teleop_node
[0.063s] [ 80%] Built target human_following
[0.063s] [100%] Built target subscriber
[0.082s] Invoked command in '/home/jaegyun/slam_ws/build/pid_control' returned '0': CMAKE_PREFIX_PATH=${CMAKE_PREFIX_PATH}:/home/jaegyun/turtlebot3_ws/install/turtlebot3_teleop:/home/jaegyun/turtlebot3_ws/install/turtlebot3_example:/opt/ros/humble /usr/bin/cmake --build /home/jaegyun/slam_ws/build/pid_control -- -j24 -l24
[0.116s] Invoking command in '/home/jaegyun/slam_ws/build/pid_control': CMAKE_PREFIX_PATH=${CMAKE_PREFIX_PATH}:/home/jaegyun/turtlebot3_ws/install/turtlebot3_teleop:/home/jaegyun/turtlebot3_ws/install/turtlebot3_example:/opt/ros/humble /usr/bin/cmake --install /home/jaegyun/slam_ws/build/pid_control
[0.120s] -- Install configuration: ""
[0.120s] -- Execute custom install script
[0.121s] -- Up-to-date symlink: /home/jaegyun/slam_ws/install/pid_control/lib/pid_control/motor_node
[0.121s] -- Up-to-date symlink: /home/jaegyun/slam_ws/install/pid_control/lib/pid_control/teleop_node
[0.121s] -- Up-to-date symlink: /home/jaegyun/slam_ws/install/pid_control/lib/pid_control/publisher
[0.121s] -- Up-to-date symlink: /home/jaegyun/slam_ws/install/pid_control/lib/pid_control/subscriber
[0.121s] -- Up-to-date symlink: /home/jaegyun/slam_ws/install/pid_control/lib/pid_control/human_following
[0.121s] -- Up-to-date symlink: /home/jaegyun/slam_ws/install/pid_control/share/pid_control//config/motor_parameters.txt
[0.121s] -- Up-to-date symlink: /home/jaegyun/slam_ws/install/pid_control/share/ament_index/resource_index/package_run_dependencies/pid_control
[0.121s] -- Up-to-date symlink: /home/jaegyun/slam_ws/install/pid_control/share/ament_index/resource_index/parent_prefix_path/pid_control
[0.122s] -- Up-to-date symlink: /home/jaegyun/slam_ws/install/pid_control/share/pid_control/environment/ament_prefix_path.sh
[0.122s] -- Up-to-date symlink: /home/jaegyun/slam_ws/install/pid_control/share/pid_control/environment/ament_prefix_path.dsv
[0.122s] -- Up-to-date symlink: /home/jaegyun/slam_ws/install/pid_control/share/pid_control/environment/path.sh
[0.122s] -- Up-to-date symlink: /home/jaegyun/slam_ws/install/pid_control/share/pid_control/environment/path.dsv
[0.122s] -- Up-to-date symlink: /home/jaegyun/slam_ws/install/pid_control/share/pid_control/local_setup.bash
[0.122s] -- Up-to-date symlink: /home/jaegyun/slam_ws/install/pid_control/share/pid_control/local_setup.sh
[0.122s] -- Up-to-date symlink: /home/jaegyun/slam_ws/install/pid_control/share/pid_control/local_setup.zsh
[0.122s] -- Up-to-date symlink: /home/jaegyun/slam_ws/install/pid_control/share/pid_control/local_setup.dsv
[0.122s] -- Symlinking: /home/jaegyun/slam_ws/install/pid_control/share/pid_control/package.dsv
[0.129s] -- Up-to-date symlink: /home/jaegyun/slam_ws/install/pid_control/share/ament_index/resource_index/packages/pid_control
[0.129s] -- Up-to-date symlink: /home/jaegyun/slam_ws/install/pid_control/share/pid_control/cmake/pid_controlConfig.cmake
[0.129s] -- Up-to-date symlink: /home/jaegyun/slam_ws/install/pid_control/share/pid_control/cmake/pid_controlConfig-version.cmake
[0.129s] -- Up-to-date symlink: /home/jaegyun/slam_ws/install/pid_control/share/pid_control/package.xml
[0.138s] Invoked command in '/home/jaegyun/slam_ws/build/pid_control' returned '0': CMAKE_PREFIX_PATH=${CMAKE_PREFIX_PATH}:/home/jaegyun/turtlebot3_ws/install/turtlebot3_teleop:/home/jaegyun/turtlebot3_ws/install/turtlebot3_example:/opt/ros/humble /usr/bin/cmake --install /home/jaegyun/slam_ws/build/pid_control
