[0.016s] Invoking command in '/home/jaegyun/slam_ws/build/pwm_control': CMAKE_PREFIX_PATH=${CMAKE_PREFIX_PATH}:/home/jaegyun/turtlebot3_ws/install/turtlebot3_teleop:/home/jaegyun/turtlebot3_ws/install/turtlebot3_example:/opt/ros/humble /usr/bin/cmake /home/jaegyun/slam_ws/src/pwm_control -DAMENT_CMAKE_SYMLINK_INSTALL=1 -DCMAKE_INSTALL_PREFIX=/home/jaegyun/slam_ws/install/pwm_control
[0.054s] -- The C compiler identification is GNU 11.4.0
[0.090s] -- The CXX compiler identification is GNU 11.4.0
[0.095s] -- Detecting C compiler ABI info
[0.145s] -- Detecting C compiler ABI info - done
[0.149s] -- Check for working C compiler: /usr/bin/cc - skipped
[0.149s] -- Detecting C compile features
[0.150s] -- Detecting C compile features - done
[0.152s] -- Detecting CXX compiler ABI info
[0.209s] -- Detecting CXX compiler ABI info - done
[0.214s] -- Check for working CXX compiler: /usr/bin/c++ - skipped
[0.214s] -- Detecting CXX compile features
[0.214s] -- Detecting CXX compile features - done
[0.217s] -- Found ament_cmake: 1.3.10 (/opt/ros/humble/share/ament_cmake/cmake)
[0.321s] -- Found Python3: /usr/bin/python3 (found version "3.10.12") found components: Interpreter 
[0.360s] -- Override CMake install command with custom implementation using symlinks instead of copying resources
[0.397s] -- Found rclcpp: 16.0.10 (/opt/ros/humble/share/rclcpp/cmake)
[0.438s] -- Found rosidl_generator_c: 3.1.5 (/opt/ros/humble/share/rosidl_generator_c/cmake)
[0.444s] -- Found rosidl_adapter: 3.1.5 (/opt/ros/humble/share/rosidl_adapter/cmake)
[0.452s] -- Found rosidl_generator_cpp: 3.1.5 (/opt/ros/humble/share/rosidl_generator_cpp/cmake)
[0.462s] -- Using all available rosidl_typesupport_c: rosidl_typesupport_fastrtps_c;rosidl_typesupport_introspection_c
[0.476s] -- Using all available rosidl_typesupport_cpp: rosidl_typesupport_fastrtps_cpp;rosidl_typesupport_introspection_cpp
[0.515s] -- Found rmw_implementation_cmake: 6.1.2 (/opt/ros/humble/share/rmw_implementation_cmake/cmake)
[0.518s] -- Found rmw_fastrtps_cpp: 6.2.7 (/opt/ros/humble/share/rmw_fastrtps_cpp/cmake)
[0.587s] -- Found OpenSSL: /usr/lib/x86_64-linux-gnu/libcrypto.so (found version "3.0.2")  
[0.604s] -- Found FastRTPS: /opt/ros/humble/include  
[0.633s] -- Using RMW implementation 'rmw_fastrtps_cpp' as default
[0.640s] -- Looking for pthread.h
[0.688s] -- Looking for pthread.h - found
[0.688s] -- Performing Test CMAKE_HAVE_LIBC_PTHREAD
[0.733s] -- Performing Test CMAKE_HAVE_LIBC_PTHREAD - Success
[0.734s] -- Found Threads: TRUE  
[0.766s] -- Found geometry_msgs: 4.2.4 (/opt/ros/humble/share/geometry_msgs/cmake)
[0.773s] -- Found nav_msgs: 4.2.4 (/opt/ros/humble/share/nav_msgs/cmake)
[0.784s] -- Found tf2: 0.25.8 (/opt/ros/humble/share/tf2/cmake)
[0.792s] -- Found tf2_ros: 0.25.8 (/opt/ros/humble/share/tf2_ros/cmake)
[0.848s] -- Found tf2_geometry_msgs: 0.25.8 (/opt/ros/humble/share/tf2_geometry_msgs/cmake)
[0.861s] -- Found eigen3_cmake_module: 0.1.1 (/opt/ros/humble/share/eigen3_cmake_module/cmake)
[0.862s] -- Found Eigen3: TRUE (found version "3.4.0") 
[0.862s] -- Ensuring Eigen3 include directory is part of orocos-kdl CMake target
[0.867s] -- Found ament_lint_auto: 0.12.11 (/opt/ros/humble/share/ament_lint_auto/cmake)
[0.921s] -- Added test 'copyright' to check source files copyright and LICENSE
[0.923s] -- Added test 'cppcheck' to perform static code analysis on C / C++ code
[0.923s] -- Configured cppcheck include dirs: /home/jaegyun/slam_ws/src/pwm_control/include
[0.923s] -- Configured cppcheck exclude dirs and/or files: 
[0.925s] -- Added test 'cpplint' to check C / C++ code against the Google style
[0.925s] -- Configured cpplint exclude dirs and/or files: 
[0.927s] -- Added test 'lint_cmake' to check CMake code style
[0.929s] -- Added test 'uncrustify' to check C / C++ code style
[0.929s] -- Configured uncrustify additional arguments: 
[0.930s] -- Added test 'xmllint' to check XML markup files
[0.931s] -- Configuring done
[0.938s] -- Generating done
[0.939s] -- Build files have been written to: /home/jaegyun/slam_ws/build/pwm_control
[0.946s] Invoked command in '/home/jaegyun/slam_ws/build/pwm_control' returned '0': CMAKE_PREFIX_PATH=${CMAKE_PREFIX_PATH}:/home/jaegyun/turtlebot3_ws/install/turtlebot3_teleop:/home/jaegyun/turtlebot3_ws/install/turtlebot3_example:/opt/ros/humble /usr/bin/cmake /home/jaegyun/slam_ws/src/pwm_control -DAMENT_CMAKE_SYMLINK_INSTALL=1 -DCMAKE_INSTALL_PREFIX=/home/jaegyun/slam_ws/install/pwm_control
[0.947s] Invoking command in '/home/jaegyun/slam_ws/build/pwm_control': CMAKE_PREFIX_PATH=${CMAKE_PREFIX_PATH}:/home/jaegyun/turtlebot3_ws/install/turtlebot3_teleop:/home/jaegyun/turtlebot3_ws/install/turtlebot3_example:/opt/ros/humble /usr/bin/cmake --build /home/jaegyun/slam_ws/build/pwm_control -- -j24 -l24
[0.980s] [ 25%] [32mBuilding CXX object CMakeFiles/teleop_node.dir/src/teleop_node.cpp.o[0m
[0.981s] [ 50%] [32mBuilding CXX object CMakeFiles/motor_node.dir/src/motor_node.cpp.o[0m
[3.358s] [ 75%] [32m[1mLinking CXX executable teleop_node[0m
[3.459s] [ 75%] Built target teleop_node
[7.804s] [100%] [32m[1mLinking CXX executable motor_node[0m
[8.091s] [100%] Built target motor_node
[8.099s] Invoked command in '/home/jaegyun/slam_ws/build/pwm_control' returned '0': CMAKE_PREFIX_PATH=${CMAKE_PREFIX_PATH}:/home/jaegyun/turtlebot3_ws/install/turtlebot3_teleop:/home/jaegyun/turtlebot3_ws/install/turtlebot3_example:/opt/ros/humble /usr/bin/cmake --build /home/jaegyun/slam_ws/build/pwm_control -- -j24 -l24
[8.119s] Invoking command in '/home/jaegyun/slam_ws/build/pwm_control': CMAKE_PREFIX_PATH=${CMAKE_PREFIX_PATH}:/home/jaegyun/turtlebot3_ws/install/turtlebot3_teleop:/home/jaegyun/turtlebot3_ws/install/turtlebot3_example:/opt/ros/humble /usr/bin/cmake --install /home/jaegyun/slam_ws/build/pwm_control
[8.123s] -- Install configuration: ""
[8.123s] -- Execute custom install script
[8.123s] -- Symlinking: /home/jaegyun/slam_ws/install/pwm_control/lib/pwm_control/motor_node
[8.129s] -- Symlinking: /home/jaegyun/slam_ws/install/pwm_control/lib/pwm_control/teleop_node
[8.135s] -- Symlinking: /home/jaegyun/slam_ws/install/pwm_control/share/pwm_control//config/motor_parameters.txt
[8.140s] -- Symlinking: /home/jaegyun/slam_ws/install/pwm_control/share/ament_index/resource_index/package_run_dependencies/pwm_control
[8.146s] -- Symlinking: /home/jaegyun/slam_ws/install/pwm_control/share/ament_index/resource_index/parent_prefix_path/pwm_control
[8.151s] -- Symlinking: /home/jaegyun/slam_ws/install/pwm_control/share/pwm_control/environment/ament_prefix_path.sh
[8.156s] -- Symlinking: /home/jaegyun/slam_ws/install/pwm_control/share/pwm_control/environment/ament_prefix_path.dsv
[8.162s] -- Symlinking: /home/jaegyun/slam_ws/install/pwm_control/share/pwm_control/environment/path.sh
[8.167s] -- Symlinking: /home/jaegyun/slam_ws/install/pwm_control/share/pwm_control/environment/path.dsv
[8.172s] -- Symlinking: /home/jaegyun/slam_ws/install/pwm_control/share/pwm_control/local_setup.bash
[8.177s] -- Symlinking: /home/jaegyun/slam_ws/install/pwm_control/share/pwm_control/local_setup.sh
[8.182s] -- Symlinking: /home/jaegyun/slam_ws/install/pwm_control/share/pwm_control/local_setup.zsh
[8.188s] -- Symlinking: /home/jaegyun/slam_ws/install/pwm_control/share/pwm_control/local_setup.dsv
[8.193s] -- Symlinking: /home/jaegyun/slam_ws/install/pwm_control/share/pwm_control/package.dsv
[8.199s] -- Symlinking: /home/jaegyun/slam_ws/install/pwm_control/share/ament_index/resource_index/packages/pwm_control
[8.205s] -- Symlinking: /home/jaegyun/slam_ws/install/pwm_control/share/pwm_control/cmake/pwm_controlConfig.cmake
[8.210s] -- Symlinking: /home/jaegyun/slam_ws/install/pwm_control/share/pwm_control/cmake/pwm_controlConfig-version.cmake
[8.216s] -- Symlinking: /home/jaegyun/slam_ws/install/pwm_control/share/pwm_control/package.xml
[8.223s] Invoked command in '/home/jaegyun/slam_ws/build/pwm_control' returned '0': CMAKE_PREFIX_PATH=${CMAKE_PREFIX_PATH}:/home/jaegyun/turtlebot3_ws/install/turtlebot3_teleop:/home/jaegyun/turtlebot3_ws/install/turtlebot3_example:/opt/ros/humble /usr/bin/cmake --install /home/jaegyun/slam_ws/build/pwm_control
