[0.060s] DEBUG:colcon:Command line arguments: ['/usr/bin/colcon', 'build', '--symlink-install']
[0.060s] DEBUG:colcon:Parsed command line arguments: Namespace(log_base=None, log_level=None, verb_name='build', build_base='build', install_base='install', merge_install=False, symlink_install=True, test_result_base=None, continue_on_error=False, executor='parallel', parallel_workers=24, event_handlers=None, ignore_user_meta=False, metas=['./colcon.meta'], base_paths=['.'], packages_ignore=None, packages_ignore_regex=None, paths=None, packages_up_to=None, packages_up_to_regex=None, packages_above=None, packages_above_and_dependencies=None, packages_above_depth=None, packages_select_by_dep=None, packages_skip_by_dep=None, packages_skip_up_to=None, packages_select_build_failed=False, packages_skip_build_finished=False, packages_select_test_failures=False, packages_skip_test_passed=False, packages_select=None, packages_skip=None, packages_select_regex=None, packages_skip_regex=None, packages_start=None, packages_end=None, allow_overriding=[], cmake_args=None, cmake_target=None, cmake_target_skip_unavailable=False, cmake_clean_cache=False, cmake_clean_first=False, cmake_force_configure=False, ament_cmake_args=None, catkin_cmake_args=None, catkin_skip_building_tests=False, mixin_files=None, mixin=None, verb_parser=<colcon_mixin.mixin.mixin_argument.MixinArgumentDecorator object at 0x79fc5cb2f5e0>, verb_extension=<colcon_core.verb.build.BuildVerb object at 0x79fc5ccdcb80>, main=<bound method BuildVerb.main of <colcon_core.verb.build.BuildVerb object at 0x79fc5ccdcb80>>, mixin_verb=('build',))
[0.157s] Level 1:colcon.colcon_core.package_discovery:discover_packages(colcon_meta) check parameters
[0.158s] Level 1:colcon.colcon_core.package_discovery:discover_packages(recursive) check parameters
[0.158s] Level 1:colcon.colcon_core.package_discovery:discover_packages(ignore) check parameters
[0.158s] Level 1:colcon.colcon_core.package_discovery:discover_packages(path) check parameters
[0.158s] Level 1:colcon.colcon_core.package_discovery:discover_packages(colcon_meta) discover
[0.158s] Level 1:colcon.colcon_core.package_discovery:discover_packages(recursive) discover
[0.158s] INFO:colcon.colcon_core.package_discovery:Crawling recursively for packages in '/home/jaegyun/slam_ws'
[0.158s] Level 1:colcon.colcon_core.package_identification:_identify(.) by extensions ['ignore', 'ignore_ament_install']
[0.158s] Level 1:colcon.colcon_core.package_identification:_identify(.) by extension 'ignore'
[0.158s] Level 1:colcon.colcon_core.package_identification:_identify(.) by extension 'ignore_ament_install'
[0.158s] Level 1:colcon.colcon_core.package_identification:_identify(.) by extensions ['colcon_pkg']
[0.158s] Level 1:colcon.colcon_core.package_identification:_identify(.) by extension 'colcon_pkg'
[0.158s] Level 1:colcon.colcon_core.package_identification:_identify(.) by extensions ['colcon_meta']
[0.158s] Level 1:colcon.colcon_core.package_identification:_identify(.) by extension 'colcon_meta'
[0.158s] Level 1:colcon.colcon_core.package_identification:_identify(.) by extensions ['ros']
[0.158s] Level 1:colcon.colcon_core.package_identification:_identify(.) by extension 'ros'
[0.169s] Level 1:colcon.colcon_core.package_identification:_identify(.) by extensions ['cmake', 'python']
[0.169s] Level 1:colcon.colcon_core.package_identification:_identify(.) by extension 'cmake'
[0.169s] Level 1:colcon.colcon_core.package_identification:_identify(.) by extension 'python'
[0.169s] Level 1:colcon.colcon_core.package_identification:_identify(.) by extensions ['python_setup_py']
[0.169s] Level 1:colcon.colcon_core.package_identification:_identify(.) by extension 'python_setup_py'
[0.169s] Level 1:colcon.colcon_core.package_identification:_identify(build) by extensions ['ignore', 'ignore_ament_install']
[0.169s] Level 1:colcon.colcon_core.package_identification:_identify(build) by extension 'ignore'
[0.169s] Level 1:colcon.colcon_core.package_identification:_identify(build) ignored
[0.169s] Level 1:colcon.colcon_core.package_identification:_identify(install) by extensions ['ignore', 'ignore_ament_install']
[0.169s] Level 1:colcon.colcon_core.package_identification:_identify(install) by extension 'ignore'
[0.169s] Level 1:colcon.colcon_core.package_identification:_identify(install) ignored
[0.169s] Level 1:colcon.colcon_core.package_identification:_identify(log) by extensions ['ignore', 'ignore_ament_install']
[0.169s] Level 1:colcon.colcon_core.package_identification:_identify(log) by extension 'ignore'
[0.169s] Level 1:colcon.colcon_core.package_identification:_identify(log) ignored
[0.169s] Level 1:colcon.colcon_core.package_identification:_identify(src) by extensions ['ignore', 'ignore_ament_install']
[0.169s] Level 1:colcon.colcon_core.package_identification:_identify(src) by extension 'ignore'
[0.169s] Level 1:colcon.colcon_core.package_identification:_identify(src) by extension 'ignore_ament_install'
[0.169s] Level 1:colcon.colcon_core.package_identification:_identify(src) by extensions ['colcon_pkg']
[0.169s] Level 1:colcon.colcon_core.package_identification:_identify(src) by extension 'colcon_pkg'
[0.169s] Level 1:colcon.colcon_core.package_identification:_identify(src) by extensions ['colcon_meta']
[0.169s] Level 1:colcon.colcon_core.package_identification:_identify(src) by extension 'colcon_meta'
[0.169s] Level 1:colcon.colcon_core.package_identification:_identify(src) by extensions ['ros']
[0.169s] Level 1:colcon.colcon_core.package_identification:_identify(src) by extension 'ros'
[0.169s] Level 1:colcon.colcon_core.package_identification:_identify(src) by extensions ['cmake', 'python']
[0.169s] Level 1:colcon.colcon_core.package_identification:_identify(src) by extension 'cmake'
[0.169s] Level 1:colcon.colcon_core.package_identification:_identify(src) by extension 'python'
[0.169s] Level 1:colcon.colcon_core.package_identification:_identify(src) by extensions ['python_setup_py']
[0.170s] Level 1:colcon.colcon_core.package_identification:_identify(src) by extension 'python_setup_py'
[0.170s] Level 1:colcon.colcon_core.package_identification:_identify(src/navi) by extensions ['ignore', 'ignore_ament_install']
[0.170s] Level 1:colcon.colcon_core.package_identification:_identify(src/navi) by extension 'ignore'
[0.170s] Level 1:colcon.colcon_core.package_identification:_identify(src/navi) by extension 'ignore_ament_install'
[0.170s] Level 1:colcon.colcon_core.package_identification:_identify(src/navi) by extensions ['colcon_pkg']
[0.170s] Level 1:colcon.colcon_core.package_identification:_identify(src/navi) by extension 'colcon_pkg'
[0.170s] Level 1:colcon.colcon_core.package_identification:_identify(src/navi) by extensions ['colcon_meta']
[0.170s] Level 1:colcon.colcon_core.package_identification:_identify(src/navi) by extension 'colcon_meta'
[0.170s] Level 1:colcon.colcon_core.package_identification:_identify(src/navi) by extensions ['ros']
[0.170s] Level 1:colcon.colcon_core.package_identification:_identify(src/navi) by extension 'ros'
[0.171s] DEBUG:colcon.colcon_core.package_identification:Package 'src/navi' with type 'ros.ament_cmake' and name 'navi'
[0.171s] Level 1:colcon.colcon_core.package_identification:_identify(src/pid_control) by extensions ['ignore', 'ignore_ament_install']
[0.171s] Level 1:colcon.colcon_core.package_identification:_identify(src/pid_control) by extension 'ignore'
[0.171s] Level 1:colcon.colcon_core.package_identification:_identify(src/pid_control) by extension 'ignore_ament_install'
[0.171s] Level 1:colcon.colcon_core.package_identification:_identify(src/pid_control) by extensions ['colcon_pkg']
[0.171s] Level 1:colcon.colcon_core.package_identification:_identify(src/pid_control) by extension 'colcon_pkg'
[0.171s] Level 1:colcon.colcon_core.package_identification:_identify(src/pid_control) by extensions ['colcon_meta']
[0.171s] Level 1:colcon.colcon_core.package_identification:_identify(src/pid_control) by extension 'colcon_meta'
[0.171s] Level 1:colcon.colcon_core.package_identification:_identify(src/pid_control) by extensions ['ros']
[0.171s] Level 1:colcon.colcon_core.package_identification:_identify(src/pid_control) by extension 'ros'
[0.172s] DEBUG:colcon.colcon_core.package_identification:Package 'src/pid_control' with type 'ros.ament_cmake' and name 'pid_control'
[0.172s] Level 1:colcon.colcon_core.package_identification:_identify(src/pwm_control) by extensions ['ignore', 'ignore_ament_install']
[0.172s] Level 1:colcon.colcon_core.package_identification:_identify(src/pwm_control) by extension 'ignore'
[0.172s] Level 1:colcon.colcon_core.package_identification:_identify(src/pwm_control) by extension 'ignore_ament_install'
[0.172s] Level 1:colcon.colcon_core.package_identification:_identify(src/pwm_control) by extensions ['colcon_pkg']
[0.172s] Level 1:colcon.colcon_core.package_identification:_identify(src/pwm_control) by extension 'colcon_pkg'
[0.172s] Level 1:colcon.colcon_core.package_identification:_identify(src/pwm_control) by extensions ['colcon_meta']
[0.172s] Level 1:colcon.colcon_core.package_identification:_identify(src/pwm_control) by extension 'colcon_meta'
[0.172s] Level 1:colcon.colcon_core.package_identification:_identify(src/pwm_control) by extensions ['ros']
[0.172s] Level 1:colcon.colcon_core.package_identification:_identify(src/pwm_control) by extension 'ros'
[0.173s] DEBUG:colcon.colcon_core.package_identification:Package 'src/pwm_control' with type 'ros.ament_cmake' and name 'pwm_control'
[0.173s] Level 1:colcon.colcon_core.package_identification:_identify(src/simya_description) by extensions ['ignore', 'ignore_ament_install']
[0.173s] Level 1:colcon.colcon_core.package_identification:_identify(src/simya_description) by extension 'ignore'
[0.173s] Level 1:colcon.colcon_core.package_identification:_identify(src/simya_description) by extension 'ignore_ament_install'
[0.173s] Level 1:colcon.colcon_core.package_identification:_identify(src/simya_description) by extensions ['colcon_pkg']
[0.173s] Level 1:colcon.colcon_core.package_identification:_identify(src/simya_description) by extension 'colcon_pkg'
[0.173s] Level 1:colcon.colcon_core.package_identification:_identify(src/simya_description) by extensions ['colcon_meta']
[0.173s] Level 1:colcon.colcon_core.package_identification:_identify(src/simya_description) by extension 'colcon_meta'
[0.173s] Level 1:colcon.colcon_core.package_identification:_identify(src/simya_description) by extensions ['ros']
[0.173s] Level 1:colcon.colcon_core.package_identification:_identify(src/simya_description) by extension 'ros'
[0.173s] DEBUG:colcon.colcon_core.package_identification:Package 'src/simya_description' with type 'ros.ament_cmake' and name 'simya_description'
[0.173s] Level 1:colcon.colcon_core.package_identification:_identify(src/ydlidar_ros2_driver) by extensions ['ignore', 'ignore_ament_install']
[0.173s] Level 1:colcon.colcon_core.package_identification:_identify(src/ydlidar_ros2_driver) by extension 'ignore'
[0.173s] Level 1:colcon.colcon_core.package_identification:_identify(src/ydlidar_ros2_driver) by extension 'ignore_ament_install'
[0.173s] Level 1:colcon.colcon_core.package_identification:_identify(src/ydlidar_ros2_driver) by extensions ['colcon_pkg']
[0.173s] Level 1:colcon.colcon_core.package_identification:_identify(src/ydlidar_ros2_driver) by extension 'colcon_pkg'
[0.173s] Level 1:colcon.colcon_core.package_identification:_identify(src/ydlidar_ros2_driver) by extensions ['colcon_meta']
[0.173s] Level 1:colcon.colcon_core.package_identification:_identify(src/ydlidar_ros2_driver) by extension 'colcon_meta'
[0.173s] Level 1:colcon.colcon_core.package_identification:_identify(src/ydlidar_ros2_driver) by extensions ['ros']
[0.173s] Level 1:colcon.colcon_core.package_identification:_identify(src/ydlidar_ros2_driver) by extension 'ros'
[0.174s] DEBUG:colcon.colcon_core.package_identification:Package 'src/ydlidar_ros2_driver' with type 'ros.ament_cmake' and name 'ydlidar_ros2_driver'
[0.174s] Level 1:colcon.colcon_core.package_discovery:discover_packages(recursive) using defaults
[0.174s] Level 1:colcon.colcon_core.package_discovery:discover_packages(ignore) discover
[0.174s] Level 1:colcon.colcon_core.package_discovery:discover_packages(ignore) using defaults
[0.174s] Level 1:colcon.colcon_core.package_discovery:discover_packages(path) discover
[0.174s] Level 1:colcon.colcon_core.package_discovery:discover_packages(path) using defaults
[0.185s] Level 1:colcon.colcon_core.package_discovery:discover_packages(prefix_path) check parameters
[0.185s] Level 1:colcon.colcon_core.package_discovery:discover_packages(prefix_path) discover
[0.185s] WARNING:colcon.colcon_ros.prefix_path.ament:The path '/home/jaegyun/slam_ws/install/ydlidar_ros2_driver' in the environment variable AMENT_PREFIX_PATH doesn't exist
[0.185s] WARNING:colcon.colcon_ros.prefix_path.ament:The path '/home/jaegyun/slam_ws/install/simya_description' in the environment variable AMENT_PREFIX_PATH doesn't exist
[0.185s] WARNING:colcon.colcon_ros.prefix_path.ament:The path '/home/jaegyun/slam_ws/install/navi' in the environment variable AMENT_PREFIX_PATH doesn't exist
[0.186s] WARNING:colcon.colcon_ros.prefix_path.catkin:The path '/home/jaegyun/slam_ws/install/ydlidar_ros2_driver' in the environment variable CMAKE_PREFIX_PATH doesn't exist
[0.186s] WARNING:colcon.colcon_ros.prefix_path.catkin:The path '/home/jaegyun/slam_ws/install/simya_description' in the environment variable CMAKE_PREFIX_PATH doesn't exist
[0.186s] WARNING:colcon.colcon_ros.prefix_path.catkin:The path '/home/jaegyun/slam_ws/install/navi' in the environment variable CMAKE_PREFIX_PATH doesn't exist
[0.186s] DEBUG:colcon.colcon_installed_package_information.package_discovery:Found 0 installed packages in /home/jaegyun/slam_ws/install
[0.187s] DEBUG:colcon.colcon_installed_package_information.package_discovery:Found 15 installed packages in /home/jaegyun/turtlebot3_ws/install
[0.187s] DEBUG:colcon.colcon_installed_package_information.package_discovery:Found 1 installed packages in /home/jaegyun/Auto_ws/install
[0.188s] DEBUG:colcon.colcon_installed_package_information.package_discovery:Found 397 installed packages in /opt/ros/humble
[0.190s] Level 1:colcon.colcon_core.package_discovery:discover_packages(prefix_path) using defaults
[0.217s] Level 5:colcon.colcon_core.verb:set package 'navi' build argument 'cmake_args' from command line to 'None'
[0.217s] Level 5:colcon.colcon_core.verb:set package 'navi' build argument 'cmake_target' from command line to 'None'
[0.217s] Level 5:colcon.colcon_core.verb:set package 'navi' build argument 'cmake_target_skip_unavailable' from command line to 'False'
[0.217s] Level 5:colcon.colcon_core.verb:set package 'navi' build argument 'cmake_clean_cache' from command line to 'False'
[0.217s] Level 5:colcon.colcon_core.verb:set package 'navi' build argument 'cmake_clean_first' from command line to 'False'
[0.217s] Level 5:colcon.colcon_core.verb:set package 'navi' build argument 'cmake_force_configure' from command line to 'False'
[0.217s] Level 5:colcon.colcon_core.verb:set package 'navi' build argument 'ament_cmake_args' from command line to 'None'
[0.217s] Level 5:colcon.colcon_core.verb:set package 'navi' build argument 'catkin_cmake_args' from command line to 'None'
[0.217s] Level 5:colcon.colcon_core.verb:set package 'navi' build argument 'catkin_skip_building_tests' from command line to 'False'
[0.217s] DEBUG:colcon.colcon_core.verb:Building package 'navi' with the following arguments: {'ament_cmake_args': None, 'build_base': '/home/jaegyun/slam_ws/build/navi', 'catkin_cmake_args': None, 'catkin_skip_building_tests': False, 'cmake_args': None, 'cmake_clean_cache': False, 'cmake_clean_first': False, 'cmake_force_configure': False, 'cmake_target': None, 'cmake_target_skip_unavailable': False, 'install_base': '/home/jaegyun/slam_ws/install/navi', 'merge_install': False, 'path': '/home/jaegyun/slam_ws/src/navi', 'symlink_install': True, 'test_result_base': None}
[0.217s] Level 5:colcon.colcon_core.verb:set package 'pid_control' build argument 'cmake_args' from command line to 'None'
[0.217s] Level 5:colcon.colcon_core.verb:set package 'pid_control' build argument 'cmake_target' from command line to 'None'
[0.217s] Level 5:colcon.colcon_core.verb:set package 'pid_control' build argument 'cmake_target_skip_unavailable' from command line to 'False'
[0.217s] Level 5:colcon.colcon_core.verb:set package 'pid_control' build argument 'cmake_clean_cache' from command line to 'False'
[0.217s] Level 5:colcon.colcon_core.verb:set package 'pid_control' build argument 'cmake_clean_first' from command line to 'False'
[0.217s] Level 5:colcon.colcon_core.verb:set package 'pid_control' build argument 'cmake_force_configure' from command line to 'False'
[0.217s] Level 5:colcon.colcon_core.verb:set package 'pid_control' build argument 'ament_cmake_args' from command line to 'None'
[0.217s] Level 5:colcon.colcon_core.verb:set package 'pid_control' build argument 'catkin_cmake_args' from command line to 'None'
[0.217s] Level 5:colcon.colcon_core.verb:set package 'pid_control' build argument 'catkin_skip_building_tests' from command line to 'False'
[0.217s] DEBUG:colcon.colcon_core.verb:Building package 'pid_control' with the following arguments: {'ament_cmake_args': None, 'build_base': '/home/jaegyun/slam_ws/build/pid_control', 'catkin_cmake_args': None, 'catkin_skip_building_tests': False, 'cmake_args': None, 'cmake_clean_cache': False, 'cmake_clean_first': False, 'cmake_force_configure': False, 'cmake_target': None, 'cmake_target_skip_unavailable': False, 'install_base': '/home/jaegyun/slam_ws/install/pid_control', 'merge_install': False, 'path': '/home/jaegyun/slam_ws/src/pid_control', 'symlink_install': True, 'test_result_base': None}
[0.218s] Level 5:colcon.colcon_core.verb:set package 'pwm_control' build argument 'cmake_args' from command line to 'None'
[0.218s] Level 5:colcon.colcon_core.verb:set package 'pwm_control' build argument 'cmake_target' from command line to 'None'
[0.218s] Level 5:colcon.colcon_core.verb:set package 'pwm_control' build argument 'cmake_target_skip_unavailable' from command line to 'False'
[0.218s] Level 5:colcon.colcon_core.verb:set package 'pwm_control' build argument 'cmake_clean_cache' from command line to 'False'
[0.218s] Level 5:colcon.colcon_core.verb:set package 'pwm_control' build argument 'cmake_clean_first' from command line to 'False'
[0.218s] Level 5:colcon.colcon_core.verb:set package 'pwm_control' build argument 'cmake_force_configure' from command line to 'False'
[0.218s] Level 5:colcon.colcon_core.verb:set package 'pwm_control' build argument 'ament_cmake_args' from command line to 'None'
[0.218s] Level 5:colcon.colcon_core.verb:set package 'pwm_control' build argument 'catkin_cmake_args' from command line to 'None'
[0.218s] Level 5:colcon.colcon_core.verb:set package 'pwm_control' build argument 'catkin_skip_building_tests' from command line to 'False'
[0.218s] DEBUG:colcon.colcon_core.verb:Building package 'pwm_control' with the following arguments: {'ament_cmake_args': None, 'build_base': '/home/jaegyun/slam_ws/build/pwm_control', 'catkin_cmake_args': None, 'catkin_skip_building_tests': False, 'cmake_args': None, 'cmake_clean_cache': False, 'cmake_clean_first': False, 'cmake_force_configure': False, 'cmake_target': None, 'cmake_target_skip_unavailable': False, 'install_base': '/home/jaegyun/slam_ws/install/pwm_control', 'merge_install': False, 'path': '/home/jaegyun/slam_ws/src/pwm_control', 'symlink_install': True, 'test_result_base': None}
[0.218s] Level 5:colcon.colcon_core.verb:set package 'simya_description' build argument 'cmake_args' from command line to 'None'
[0.218s] Level 5:colcon.colcon_core.verb:set package 'simya_description' build argument 'cmake_target' from command line to 'None'
[0.218s] Level 5:colcon.colcon_core.verb:set package 'simya_description' build argument 'cmake_target_skip_unavailable' from command line to 'False'
[0.218s] Level 5:colcon.colcon_core.verb:set package 'simya_description' build argument 'cmake_clean_cache' from command line to 'False'
[0.218s] Level 5:colcon.colcon_core.verb:set package 'simya_description' build argument 'cmake_clean_first' from command line to 'False'
[0.218s] Level 5:colcon.colcon_core.verb:set package 'simya_description' build argument 'cmake_force_configure' from command line to 'False'
[0.218s] Level 5:colcon.colcon_core.verb:set package 'simya_description' build argument 'ament_cmake_args' from command line to 'None'
[0.218s] Level 5:colcon.colcon_core.verb:set package 'simya_description' build argument 'catkin_cmake_args' from command line to 'None'
[0.218s] Level 5:colcon.colcon_core.verb:set package 'simya_description' build argument 'catkin_skip_building_tests' from command line to 'False'
[0.218s] DEBUG:colcon.colcon_core.verb:Building package 'simya_description' with the following arguments: {'ament_cmake_args': None, 'build_base': '/home/jaegyun/slam_ws/build/simya_description', 'catkin_cmake_args': None, 'catkin_skip_building_tests': False, 'cmake_args': None, 'cmake_clean_cache': False, 'cmake_clean_first': False, 'cmake_force_configure': False, 'cmake_target': None, 'cmake_target_skip_unavailable': False, 'install_base': '/home/jaegyun/slam_ws/install/simya_description', 'merge_install': False, 'path': '/home/jaegyun/slam_ws/src/simya_description', 'symlink_install': True, 'test_result_base': None}
[0.218s] Level 5:colcon.colcon_core.verb:set package 'ydlidar_ros2_driver' build argument 'cmake_args' from command line to 'None'
[0.218s] Level 5:colcon.colcon_core.verb:set package 'ydlidar_ros2_driver' build argument 'cmake_target' from command line to 'None'
[0.218s] Level 5:colcon.colcon_core.verb:set package 'ydlidar_ros2_driver' build argument 'cmake_target_skip_unavailable' from command line to 'False'
[0.218s] Level 5:colcon.colcon_core.verb:set package 'ydlidar_ros2_driver' build argument 'cmake_clean_cache' from command line to 'False'
[0.218s] Level 5:colcon.colcon_core.verb:set package 'ydlidar_ros2_driver' build argument 'cmake_clean_first' from command line to 'False'
[0.218s] Level 5:colcon.colcon_core.verb:set package 'ydlidar_ros2_driver' build argument 'cmake_force_configure' from command line to 'False'
[0.218s] Level 5:colcon.colcon_core.verb:set package 'ydlidar_ros2_driver' build argument 'ament_cmake_args' from command line to 'None'
[0.218s] Level 5:colcon.colcon_core.verb:set package 'ydlidar_ros2_driver' build argument 'catkin_cmake_args' from command line to 'None'
[0.218s] Level 5:colcon.colcon_core.verb:set package 'ydlidar_ros2_driver' build argument 'catkin_skip_building_tests' from command line to 'False'
[0.218s] DEBUG:colcon.colcon_core.verb:Building package 'ydlidar_ros2_driver' with the following arguments: {'ament_cmake_args': None, 'build_base': '/home/jaegyun/slam_ws/build/ydlidar_ros2_driver', 'catkin_cmake_args': None, 'catkin_skip_building_tests': False, 'cmake_args': None, 'cmake_clean_cache': False, 'cmake_clean_first': False, 'cmake_force_configure': False, 'cmake_target': None, 'cmake_target_skip_unavailable': False, 'install_base': '/home/jaegyun/slam_ws/install/ydlidar_ros2_driver', 'merge_install': False, 'path': '/home/jaegyun/slam_ws/src/ydlidar_ros2_driver', 'symlink_install': True, 'test_result_base': None}
[0.218s] INFO:colcon.colcon_core.executor:Executing jobs using 'parallel' executor
[0.219s] DEBUG:colcon.colcon_parallel_executor.executor.parallel:run_until_complete
[0.219s] INFO:colcon.colcon_ros.task.ament_cmake.build:Building ROS package in '/home/jaegyun/slam_ws/src/navi' with build type 'ament_cmake'
[0.219s] INFO:colcon.colcon_cmake.task.cmake.build:Building CMake package in '/home/jaegyun/slam_ws/src/navi'
[0.220s] INFO:colcon.colcon_core.plugin_system:Skipping extension 'colcon_core.shell.bat': Not used on non-Windows systems
[0.220s] INFO:colcon.colcon_core.shell:Skip shell extension 'powershell' for command environment: Not usable outside of PowerShell
[0.220s] DEBUG:colcon.colcon_core.shell:Skip shell extension 'dsv' for command environment
[0.224s] INFO:colcon.colcon_ros.task.ament_cmake.build:Building ROS package in '/home/jaegyun/slam_ws/src/pid_control' with build type 'ament_cmake'
[0.224s] INFO:colcon.colcon_cmake.task.cmake.build:Building CMake package in '/home/jaegyun/slam_ws/src/pid_control'
[0.224s] INFO:colcon.colcon_core.shell:Skip shell extension 'powershell' for command environment: Not usable outside of PowerShell
[0.224s] DEBUG:colcon.colcon_core.shell:Skip shell extension 'dsv' for command environment
[0.227s] INFO:colcon.colcon_ros.task.ament_cmake.build:Building ROS package in '/home/jaegyun/slam_ws/src/pwm_control' with build type 'ament_cmake'
[0.227s] INFO:colcon.colcon_cmake.task.cmake.build:Building CMake package in '/home/jaegyun/slam_ws/src/pwm_control'
[0.227s] INFO:colcon.colcon_core.shell:Skip shell extension 'powershell' for command environment: Not usable outside of PowerShell
[0.227s] DEBUG:colcon.colcon_core.shell:Skip shell extension 'dsv' for command environment
[0.230s] INFO:colcon.colcon_ros.task.ament_cmake.build:Building ROS package in '/home/jaegyun/slam_ws/src/simya_description' with build type 'ament_cmake'
[0.230s] INFO:colcon.colcon_cmake.task.cmake.build:Building CMake package in '/home/jaegyun/slam_ws/src/simya_description'
[0.230s] INFO:colcon.colcon_core.shell:Skip shell extension 'powershell' for command environment: Not usable outside of PowerShell
[0.230s] DEBUG:colcon.colcon_core.shell:Skip shell extension 'dsv' for command environment
[0.233s] INFO:colcon.colcon_ros.task.ament_cmake.build:Building ROS package in '/home/jaegyun/slam_ws/src/ydlidar_ros2_driver' with build type 'ament_cmake'
[0.233s] INFO:colcon.colcon_cmake.task.cmake.build:Building CMake package in '/home/jaegyun/slam_ws/src/ydlidar_ros2_driver'
[0.233s] INFO:colcon.colcon_core.shell:Skip shell extension 'powershell' for command environment: Not usable outside of PowerShell
[0.233s] DEBUG:colcon.colcon_core.shell:Skip shell extension 'dsv' for command environment
[0.239s] DEBUG:colcon.colcon_core.event_handler.log_command:Invoking command in '/home/jaegyun/slam_ws/build/navi': CMAKE_PREFIX_PATH=${CMAKE_PREFIX_PATH}:/home/jaegyun/turtlebot3_ws/install/turtlebot3_teleop:/home/jaegyun/turtlebot3_ws/install/turtlebot3_example:/opt/ros/humble /usr/bin/cmake /home/jaegyun/slam_ws/src/navi -DAMENT_CMAKE_SYMLINK_INSTALL=1 -DCMAKE_INSTALL_PREFIX=/home/jaegyun/slam_ws/install/navi
[0.240s] DEBUG:colcon.colcon_core.event_handler.log_command:Invoking command in '/home/jaegyun/slam_ws/build/pid_control': CMAKE_PREFIX_PATH=${CMAKE_PREFIX_PATH}:/home/jaegyun/turtlebot3_ws/install/turtlebot3_teleop:/home/jaegyun/turtlebot3_ws/install/turtlebot3_example:/opt/ros/humble /usr/bin/cmake /home/jaegyun/slam_ws/src/pid_control -DAMENT_CMAKE_SYMLINK_INSTALL=1 -DCMAKE_INSTALL_PREFIX=/home/jaegyun/slam_ws/install/pid_control
[0.243s] DEBUG:colcon.colcon_core.event_handler.log_command:Invoking command in '/home/jaegyun/slam_ws/build/pwm_control': CMAKE_PREFIX_PATH=${CMAKE_PREFIX_PATH}:/home/jaegyun/turtlebot3_ws/install/turtlebot3_teleop:/home/jaegyun/turtlebot3_ws/install/turtlebot3_example:/opt/ros/humble /usr/bin/cmake /home/jaegyun/slam_ws/src/pwm_control -DAMENT_CMAKE_SYMLINK_INSTALL=1 -DCMAKE_INSTALL_PREFIX=/home/jaegyun/slam_ws/install/pwm_control
[0.244s] DEBUG:colcon.colcon_core.event_handler.log_command:Invoking command in '/home/jaegyun/slam_ws/build/simya_description': CMAKE_PREFIX_PATH=${CMAKE_PREFIX_PATH}:/home/jaegyun/turtlebot3_ws/install/turtlebot3_teleop:/home/jaegyun/turtlebot3_ws/install/turtlebot3_example:/opt/ros/humble /usr/bin/cmake /home/jaegyun/slam_ws/src/simya_description -DAMENT_CMAKE_SYMLINK_INSTALL=1 -DCMAKE_INSTALL_PREFIX=/home/jaegyun/slam_ws/install/simya_description
[0.247s] DEBUG:colcon.colcon_core.event_handler.log_command:Invoking command in '/home/jaegyun/slam_ws/build/ydlidar_ros2_driver': CMAKE_PREFIX_PATH=${CMAKE_PREFIX_PATH}:/home/jaegyun/turtlebot3_ws/install/turtlebot3_teleop:/home/jaegyun/turtlebot3_ws/install/turtlebot3_example:/opt/ros/humble /usr/bin/cmake /home/jaegyun/slam_ws/src/ydlidar_ros2_driver -DAMENT_CMAKE_SYMLINK_INSTALL=1 -DCMAKE_INSTALL_PREFIX=/home/jaegyun/slam_ws/install/ydlidar_ros2_driver
[1.057s] DEBUG:colcon.colcon_core.event_handler.log_command:Invoked command in '/home/jaegyun/slam_ws/build/simya_description' returned '0': CMAKE_PREFIX_PATH=${CMAKE_PREFIX_PATH}:/home/jaegyun/turtlebot3_ws/install/turtlebot3_teleop:/home/jaegyun/turtlebot3_ws/install/turtlebot3_example:/opt/ros/humble /usr/bin/cmake /home/jaegyun/slam_ws/src/simya_description -DAMENT_CMAKE_SYMLINK_INSTALL=1 -DCMAKE_INSTALL_PREFIX=/home/jaegyun/slam_ws/install/simya_description
[1.058s] DEBUG:colcon.colcon_core.event_handler.log_command:Invoking command in '/home/jaegyun/slam_ws/build/simya_description': CMAKE_PREFIX_PATH=${CMAKE_PREFIX_PATH}:/home/jaegyun/turtlebot3_ws/install/turtlebot3_teleop:/home/jaegyun/turtlebot3_ws/install/turtlebot3_example:/opt/ros/humble /usr/bin/cmake --build /home/jaegyun/slam_ws/build/simya_description -- -j24 -l24
[1.084s] DEBUG:colcon.colcon_core.event_handler.log_command:Invoked command in '/home/jaegyun/slam_ws/build/simya_description' returned '0': CMAKE_PREFIX_PATH=${CMAKE_PREFIX_PATH}:/home/jaegyun/turtlebot3_ws/install/turtlebot3_teleop:/home/jaegyun/turtlebot3_ws/install/turtlebot3_example:/opt/ros/humble /usr/bin/cmake --build /home/jaegyun/slam_ws/build/simya_description -- -j24 -l24
[1.106s] DEBUG:colcon.colcon_core.event_handler.log_command:Invoking command in '/home/jaegyun/slam_ws/build/simya_description': CMAKE_PREFIX_PATH=${CMAKE_PREFIX_PATH}:/home/jaegyun/turtlebot3_ws/install/turtlebot3_teleop:/home/jaegyun/turtlebot3_ws/install/turtlebot3_example:/opt/ros/humble /usr/bin/cmake --install /home/jaegyun/slam_ws/build/simya_description
[1.117s] DEBUG:colcon.colcon_core.event_handler.log_command:Invoked command in '/home/jaegyun/slam_ws/build/ydlidar_ros2_driver' returned '0': CMAKE_PREFIX_PATH=${CMAKE_PREFIX_PATH}:/home/jaegyun/turtlebot3_ws/install/turtlebot3_teleop:/home/jaegyun/turtlebot3_ws/install/turtlebot3_example:/opt/ros/humble /usr/bin/cmake /home/jaegyun/slam_ws/src/ydlidar_ros2_driver -DAMENT_CMAKE_SYMLINK_INSTALL=1 -DCMAKE_INSTALL_PREFIX=/home/jaegyun/slam_ws/install/ydlidar_ros2_driver
[1.118s] DEBUG:colcon.colcon_core.event_handler.log_command:Invoking command in '/home/jaegyun/slam_ws/build/ydlidar_ros2_driver': CMAKE_PREFIX_PATH=${CMAKE_PREFIX_PATH}:/home/jaegyun/turtlebot3_ws/install/turtlebot3_teleop:/home/jaegyun/turtlebot3_ws/install/turtlebot3_example:/opt/ros/humble /usr/bin/cmake --build /home/jaegyun/slam_ws/build/ydlidar_ros2_driver -- -j24 -l24
[1.173s] DEBUG:colcon.colcon_core.event_handler.log_command:Invoked command in '/home/jaegyun/slam_ws/build/pwm_control' returned '0': CMAKE_PREFIX_PATH=${CMAKE_PREFIX_PATH}:/home/jaegyun/turtlebot3_ws/install/turtlebot3_teleop:/home/jaegyun/turtlebot3_ws/install/turtlebot3_example:/opt/ros/humble /usr/bin/cmake /home/jaegyun/slam_ws/src/pwm_control -DAMENT_CMAKE_SYMLINK_INSTALL=1 -DCMAKE_INSTALL_PREFIX=/home/jaegyun/slam_ws/install/pwm_control
[1.174s] DEBUG:colcon.colcon_core.event_handler.log_command:Invoking command in '/home/jaegyun/slam_ws/build/pwm_control': CMAKE_PREFIX_PATH=${CMAKE_PREFIX_PATH}:/home/jaegyun/turtlebot3_ws/install/turtlebot3_teleop:/home/jaegyun/turtlebot3_ws/install/turtlebot3_example:/opt/ros/humble /usr/bin/cmake --build /home/jaegyun/slam_ws/build/pwm_control -- -j24 -l24
[1.178s] DEBUG:colcon.colcon_core.event_handler.log_command:Invoked command in '/home/jaegyun/slam_ws/build/pid_control' returned '0': CMAKE_PREFIX_PATH=${CMAKE_PREFIX_PATH}:/home/jaegyun/turtlebot3_ws/install/turtlebot3_teleop:/home/jaegyun/turtlebot3_ws/install/turtlebot3_example:/opt/ros/humble /usr/bin/cmake /home/jaegyun/slam_ws/src/pid_control -DAMENT_CMAKE_SYMLINK_INSTALL=1 -DCMAKE_INSTALL_PREFIX=/home/jaegyun/slam_ws/install/pid_control
[1.178s] DEBUG:colcon.colcon_core.event_handler.log_command:Invoking command in '/home/jaegyun/slam_ws/build/pid_control': CMAKE_PREFIX_PATH=${CMAKE_PREFIX_PATH}:/home/jaegyun/turtlebot3_ws/install/turtlebot3_teleop:/home/jaegyun/turtlebot3_ws/install/turtlebot3_example:/opt/ros/humble /usr/bin/cmake --build /home/jaegyun/slam_ws/build/pid_control -- -j24 -l24
[1.236s] Level 1:colcon.colcon_core.environment:create_environment_scripts_only(simya_description)
[1.236s] DEBUG:colcon.colcon_core.event_handler.log_command:Invoked command in '/home/jaegyun/slam_ws/build/simya_description' returned '0': CMAKE_PREFIX_PATH=${CMAKE_PREFIX_PATH}:/home/jaegyun/turtlebot3_ws/install/turtlebot3_teleop:/home/jaegyun/turtlebot3_ws/install/turtlebot3_example:/opt/ros/humble /usr/bin/cmake --install /home/jaegyun/slam_ws/build/simya_description
[1.238s] Level 1:colcon.colcon_core.environment:checking '/home/jaegyun/slam_ws/install/simya_description' for CMake module files
[1.238s] Level 1:colcon.colcon_core.environment:checking '/home/jaegyun/slam_ws/install/simya_description' for CMake config files
[1.239s] Level 1:colcon.colcon_core.shell:create_environment_hook('simya_description', 'cmake_prefix_path')
[1.239s] INFO:colcon.colcon_core.shell:Creating environment hook '/home/jaegyun/slam_ws/install/simya_description/share/simya_description/hook/cmake_prefix_path.ps1'
[1.239s] INFO:colcon.colcon_core.shell:Creating environment descriptor '/home/jaegyun/slam_ws/install/simya_description/share/simya_description/hook/cmake_prefix_path.dsv'
[1.239s] INFO:colcon.colcon_core.shell:Creating environment hook '/home/jaegyun/slam_ws/install/simya_description/share/simya_description/hook/cmake_prefix_path.sh'
[1.240s] Level 1:colcon.colcon_core.environment:checking '/home/jaegyun/slam_ws/install/simya_description/bin'
[1.240s] Level 1:colcon.colcon_core.environment:checking '/home/jaegyun/slam_ws/install/simya_description/lib/pkgconfig/simya_description.pc'
[1.240s] Level 1:colcon.colcon_core.environment:checking '/home/jaegyun/slam_ws/install/simya_description/lib/python3.10/site-packages'
[1.240s] Level 1:colcon.colcon_core.environment:checking '/home/jaegyun/slam_ws/install/simya_description/bin'
[1.241s] INFO:colcon.colcon_core.shell:Creating package script '/home/jaegyun/slam_ws/install/simya_description/share/simya_description/package.ps1'
[1.241s] INFO:colcon.colcon_core.shell:Creating package descriptor '/home/jaegyun/slam_ws/install/simya_description/share/simya_description/package.dsv'
[1.241s] INFO:colcon.colcon_core.shell:Creating package script '/home/jaegyun/slam_ws/install/simya_description/share/simya_description/package.sh'
[1.242s] INFO:colcon.colcon_core.shell:Creating package script '/home/jaegyun/slam_ws/install/simya_description/share/simya_description/package.bash'
[1.242s] INFO:colcon.colcon_core.shell:Creating package script '/home/jaegyun/slam_ws/install/simya_description/share/simya_description/package.zsh'
[1.242s] Level 1:colcon.colcon_core.environment:create_file_with_runtime_dependencies(/home/jaegyun/slam_ws/install/simya_description/share/colcon-core/packages/simya_description)
[1.245s] DEBUG:colcon.colcon_core.event_handler.log_command:Invoked command in '/home/jaegyun/slam_ws/build/navi' returned '0': CMAKE_PREFIX_PATH=${CMAKE_PREFIX_PATH}:/home/jaegyun/turtlebot3_ws/install/turtlebot3_teleop:/home/jaegyun/turtlebot3_ws/install/turtlebot3_example:/opt/ros/humble /usr/bin/cmake /home/jaegyun/slam_ws/src/navi -DAMENT_CMAKE_SYMLINK_INSTALL=1 -DCMAKE_INSTALL_PREFIX=/home/jaegyun/slam_ws/install/navi
[1.246s] DEBUG:colcon.colcon_core.event_handler.log_command:Invoking command in '/home/jaegyun/slam_ws/build/navi': CMAKE_PREFIX_PATH=${CMAKE_PREFIX_PATH}:/home/jaegyun/turtlebot3_ws/install/turtlebot3_teleop:/home/jaegyun/turtlebot3_ws/install/turtlebot3_example:/opt/ros/humble /usr/bin/cmake --build /home/jaegyun/slam_ws/build/navi -- -j24 -l24
[1.257s] Level 1:colcon.colcon_core.environment:create_environment_scripts_only(simya_description)
[1.258s] Level 1:colcon.colcon_core.environment:checking '/home/jaegyun/slam_ws/install/simya_description' for CMake module files
[1.258s] Level 1:colcon.colcon_core.environment:checking '/home/jaegyun/slam_ws/install/simya_description' for CMake config files
[1.258s] Level 1:colcon.colcon_core.shell:create_environment_hook('simya_description', 'cmake_prefix_path')
[1.258s] INFO:colcon.colcon_core.shell:Creating environment hook '/home/jaegyun/slam_ws/install/simya_description/share/simya_description/hook/cmake_prefix_path.ps1'
[1.259s] INFO:colcon.colcon_core.shell:Creating environment descriptor '/home/jaegyun/slam_ws/install/simya_description/share/simya_description/hook/cmake_prefix_path.dsv'
[1.259s] INFO:colcon.colcon_core.shell:Creating environment hook '/home/jaegyun/slam_ws/install/simya_description/share/simya_description/hook/cmake_prefix_path.sh'
[1.259s] Level 1:colcon.colcon_core.environment:checking '/home/jaegyun/slam_ws/install/simya_description/bin'
[1.259s] Level 1:colcon.colcon_core.environment:checking '/home/jaegyun/slam_ws/install/simya_description/lib/pkgconfig/simya_description.pc'
[1.259s] Level 1:colcon.colcon_core.environment:checking '/home/jaegyun/slam_ws/install/simya_description/lib/python3.10/site-packages'
[1.260s] Level 1:colcon.colcon_core.environment:checking '/home/jaegyun/slam_ws/install/simya_description/bin'
[1.260s] INFO:colcon.colcon_core.shell:Creating package script '/home/jaegyun/slam_ws/install/simya_description/share/simya_description/package.ps1'
[1.260s] INFO:colcon.colcon_core.shell:Creating package descriptor '/home/jaegyun/slam_ws/install/simya_description/share/simya_description/package.dsv'
[1.260s] INFO:colcon.colcon_core.shell:Creating package script '/home/jaegyun/slam_ws/install/simya_description/share/simya_description/package.sh'
[1.261s] INFO:colcon.colcon_core.shell:Creating package script '/home/jaegyun/slam_ws/install/simya_description/share/simya_description/package.bash'
[1.261s] INFO:colcon.colcon_core.shell:Creating package script '/home/jaegyun/slam_ws/install/simya_description/share/simya_description/package.zsh'
[1.261s] Level 1:colcon.colcon_core.environment:create_file_with_runtime_dependencies(/home/jaegyun/slam_ws/install/simya_description/share/colcon-core/packages/simya_description)
[5.602s] DEBUG:colcon.colcon_core.event_handler.log_command:Invoked command in '/home/jaegyun/slam_ws/build/ydlidar_ros2_driver' returned '0': CMAKE_PREFIX_PATH=${CMAKE_PREFIX_PATH}:/home/jaegyun/turtlebot3_ws/install/turtlebot3_teleop:/home/jaegyun/turtlebot3_ws/install/turtlebot3_example:/opt/ros/humble /usr/bin/cmake --build /home/jaegyun/slam_ws/build/ydlidar_ros2_driver -- -j24 -l24
[5.624s] DEBUG:colcon.colcon_core.event_handler.log_command:Invoking command in '/home/jaegyun/slam_ws/build/ydlidar_ros2_driver': CMAKE_PREFIX_PATH=${CMAKE_PREFIX_PATH}:/home/jaegyun/turtlebot3_ws/install/turtlebot3_teleop:/home/jaegyun/turtlebot3_ws/install/turtlebot3_example:/opt/ros/humble /usr/bin/cmake --install /home/jaegyun/slam_ws/build/ydlidar_ros2_driver
[5.818s] Level 1:colcon.colcon_core.environment:create_environment_scripts_only(ydlidar_ros2_driver)
[5.818s] Level 1:colcon.colcon_core.environment:checking '/home/jaegyun/slam_ws/install/ydlidar_ros2_driver' for CMake module files
[5.818s] DEBUG:colcon.colcon_core.event_handler.log_command:Invoked command in '/home/jaegyun/slam_ws/build/ydlidar_ros2_driver' returned '0': CMAKE_PREFIX_PATH=${CMAKE_PREFIX_PATH}:/home/jaegyun/turtlebot3_ws/install/turtlebot3_teleop:/home/jaegyun/turtlebot3_ws/install/turtlebot3_example:/opt/ros/humble /usr/bin/cmake --install /home/jaegyun/slam_ws/build/ydlidar_ros2_driver
[5.818s] Level 1:colcon.colcon_core.environment:checking '/home/jaegyun/slam_ws/install/ydlidar_ros2_driver' for CMake config files
[5.819s] Level 1:colcon.colcon_core.shell:create_environment_hook('ydlidar_ros2_driver', 'cmake_prefix_path')
[5.819s] INFO:colcon.colcon_core.shell:Creating environment hook '/home/jaegyun/slam_ws/install/ydlidar_ros2_driver/share/ydlidar_ros2_driver/hook/cmake_prefix_path.ps1'
[5.819s] INFO:colcon.colcon_core.shell:Creating environment descriptor '/home/jaegyun/slam_ws/install/ydlidar_ros2_driver/share/ydlidar_ros2_driver/hook/cmake_prefix_path.dsv'
[5.819s] INFO:colcon.colcon_core.shell:Creating environment hook '/home/jaegyun/slam_ws/install/ydlidar_ros2_driver/share/ydlidar_ros2_driver/hook/cmake_prefix_path.sh'
[5.820s] Level 1:colcon.colcon_core.environment:checking '/home/jaegyun/slam_ws/install/ydlidar_ros2_driver/lib'
[5.820s] Level 1:colcon.colcon_core.environment:checking '/home/jaegyun/slam_ws/install/ydlidar_ros2_driver/bin'
[5.820s] Level 1:colcon.colcon_core.environment:checking '/home/jaegyun/slam_ws/install/ydlidar_ros2_driver/lib/pkgconfig/ydlidar_ros2_driver.pc'
[5.820s] Level 1:colcon.colcon_core.environment:checking '/home/jaegyun/slam_ws/install/ydlidar_ros2_driver/lib/python3.10/site-packages'
[5.820s] Level 1:colcon.colcon_core.environment:checking '/home/jaegyun/slam_ws/install/ydlidar_ros2_driver/bin'
[5.820s] INFO:colcon.colcon_core.shell:Creating package script '/home/jaegyun/slam_ws/install/ydlidar_ros2_driver/share/ydlidar_ros2_driver/package.ps1'
[5.820s] INFO:colcon.colcon_core.shell:Creating package descriptor '/home/jaegyun/slam_ws/install/ydlidar_ros2_driver/share/ydlidar_ros2_driver/package.dsv'
[5.821s] INFO:colcon.colcon_core.shell:Creating package script '/home/jaegyun/slam_ws/install/ydlidar_ros2_driver/share/ydlidar_ros2_driver/package.sh'
[5.821s] INFO:colcon.colcon_core.shell:Creating package script '/home/jaegyun/slam_ws/install/ydlidar_ros2_driver/share/ydlidar_ros2_driver/package.bash'
[5.821s] INFO:colcon.colcon_core.shell:Creating package script '/home/jaegyun/slam_ws/install/ydlidar_ros2_driver/share/ydlidar_ros2_driver/package.zsh'
[5.821s] Level 1:colcon.colcon_core.environment:create_file_with_runtime_dependencies(/home/jaegyun/slam_ws/install/ydlidar_ros2_driver/share/colcon-core/packages/ydlidar_ros2_driver)
[5.842s] Level 1:colcon.colcon_core.environment:create_environment_scripts_only(ydlidar_ros2_driver)
[5.842s] Level 1:colcon.colcon_core.environment:checking '/home/jaegyun/slam_ws/install/ydlidar_ros2_driver' for CMake module files
[5.843s] Level 1:colcon.colcon_core.environment:checking '/home/jaegyun/slam_ws/install/ydlidar_ros2_driver' for CMake config files
[5.843s] Level 1:colcon.colcon_core.shell:create_environment_hook('ydlidar_ros2_driver', 'cmake_prefix_path')
[5.843s] INFO:colcon.colcon_core.shell:Creating environment hook '/home/jaegyun/slam_ws/install/ydlidar_ros2_driver/share/ydlidar_ros2_driver/hook/cmake_prefix_path.ps1'
[5.843s] INFO:colcon.colcon_core.shell:Creating environment descriptor '/home/jaegyun/slam_ws/install/ydlidar_ros2_driver/share/ydlidar_ros2_driver/hook/cmake_prefix_path.dsv'
[5.844s] INFO:colcon.colcon_core.shell:Creating environment hook '/home/jaegyun/slam_ws/install/ydlidar_ros2_driver/share/ydlidar_ros2_driver/hook/cmake_prefix_path.sh'
[5.844s] Level 1:colcon.colcon_core.environment:checking '/home/jaegyun/slam_ws/install/ydlidar_ros2_driver/lib'
[5.844s] Level 1:colcon.colcon_core.environment:checking '/home/jaegyun/slam_ws/install/ydlidar_ros2_driver/bin'
[5.844s] Level 1:colcon.colcon_core.environment:checking '/home/jaegyun/slam_ws/install/ydlidar_ros2_driver/lib/pkgconfig/ydlidar_ros2_driver.pc'
[5.844s] Level 1:colcon.colcon_core.environment:checking '/home/jaegyun/slam_ws/install/ydlidar_ros2_driver/lib/python3.10/site-packages'
[5.844s] Level 1:colcon.colcon_core.environment:checking '/home/jaegyun/slam_ws/install/ydlidar_ros2_driver/bin'
[5.844s] INFO:colcon.colcon_core.shell:Creating package script '/home/jaegyun/slam_ws/install/ydlidar_ros2_driver/share/ydlidar_ros2_driver/package.ps1'
[5.845s] INFO:colcon.colcon_core.shell:Creating package descriptor '/home/jaegyun/slam_ws/install/ydlidar_ros2_driver/share/ydlidar_ros2_driver/package.dsv'
[5.845s] INFO:colcon.colcon_core.shell:Creating package script '/home/jaegyun/slam_ws/install/ydlidar_ros2_driver/share/ydlidar_ros2_driver/package.sh'
[5.845s] INFO:colcon.colcon_core.shell:Creating package script '/home/jaegyun/slam_ws/install/ydlidar_ros2_driver/share/ydlidar_ros2_driver/package.bash'
[5.845s] INFO:colcon.colcon_core.shell:Creating package script '/home/jaegyun/slam_ws/install/ydlidar_ros2_driver/share/ydlidar_ros2_driver/package.zsh'
[5.846s] Level 1:colcon.colcon_core.environment:create_file_with_runtime_dependencies(/home/jaegyun/slam_ws/install/ydlidar_ros2_driver/share/colcon-core/packages/ydlidar_ros2_driver)
[7.969s] DEBUG:colcon.colcon_core.event_handler.log_command:Invoked command in '/home/jaegyun/slam_ws/build/pid_control' returned '0': CMAKE_PREFIX_PATH=${CMAKE_PREFIX_PATH}:/home/jaegyun/turtlebot3_ws/install/turtlebot3_teleop:/home/jaegyun/turtlebot3_ws/install/turtlebot3_example:/opt/ros/humble /usr/bin/cmake --build /home/jaegyun/slam_ws/build/pid_control -- -j24 -l24
[7.996s] DEBUG:colcon.colcon_core.event_handler.log_command:Invoking command in '/home/jaegyun/slam_ws/build/pid_control': CMAKE_PREFIX_PATH=${CMAKE_PREFIX_PATH}:/home/jaegyun/turtlebot3_ws/install/turtlebot3_teleop:/home/jaegyun/turtlebot3_ws/install/turtlebot3_example:/opt/ros/humble /usr/bin/cmake --install /home/jaegyun/slam_ws/build/pid_control
[8.124s] Level 1:colcon.colcon_core.environment:create_environment_scripts_only(pid_control)
[8.124s] Level 1:colcon.colcon_core.environment:checking '/home/jaegyun/slam_ws/install/pid_control' for CMake module files
[8.125s] DEBUG:colcon.colcon_core.event_handler.log_command:Invoked command in '/home/jaegyun/slam_ws/build/pid_control' returned '0': CMAKE_PREFIX_PATH=${CMAKE_PREFIX_PATH}:/home/jaegyun/turtlebot3_ws/install/turtlebot3_teleop:/home/jaegyun/turtlebot3_ws/install/turtlebot3_example:/opt/ros/humble /usr/bin/cmake --install /home/jaegyun/slam_ws/build/pid_control
[8.125s] Level 1:colcon.colcon_core.environment:checking '/home/jaegyun/slam_ws/install/pid_control' for CMake config files
[8.125s] Level 1:colcon.colcon_core.shell:create_environment_hook('pid_control', 'cmake_prefix_path')
[8.125s] INFO:colcon.colcon_core.shell:Creating environment hook '/home/jaegyun/slam_ws/install/pid_control/share/pid_control/hook/cmake_prefix_path.ps1'
[8.126s] INFO:colcon.colcon_core.shell:Creating environment descriptor '/home/jaegyun/slam_ws/install/pid_control/share/pid_control/hook/cmake_prefix_path.dsv'
[8.126s] INFO:colcon.colcon_core.shell:Creating environment hook '/home/jaegyun/slam_ws/install/pid_control/share/pid_control/hook/cmake_prefix_path.sh'
[8.126s] Level 1:colcon.colcon_core.environment:checking '/home/jaegyun/slam_ws/install/pid_control/lib'
[8.126s] Level 1:colcon.colcon_core.environment:checking '/home/jaegyun/slam_ws/install/pid_control/bin'
[8.126s] Level 1:colcon.colcon_core.environment:checking '/home/jaegyun/slam_ws/install/pid_control/lib/pkgconfig/pid_control.pc'
[8.126s] Level 1:colcon.colcon_core.environment:checking '/home/jaegyun/slam_ws/install/pid_control/lib/python3.10/site-packages'
[8.126s] Level 1:colcon.colcon_core.environment:checking '/home/jaegyun/slam_ws/install/pid_control/bin'
[8.126s] INFO:colcon.colcon_core.shell:Creating package script '/home/jaegyun/slam_ws/install/pid_control/share/pid_control/package.ps1'
[8.127s] INFO:colcon.colcon_core.shell:Creating package descriptor '/home/jaegyun/slam_ws/install/pid_control/share/pid_control/package.dsv'
[8.127s] INFO:colcon.colcon_core.shell:Creating package script '/home/jaegyun/slam_ws/install/pid_control/share/pid_control/package.sh'
[8.127s] INFO:colcon.colcon_core.shell:Creating package script '/home/jaegyun/slam_ws/install/pid_control/share/pid_control/package.bash'
[8.127s] INFO:colcon.colcon_core.shell:Creating package script '/home/jaegyun/slam_ws/install/pid_control/share/pid_control/package.zsh'
[8.127s] Level 1:colcon.colcon_core.environment:create_file_with_runtime_dependencies(/home/jaegyun/slam_ws/install/pid_control/share/colcon-core/packages/pid_control)
[8.153s] Level 1:colcon.colcon_core.environment:create_environment_scripts_only(pid_control)
[8.153s] Level 1:colcon.colcon_core.environment:checking '/home/jaegyun/slam_ws/install/pid_control' for CMake module files
[8.153s] Level 1:colcon.colcon_core.environment:checking '/home/jaegyun/slam_ws/install/pid_control' for CMake config files
[8.153s] Level 1:colcon.colcon_core.shell:create_environment_hook('pid_control', 'cmake_prefix_path')
[8.154s] INFO:colcon.colcon_core.shell:Creating environment hook '/home/jaegyun/slam_ws/install/pid_control/share/pid_control/hook/cmake_prefix_path.ps1'
[8.154s] INFO:colcon.colcon_core.shell:Creating environment descriptor '/home/jaegyun/slam_ws/install/pid_control/share/pid_control/hook/cmake_prefix_path.dsv'
[8.154s] INFO:colcon.colcon_core.shell:Creating environment hook '/home/jaegyun/slam_ws/install/pid_control/share/pid_control/hook/cmake_prefix_path.sh'
[8.154s] Level 1:colcon.colcon_core.environment:checking '/home/jaegyun/slam_ws/install/pid_control/lib'
[8.154s] Level 1:colcon.colcon_core.environment:checking '/home/jaegyun/slam_ws/install/pid_control/bin'
[8.154s] Level 1:colcon.colcon_core.environment:checking '/home/jaegyun/slam_ws/install/pid_control/lib/pkgconfig/pid_control.pc'
[8.154s] Level 1:colcon.colcon_core.environment:checking '/home/jaegyun/slam_ws/install/pid_control/lib/python3.10/site-packages'
[8.154s] Level 1:colcon.colcon_core.environment:checking '/home/jaegyun/slam_ws/install/pid_control/bin'
[8.155s] INFO:colcon.colcon_core.shell:Creating package script '/home/jaegyun/slam_ws/install/pid_control/share/pid_control/package.ps1'
[8.155s] INFO:colcon.colcon_core.shell:Creating package descriptor '/home/jaegyun/slam_ws/install/pid_control/share/pid_control/package.dsv'
[8.155s] INFO:colcon.colcon_core.shell:Creating package script '/home/jaegyun/slam_ws/install/pid_control/share/pid_control/package.sh'
[8.155s] INFO:colcon.colcon_core.shell:Creating package script '/home/jaegyun/slam_ws/install/pid_control/share/pid_control/package.bash'
[8.155s] INFO:colcon.colcon_core.shell:Creating package script '/home/jaegyun/slam_ws/install/pid_control/share/pid_control/package.zsh'
[8.156s] Level 1:colcon.colcon_core.environment:create_file_with_runtime_dependencies(/home/jaegyun/slam_ws/install/pid_control/share/colcon-core/packages/pid_control)
[8.326s] DEBUG:colcon.colcon_core.event_handler.log_command:Invoked command in '/home/jaegyun/slam_ws/build/pwm_control' returned '0': CMAKE_PREFIX_PATH=${CMAKE_PREFIX_PATH}:/home/jaegyun/turtlebot3_ws/install/turtlebot3_teleop:/home/jaegyun/turtlebot3_ws/install/turtlebot3_example:/opt/ros/humble /usr/bin/cmake --build /home/jaegyun/slam_ws/build/pwm_control -- -j24 -l24
[8.346s] DEBUG:colcon.colcon_core.event_handler.log_command:Invoking command in '/home/jaegyun/slam_ws/build/pwm_control': CMAKE_PREFIX_PATH=${CMAKE_PREFIX_PATH}:/home/jaegyun/turtlebot3_ws/install/turtlebot3_teleop:/home/jaegyun/turtlebot3_ws/install/turtlebot3_example:/opt/ros/humble /usr/bin/cmake --install /home/jaegyun/slam_ws/build/pwm_control
[8.449s] Level 1:colcon.colcon_core.environment:create_environment_scripts_only(pwm_control)
[8.449s] Level 1:colcon.colcon_core.environment:checking '/home/jaegyun/slam_ws/install/pwm_control' for CMake module files
[8.450s] DEBUG:colcon.colcon_core.event_handler.log_command:Invoked command in '/home/jaegyun/slam_ws/build/pwm_control' returned '0': CMAKE_PREFIX_PATH=${CMAKE_PREFIX_PATH}:/home/jaegyun/turtlebot3_ws/install/turtlebot3_teleop:/home/jaegyun/turtlebot3_ws/install/turtlebot3_example:/opt/ros/humble /usr/bin/cmake --install /home/jaegyun/slam_ws/build/pwm_control
[8.450s] Level 1:colcon.colcon_core.environment:checking '/home/jaegyun/slam_ws/install/pwm_control' for CMake config files
[8.450s] Level 1:colcon.colcon_core.shell:create_environment_hook('pwm_control', 'cmake_prefix_path')
[8.450s] INFO:colcon.colcon_core.shell:Creating environment hook '/home/jaegyun/slam_ws/install/pwm_control/share/pwm_control/hook/cmake_prefix_path.ps1'
[8.451s] INFO:colcon.colcon_core.shell:Creating environment descriptor '/home/jaegyun/slam_ws/install/pwm_control/share/pwm_control/hook/cmake_prefix_path.dsv'
[8.451s] INFO:colcon.colcon_core.shell:Creating environment hook '/home/jaegyun/slam_ws/install/pwm_control/share/pwm_control/hook/cmake_prefix_path.sh'
[8.451s] Level 1:colcon.colcon_core.environment:checking '/home/jaegyun/slam_ws/install/pwm_control/lib'
[8.451s] Level 1:colcon.colcon_core.environment:checking '/home/jaegyun/slam_ws/install/pwm_control/bin'
[8.451s] Level 1:colcon.colcon_core.environment:checking '/home/jaegyun/slam_ws/install/pwm_control/lib/pkgconfig/pwm_control.pc'
[8.451s] Level 1:colcon.colcon_core.environment:checking '/home/jaegyun/slam_ws/install/pwm_control/lib/python3.10/site-packages'
[8.451s] Level 1:colcon.colcon_core.environment:checking '/home/jaegyun/slam_ws/install/pwm_control/bin'
[8.451s] INFO:colcon.colcon_core.shell:Creating package script '/home/jaegyun/slam_ws/install/pwm_control/share/pwm_control/package.ps1'
[8.451s] INFO:colcon.colcon_core.shell:Creating package descriptor '/home/jaegyun/slam_ws/install/pwm_control/share/pwm_control/package.dsv'
[8.452s] INFO:colcon.colcon_core.shell:Creating package script '/home/jaegyun/slam_ws/install/pwm_control/share/pwm_control/package.sh'
[8.452s] INFO:colcon.colcon_core.shell:Creating package script '/home/jaegyun/slam_ws/install/pwm_control/share/pwm_control/package.bash'
[8.452s] INFO:colcon.colcon_core.shell:Creating package script '/home/jaegyun/slam_ws/install/pwm_control/share/pwm_control/package.zsh'
[8.452s] Level 1:colcon.colcon_core.environment:create_file_with_runtime_dependencies(/home/jaegyun/slam_ws/install/pwm_control/share/colcon-core/packages/pwm_control)
[8.471s] Level 1:colcon.colcon_core.environment:create_environment_scripts_only(pwm_control)
[8.471s] Level 1:colcon.colcon_core.environment:checking '/home/jaegyun/slam_ws/install/pwm_control' for CMake module files
[8.471s] Level 1:colcon.colcon_core.environment:checking '/home/jaegyun/slam_ws/install/pwm_control' for CMake config files
[8.471s] Level 1:colcon.colcon_core.shell:create_environment_hook('pwm_control', 'cmake_prefix_path')
[8.471s] INFO:colcon.colcon_core.shell:Creating environment hook '/home/jaegyun/slam_ws/install/pwm_control/share/pwm_control/hook/cmake_prefix_path.ps1'
[8.471s] INFO:colcon.colcon_core.shell:Creating environment descriptor '/home/jaegyun/slam_ws/install/pwm_control/share/pwm_control/hook/cmake_prefix_path.dsv'
[8.472s] INFO:colcon.colcon_core.shell:Creating environment hook '/home/jaegyun/slam_ws/install/pwm_control/share/pwm_control/hook/cmake_prefix_path.sh'
[8.472s] Level 1:colcon.colcon_core.environment:checking '/home/jaegyun/slam_ws/install/pwm_control/lib'
[8.472s] Level 1:colcon.colcon_core.environment:checking '/home/jaegyun/slam_ws/install/pwm_control/bin'
[8.472s] Level 1:colcon.colcon_core.environment:checking '/home/jaegyun/slam_ws/install/pwm_control/lib/pkgconfig/pwm_control.pc'
[8.472s] Level 1:colcon.colcon_core.environment:checking '/home/jaegyun/slam_ws/install/pwm_control/lib/python3.10/site-packages'
[8.472s] Level 1:colcon.colcon_core.environment:checking '/home/jaegyun/slam_ws/install/pwm_control/bin'
[8.472s] INFO:colcon.colcon_core.shell:Creating package script '/home/jaegyun/slam_ws/install/pwm_control/share/pwm_control/package.ps1'
[8.473s] INFO:colcon.colcon_core.shell:Creating package descriptor '/home/jaegyun/slam_ws/install/pwm_control/share/pwm_control/package.dsv'
[8.473s] INFO:colcon.colcon_core.shell:Creating package script '/home/jaegyun/slam_ws/install/pwm_control/share/pwm_control/package.sh'
[8.473s] INFO:colcon.colcon_core.shell:Creating package script '/home/jaegyun/slam_ws/install/pwm_control/share/pwm_control/package.bash'
[8.473s] INFO:colcon.colcon_core.shell:Creating package script '/home/jaegyun/slam_ws/install/pwm_control/share/pwm_control/package.zsh'
[8.473s] Level 1:colcon.colcon_core.environment:create_file_with_runtime_dependencies(/home/jaegyun/slam_ws/install/pwm_control/share/colcon-core/packages/pwm_control)
[10.926s] DEBUG:colcon.colcon_core.event_handler.log_command:Invoked command in '/home/jaegyun/slam_ws/build/navi' returned '0': CMAKE_PREFIX_PATH=${CMAKE_PREFIX_PATH}:/home/jaegyun/turtlebot3_ws/install/turtlebot3_teleop:/home/jaegyun/turtlebot3_ws/install/turtlebot3_example:/opt/ros/humble /usr/bin/cmake --build /home/jaegyun/slam_ws/build/navi -- -j24 -l24
[10.944s] DEBUG:colcon.colcon_core.event_handler.log_command:Invoking command in '/home/jaegyun/slam_ws/build/navi': CMAKE_PREFIX_PATH=${CMAKE_PREFIX_PATH}:/home/jaegyun/turtlebot3_ws/install/turtlebot3_teleop:/home/jaegyun/turtlebot3_ws/install/turtlebot3_example:/opt/ros/humble /usr/bin/cmake --install /home/jaegyun/slam_ws/build/navi
[11.179s] Level 1:colcon.colcon_core.environment:create_environment_scripts_only(navi)
[11.179s] Level 1:colcon.colcon_core.environment:checking '/home/jaegyun/slam_ws/install/navi' for CMake module files
[11.179s] DEBUG:colcon.colcon_core.event_handler.log_command:Invoked command in '/home/jaegyun/slam_ws/build/navi' returned '0': CMAKE_PREFIX_PATH=${CMAKE_PREFIX_PATH}:/home/jaegyun/turtlebot3_ws/install/turtlebot3_teleop:/home/jaegyun/turtlebot3_ws/install/turtlebot3_example:/opt/ros/humble /usr/bin/cmake --install /home/jaegyun/slam_ws/build/navi
[11.179s] Level 1:colcon.colcon_core.environment:checking '/home/jaegyun/slam_ws/install/navi' for CMake config files
[11.180s] Level 1:colcon.colcon_core.shell:create_environment_hook('navi', 'cmake_prefix_path')
[11.180s] INFO:colcon.colcon_core.shell:Creating environment hook '/home/jaegyun/slam_ws/install/navi/share/navi/hook/cmake_prefix_path.ps1'
[11.180s] INFO:colcon.colcon_core.shell:Creating environment descriptor '/home/jaegyun/slam_ws/install/navi/share/navi/hook/cmake_prefix_path.dsv'
[11.180s] INFO:colcon.colcon_core.shell:Creating environment hook '/home/jaegyun/slam_ws/install/navi/share/navi/hook/cmake_prefix_path.sh'
[11.180s] Level 1:colcon.colcon_core.environment:checking '/home/jaegyun/slam_ws/install/navi/lib'
[11.180s] Level 1:colcon.colcon_core.environment:checking '/home/jaegyun/slam_ws/install/navi/bin'
[11.181s] Level 1:colcon.colcon_core.environment:checking '/home/jaegyun/slam_ws/install/navi/lib/pkgconfig/navi.pc'
[11.181s] Level 1:colcon.colcon_core.environment:checking '/home/jaegyun/slam_ws/install/navi/lib/python3.10/site-packages'
[11.181s] Level 1:colcon.colcon_core.environment:checking '/home/jaegyun/slam_ws/install/navi/bin'
[11.181s] INFO:colcon.colcon_core.shell:Creating package script '/home/jaegyun/slam_ws/install/navi/share/navi/package.ps1'
[11.181s] INFO:colcon.colcon_core.shell:Creating package descriptor '/home/jaegyun/slam_ws/install/navi/share/navi/package.dsv'
[11.181s] INFO:colcon.colcon_core.shell:Creating package script '/home/jaegyun/slam_ws/install/navi/share/navi/package.sh'
[11.181s] INFO:colcon.colcon_core.shell:Creating package script '/home/jaegyun/slam_ws/install/navi/share/navi/package.bash'
[11.181s] INFO:colcon.colcon_core.shell:Creating package script '/home/jaegyun/slam_ws/install/navi/share/navi/package.zsh'
[11.182s] Level 1:colcon.colcon_core.environment:create_file_with_runtime_dependencies(/home/jaegyun/slam_ws/install/navi/share/colcon-core/packages/navi)
[11.200s] Level 1:colcon.colcon_core.environment:create_environment_scripts_only(navi)
[11.200s] Level 1:colcon.colcon_core.environment:checking '/home/jaegyun/slam_ws/install/navi' for CMake module files
[11.200s] Level 1:colcon.colcon_core.environment:checking '/home/jaegyun/slam_ws/install/navi' for CMake config files
[11.201s] Level 1:colcon.colcon_core.shell:create_environment_hook('navi', 'cmake_prefix_path')
[11.201s] INFO:colcon.colcon_core.shell:Creating environment hook '/home/jaegyun/slam_ws/install/navi/share/navi/hook/cmake_prefix_path.ps1'
[11.201s] INFO:colcon.colcon_core.shell:Creating environment descriptor '/home/jaegyun/slam_ws/install/navi/share/navi/hook/cmake_prefix_path.dsv'
[11.201s] INFO:colcon.colcon_core.shell:Creating environment hook '/home/jaegyun/slam_ws/install/navi/share/navi/hook/cmake_prefix_path.sh'
[11.201s] Level 1:colcon.colcon_core.environment:checking '/home/jaegyun/slam_ws/install/navi/lib'
[11.201s] Level 1:colcon.colcon_core.environment:checking '/home/jaegyun/slam_ws/install/navi/bin'
[11.201s] Level 1:colcon.colcon_core.environment:checking '/home/jaegyun/slam_ws/install/navi/lib/pkgconfig/navi.pc'
[11.201s] Level 1:colcon.colcon_core.environment:checking '/home/jaegyun/slam_ws/install/navi/lib/python3.10/site-packages'
[11.201s] Level 1:colcon.colcon_core.environment:checking '/home/jaegyun/slam_ws/install/navi/bin'
[11.202s] INFO:colcon.colcon_core.shell:Creating package script '/home/jaegyun/slam_ws/install/navi/share/navi/package.ps1'
[11.202s] INFO:colcon.colcon_core.shell:Creating package descriptor '/home/jaegyun/slam_ws/install/navi/share/navi/package.dsv'
[11.202s] INFO:colcon.colcon_core.shell:Creating package script '/home/jaegyun/slam_ws/install/navi/share/navi/package.sh'
[11.202s] INFO:colcon.colcon_core.shell:Creating package script '/home/jaegyun/slam_ws/install/navi/share/navi/package.bash'
[11.202s] INFO:colcon.colcon_core.shell:Creating package script '/home/jaegyun/slam_ws/install/navi/share/navi/package.zsh'
[11.203s] Level 1:colcon.colcon_core.environment:create_file_with_runtime_dependencies(/home/jaegyun/slam_ws/install/navi/share/colcon-core/packages/navi)
[11.203s] DEBUG:colcon.colcon_parallel_executor.executor.parallel:closing loop
[11.203s] DEBUG:colcon.colcon_parallel_executor.executor.parallel:loop closed
[11.203s] DEBUG:colcon.colcon_parallel_executor.executor.parallel:run_until_complete finished with '0'
[11.203s] DEBUG:colcon.colcon_core.event_reactor:joining thread
[11.206s] INFO:colcon.colcon_core.plugin_system:Skipping extension 'colcon_notification.desktop_notification.terminal_notifier': Not used on non-Darwin systems
[11.206s] INFO:colcon.colcon_core.plugin_system:Skipping extension 'colcon_notification.desktop_notification.win32': Not used on non-Windows systems
[11.206s] INFO:colcon.colcon_notification.desktop_notification:Sending desktop notification using 'notify2'
[11.212s] DEBUG:colcon.colcon_core.event_reactor:joined thread
[11.212s] INFO:colcon.colcon_core.shell:Creating prefix script '/home/jaegyun/slam_ws/install/local_setup.ps1'
[11.212s] INFO:colcon.colcon_core.shell:Creating prefix util module '/home/jaegyun/slam_ws/install/_local_setup_util_ps1.py'
[11.213s] INFO:colcon.colcon_core.shell:Creating prefix chain script '/home/jaegyun/slam_ws/install/setup.ps1'
[11.213s] INFO:colcon.colcon_core.shell:Creating prefix script '/home/jaegyun/slam_ws/install/local_setup.sh'
[11.214s] INFO:colcon.colcon_core.shell:Creating prefix util module '/home/jaegyun/slam_ws/install/_local_setup_util_sh.py'
[11.214s] INFO:colcon.colcon_core.shell:Creating prefix chain script '/home/jaegyun/slam_ws/install/setup.sh'
[11.215s] INFO:colcon.colcon_core.shell:Creating prefix script '/home/jaegyun/slam_ws/install/local_setup.bash'
[11.215s] INFO:colcon.colcon_core.shell:Creating prefix chain script '/home/jaegyun/slam_ws/install/setup.bash'
[11.216s] INFO:colcon.colcon_core.shell:Creating prefix script '/home/jaegyun/slam_ws/install/local_setup.zsh'
[11.216s] INFO:colcon.colcon_core.shell:Creating prefix chain script '/home/jaegyun/slam_ws/install/setup.zsh'
